Command:	java -jar ~/ePMC/epmc-standard.jar  check --model-input-files /rwthfs/rz/cluster/home/tq429871/git/diss/benchmarking/models/pow/pow.prism --property-input-files /rwthfs/rz/cluster/home/tq429871/git/diss/benchmarking/models/pow/pow-Q0004K0000-RtRtRtachievability.props --const Q=4,K=0 --graphsolver-iterative-stop-criterion absolute --graphsolver-iterative-tolerance 1e-6
Wallclock time:	2.516739845275879
Return code:	0
Output:
Running EPMC revision b1ba8abf9f52c05f23421efb1abd1be7618f426d
Assertions are disabled. In case of incorrect results or otherwise strange behaviour, please run the JVM with "-ea" parameter.
Starting to parse PRISM model...
Done parsing PRISM model
Starting model checking...
Analysing property RtRtRt
Starting to compute JANI explorer...
Starting to build initial states of JANI explorer...
Done building initial states of JANI explorer
Done building JANI explorer
Starting to build model...
Building model done. 2,120 states. Time for model exploration: 0 seconds.
Starting multi-objective model checking for property multi(R{"power"}<=110.00010967000001 [ C ], R{"lost"}<=1.0427134886300002 [ C ], R{"queue"}<=1561.4945984 [ C ])...
Starting to normalise formula...
Done normalising formula.
Starting to evaluate nested properties of multi-objective property...
Done evaluating nested properties of multi-objective property.
Starting to build product of model and properties automata...
Computing Büchi automaton for original property...
Done computing Büchi automaton, is deterministic and has 1 labels and 1 states.
Computing Büchi automaton for original property...
Done computing Büchi automaton, is deterministic and has 1 labels and 1 states.
Computing Büchi automaton for original property...
Done computing Büchi automaton, is deterministic and has 1 labels and 1 states.
Done building product of model and properties automata.
Starting main loop of multi-objective solver...
Property is qualitative.
Starting main loop iteration number 1...
Starting iteration...
Done. Did 14,352 iterations in 0 seconds.
Starting iteration...
Done. Did 5 iterations in 0 seconds.
Starting iteration...
Done. Did 5 iterations in 0 seconds.
Starting iteration...
Done. Did 5 iterations in 0 seconds.
Done main loop iteration number 1.
Starting main loop iteration number 2...
Done main loop iteration number 2.
Done main loop of multi-objective solver.
Done multi-objective model checking for property multi(R{"power"}<=110.00010967000001 [ C ], R{"lost"}<=1.0427134886300002 [ C ], R{"queue"}<=1561.4945984 [ C ]).
Finished model checking. Time required: 1 seconds
RtRtRt: true

##############################Output to stderr##############################
Picked up JAVA_TOOL_OPTIONS: -Xmx30g -Xss1g


############################## Notes ##############################
EPMC default settings. Check achievability objectives.
