Command:	java -jar ~/ePMC/epmc-standard.jar  check --model-input-files /rwthfs/rz/cluster/home/tq429871/git/diss/benchmarking/models/frw/frw.prism --property-input-files /rwthfs/rz/cluster/home/tq429871/git/diss/benchmarking/models/frw/frw-B00500Unf1-PfPfachievability.props --const B=500,Unf=1,delay=36 --graphsolver-iterative-stop-criterion absolute --graphsolver-iterative-tolerance 1e-6
Wallclock time:	46.347084760665894
Return code:	0
Output:
Running EPMC revision b1ba8abf9f52c05f23421efb1abd1be7618f426d
Assertions are disabled. In case of incorrect results or otherwise strange behaviour, please run the JVM with "-ea" parameter.
Starting to parse PRISM model...
Done parsing PRISM model
Starting model checking...
Analysing property PfPf
Starting to compute JANI explorer...
Starting to build initial states of JANI explorer...
Done building initial states of JANI explorer
Done building JANI explorer
Starting to build model...
Current number of states: 90,975; states/second: 90,975
Current number of states: 197,232; states/second: 106,254
Current number of states: 323,313; states/second: 126,083
Current number of states: 415,000; states/second: 91,686
Current number of states: 544,357; states/second: 129,357
Building model done. 666,557 states. Time for model exploration: 5 seconds.
Starting multi-objective model checking for property multi(P<=0.803125[F !"timeExceeded" & "done"], P<=0.99912109375 [F !"rndsExceeded" & "done"])...
Starting to normalise formula...
Done normalising formula.
Starting to evaluate nested properties of multi-objective property...
Done evaluating nested properties of multi-objective property.
Starting to build product of model and properties automata...
Computing B端chi automaton for original property...
Done computing B端chi automaton, is deterministic and has 1 labels and 2 states.
Computing B端chi automaton for original property...
Done computing B端chi automaton, is deterministic and has 1 labels and 2 states.
Done building product of model and properties automata.
Starting main loop of multi-objective solver...
Property is qualitative.
Starting main loop iteration number 1...
Starting iteration...
Done. Did 1,752 iterations in 6 seconds.
Starting iteration...
Done. Did 1,752 iterations in 8 seconds.
Starting iteration...
Done. Did 1,752 iterations in 8 seconds.
Done main loop iteration number 1.
Starting main loop iteration number 2...
Done main loop iteration number 2.
Done main loop of multi-objective solver.
Done multi-objective model checking for property multi(P<=0.803125[F !"timeExceeded" & "done"], P<=0.99912109375 [F !"rndsExceeded" & "done"]).
Finished model checking. Time required: 45 seconds
PfPf: true

##############################Output to stderr##############################
Picked up JAVA_TOOL_OPTIONS: -Xmx30g -Xss1g


############################## Notes ##############################
EPMC default settings. Check achievability objectives.
