Command:	java -jar ~/ePMC/epmc-standard.jar  check --model-input-files /rwthfs/rz/cluster/home/tq429871/git/diss/benchmarking/models/srv/srv.prism --property-input-files /rwthfs/rz/cluster/home/tq429871/git/diss/benchmarking/models/srv/srv-B000Unf0-RtRtachievability.props --const B=0,Unf=0 --graphsolver-iterative-stop-criterion absolute --graphsolver-iterative-tolerance 1e-6
Wallclock time:	3.5061416625976562
Return code:	0
Output:
Running EPMC revision b1ba8abf9f52c05f23421efb1abd1be7618f426d
Assertions are disabled. In case of incorrect results or otherwise strange behaviour, please run the JVM with "-ea" parameter.
Starting to parse PRISM model...
Done parsing PRISM model
Starting model checking...
Analysing property RtRt
Starting to compute JANI explorer...
Starting to build initial states of JANI explorer...
Done building initial states of JANI explorer
Done building JANI explorer
Starting to build model...
Current number of states: 37,817; states/second: 37,816
Building model done. 47,296 states. Time for model exploration: 1 seconds.
Starting multi-objective model checking for property multi(R{"time"}<=65.95600297 [C], R{"interaction"}>=3.6 [C])...
Starting to normalise formula...
Done normalising formula.
Starting to evaluate nested properties of multi-objective property...
Done evaluating nested properties of multi-objective property.
Starting to build product of model and properties automata...
Computing B端chi automaton for original property...
Done computing B端chi automaton, is deterministic and has 1 labels and 1 states.
Computing B端chi automaton for original property...
Done computing B端chi automaton, is deterministic and has 1 labels and 1 states.
Done building product of model and properties automata.
Starting main loop of multi-objective solver...
Property is qualitative.
Starting main loop iteration number 1...
Starting iteration...
Done. Did 3 iterations in 0 seconds.
Starting iteration...
Done. Did 3 iterations in 0 seconds.
Starting iteration...
Done. Did 3 iterations in 0 seconds.
Done main loop iteration number 1.
Starting main loop iteration number 2...
Starting iteration...
Done. Did 16 iterations in 0 seconds.
Starting iteration...
Done. Did 17 iterations in 0 seconds.
Starting iteration...
Done. Did 17 iterations in 0 seconds.
Done main loop iteration number 2.
Starting main loop iteration number 3...
Done main loop iteration number 3.
Done main loop of multi-objective solver.
Done multi-objective model checking for property multi(R{"time"}<=65.95600297 [C], R{"interaction"}>=3.6 [C]).
Finished model checking. Time required: 2 seconds
RtRt: true

##############################Output to stderr##############################
Picked up JAVA_TOOL_OPTIONS: -Xmx30g -Xss1g


############################## Notes ##############################
EPMC default settings. Check achievability objectives.
