Command:	java -jar ~/ePMC/epmc-standard.jar  check --model-input-files /rwthfs/rz/cluster/home/tq429871/git/diss/benchmarking/models/ejs/ejs5.prism --property-input-files /rwthfs/rz/cluster/home/tq429871/git/diss/benchmarking/models/ejs/ejs-N5B008Unf3-PfPfachievability.props --const B=8,Unf=3 --graphsolver-iterative-stop-criterion absolute --graphsolver-iterative-tolerance 1e-6
Wallclock time:	345.3262619972229
Return code:	1
Output:
Running EPMC revision b1ba8abf9f52c05f23421efb1abd1be7618f426d
Assertions are disabled. In case of incorrect results or otherwise strange behaviour, please run the JVM with "-ea" parameter.
Starting to parse PRISM model...
Done parsing PRISM model
Starting model checking...
Analysing property PfPf

##############################Output to stderr##############################
Picked up JAVA_TOOL_OPTIONS: -Xmx30g -Xss1g
Exception in thread "main" java.lang.OutOfMemoryError: Java heap space
	at java.base/java.util.ArrayList.grow(ArrayList.java:239)
	at java.base/java.util.ArrayList.addAll(ArrayList.java:678)
	at epmc.expression.standard.ExpressionOperator.<init>(ExpressionOperator.java:101)
	at epmc.expression.standard.ExpressionOperator$Builder.build(ExpressionOperator.java:75)
	at epmc.expression.standard.ExpressionOperator.replaceChildren(ExpressionOperator.java:138)
	at epmc.prism.model.convert.PRISM2JANIConverter.prism2jani(PRISM2JANIConverter.java:939)
	at epmc.prism.model.convert.PRISM2JANIConverter.prism2jani(PRISM2JANIConverter.java:885)
	at epmc.prism.model.convert.PRISM2JANIConverter.prism2jani(PRISM2JANIConverter.java:937)
	at epmc.prism.model.convert.PRISM2JANIConverter.prism2jani(PRISM2JANIConverter.java:885)
	at epmc.prism.model.convert.PRISM2JANIConverter.prism2jani(PRISM2JANIConverter.java:937)
	at epmc.prism.model.convert.PRISM2JANIConverter.prism2jani(PRISM2JANIConverter.java:885)
	at epmc.prism.model.convert.PRISM2JANIConverter.prism2jani(PRISM2JANIConverter.java:937)
	at epmc.prism.model.convert.PRISM2JANIConverter.prism2jani(PRISM2JANIConverter.java:885)
	at epmc.prism.model.convert.PRISM2JANIConverter.prism2jani(PRISM2JANIConverter.java:937)
	at epmc.prism.model.convert.PRISM2JANIConverter.prism2jani(PRISM2JANIConverter.java:885)
	at epmc.prism.model.convert.PRISM2JANIConverter.prism2jani(PRISM2JANIConverter.java:937)
	at epmc.prism.model.convert.PRISM2JANIConverter.prism2jani(PRISM2JANIConverter.java:885)
	at epmc.prism.model.convert.PRISM2JANIConverter.prism2jani(PRISM2JANIConverter.java:937)
	at epmc.prism.model.convert.PRISM2JANIConverter.prism2jani(PRISM2JANIConverter.java:885)
	at epmc.prism.model.convert.PRISM2JANIConverter.moduleToAutomaton(PRISM2JANIConverter.java:862)
	at epmc.prism.model.convert.PRISM2JANIConverter.computeAutomata(PRISM2JANIConverter.java:662)
	at epmc.prism.model.convert.PRISM2JANIConverter.convert(PRISM2JANIConverter.java:228)
	at epmc.prism.model.LowLevelPRISMBuilder.toJANI(LowLevelPRISMBuilder.java:80)
	at epmc.prism.model.LowLevelPRISMBuilder.build(LowLevelPRISMBuilder.java:93)
	at epmc.modelchecker.UtilModelChecker.buildLowLevel(UtilModelChecker.java:150)
	at epmc.modelchecker.UtilModelChecker.buildLowLevel(UtilModelChecker.java:169)
	at epmc.modelchecker.ModelChecker.prepareLowLevel(ModelChecker.java:222)
	at epmc.modelchecker.ModelChecker.checkProperty(ModelChecker.java:247)
	at epmc.modelchecker.ModelChecker.check(ModelChecker.java:192)
	at epmc.command.CommandTaskCheck.executeInServer(CommandTaskCheck.java:64)
	at epmc.jani.interaction.Analyse.execute(Analyse.java:111)
	at epmc.jani.interaction.commandline.StartInConsoleJaniInteractionNoJani.execute(StartInConsoleJaniInteractionNoJani.java:91)


############################## Notes ##############################
EPMC default settings. Check achievability objectives.
