Command:	java -jar ~/ePMC/epmc-standard.jar  check --model-input-files /rwthfs/rz/cluster/home/tq429871/git/diss/benchmarking/models/ejs/ejs2.prism --property-input-files /rwthfs/rz/cluster/home/tq429871/git/diss/benchmarking/models/ejs/ejs-N2B003Unf1-RtRtachievability.props --const B=3,Unf=1 --graphsolver-iterative-stop-criterion absolute --graphsolver-iterative-tolerance 1e-6
Wallclock time:	2.5455119609832764
Return code:	0
Output:
Running EPMC revision b1ba8abf9f52c05f23421efb1abd1be7618f426d
Assertions are disabled. In case of incorrect results or otherwise strange behaviour, please run the JVM with "-ea" parameter.
Starting to parse PRISM model...
Done parsing PRISM model
Starting model checking...
Analysing property RtRt
Starting to compute JANI explorer...
Starting to build initial states of JANI explorer...
Done building initial states of JANI explorer
Done building JANI explorer
Starting to build model...
Building model done. 953 states. Time for model exploration: 0 seconds.
Starting multi-objective model checking for property multi(R{"energyGlobal"}<=112.76642113 [C], R{"ticks"}<=21.646913585000004 [C])...
Starting to normalise formula...
Done normalising formula.
Starting to evaluate nested properties of multi-objective property...
Done evaluating nested properties of multi-objective property.
Starting to build product of model and properties automata...
Computing B端chi automaton for original property...
Done computing B端chi automaton, is deterministic and has 1 labels and 1 states.
Computing B端chi automaton for original property...
Done computing B端chi automaton, is deterministic and has 1 labels and 1 states.
Done building product of model and properties automata.
Starting main loop of multi-objective solver...
Property is qualitative.
Starting main loop iteration number 1...
Starting iteration...
Done. Did 29 iterations in 0 seconds.
Starting iteration...
Done. Did 29 iterations in 0 seconds.
Starting iteration...
Done. Did 29 iterations in 0 seconds.
Done main loop iteration number 1.
Starting main loop iteration number 2...
Done main loop iteration number 2.
Done main loop of multi-objective solver.
Done multi-objective model checking for property multi(R{"energyGlobal"}<=112.76642113 [C], R{"ticks"}<=21.646913585000004 [C]).
Finished model checking. Time required: 1 seconds
RtRt: true

##############################Output to stderr##############################
Picked up JAVA_TOOL_OPTIONS: -Xmx30g -Xss1g


############################## Notes ##############################
EPMC default settings. Check achievability objectives.
