Command:	~/multigain/bin/prism  /rwthfs/rz/cluster/home/tq429871/git/diss/benchmarking/models/sen/sen4.prism /rwthfs/rz/cluster/home/tq429871/git/diss/benchmarking/models/sen/sen-N4-LrLrLrachievability.props -paretoepsilon 0.0001 -ex -gurobi -absolute
Wallclock time:	7200.078475236893
Return code:	None
Output:
MultiGain1.0.2
Date: Mon Dec 19 09:39:58 GMT+01:00 2022
Hostname: nihm021.hpc.itc.rwth-aachen.de
Command line: prism /rwthfs/rz/cluster/home/tq429871/git/diss/benchmarking/models/sen/sen4.prism /rwthfs/rz/cluster/home/tq429871/git/diss/benchmarking/models/sen/sen-N4-LrLrLrachievability.props -paretoepsilon 0.0001 -ex -gurobi -absolute

Parsing model file "/rwthfs/rz/cluster/home/tq429871/git/diss/benchmarking/models/sen/sen4.prism"...

Parsing properties file "/rwthfs/rz/cluster/home/tq429871/git/diss/benchmarking/models/sen/sen-N4-LrLrLrachievability.props"...

1 property:
(1) "LrLrLr": multi(R{"working"}>=0.56249999604 [ S ], R{"success"}>=0.89856000873 [ S ], R{"failure"}>=0.044697610143000006 [ S ])

Type:        MDP
Modules:     sensor1 sensor2 sensor3 sensor4 channel proc 
Variables:   y1 msg1 y2 msg2 y3 msg3 y4 msg4 c who what cb1 cb2 cbs x count 

---------------------------------------------------------------------

Model checking: "LrLrLr": multi(R{"working"}>=0.56249999604 [ S ], R{"success"}>=0.89856000873 [ S ], R{"failure"}>=0.044697610143000006 [ S ])

Building model...

Computing reachable states... 236681 488896 572452Computing end components.
 states
Reachable states exploration and model construction done in 6.815 secs.
Sorting reachable states list...

Time for model construction: 7.899 seconds.

Type:        MDP
States:      572452 (1 initial)
Transitions: 2547556
Choices:     2391236
Max/avg:     10/4.18

##############################Output to stderr##############################
Picked up JAVA_TOOL_OPTIONS: -Xmx30g -Xss1g


----------
Computation aborted after 7200.078475236893 seconds since the total time limit of 7200 seconds was exceeded.

############################## Notes ##############################
MultiGain default settings.. Achievability queries
