Command:	~/multigain/bin/prism  /rwthfs/rz/cluster/home/tq429871/git/diss/benchmarking/models/phi/phi4.prism /rwthfs/rz/cluster/home/tq429871/git/diss/benchmarking/models/phi/phi-N4-LrLrachievability.props -paretoepsilon 0.0001 -ex -gurobi -absolute
Wallclock time:	19.709036588668823
Return code:	0
Output:
MultiGain1.0.2
Date: Mon Dec 19 09:39:58 GMT+01:00 2022
Hostname: nihm017.hpc.itc.rwth-aachen.de
Command line: prism /rwthfs/rz/cluster/home/tq429871/git/diss/benchmarking/models/phi/phi4.prism /rwthfs/rz/cluster/home/tq429871/git/diss/benchmarking/models/phi/phi-N4-LrLrachievability.props -paretoepsilon 0.0001 -ex -gurobi -absolute

Parsing model file "/rwthfs/rz/cluster/home/tq429871/git/diss/benchmarking/models/phi/phi4.prism"...

Parsing properties file "/rwthfs/rz/cluster/home/tq429871/git/diss/benchmarking/models/phi/phi-N4-LrLrachievability.props"...

1 property:
(1) "LrLr": multi(R{"think"}>=2.8285714233 [ S ], R{"eat"}>=1.2857142861 [ S ])

Type:        MDP
Modules:     phil1 phil2 phil3 phil4 
Variables:   p1 p2 p3 p4 

---------------------------------------------------------------------

Model checking: "LrLr": multi(R{"think"}>=2.8285714233 [ S ], R{"eat"}>=1.2857142861 [ S ])

Building model...

Computing reachable states... 9440Computing end components.
Finished computing end components.
 states
Reachable states exploration and model construction done in 0.179 secs.
Sorting reachable states list...

Time for model construction: 0.264 seconds.

Type:        MDP
States:      9440 (1 initial)
Transitions: 40120
Choices:     35464
Max/avg:     6/3.76
Set parameter TSPort to value 50039
Set parameter TokenServer to value "license6.itc.rwth-aachen.de"
Set parameter IntFeasTol to value 1e-08
Set parameter DualReductions to value 0
Set parameter Method to value 1
LP problem construction finished in 0.383 s.
Gurobi Optimizer version 9.5.0 build v9.5.0rc5 (linux64)
Thread count: 48 physical cores, 48 logical processors, using up to 32 threads
Optimize a model with 18884 rows, 80368 columns and 242508 nonzeros
Model fingerprint: 0x40d6c58b
Coefficient statistics:
  Matrix range     [5e-01, 4e+00]
  Objective range  [0e+00, 0e+00]
  Bounds range     [1e+00, 1e+00]
  RHS range        [1e+00, 3e+00]
Presolve removed 122 rows and 120 columns
Presolve time: 0.15s
Presolved: 18762 rows, 80248 columns, 232808 nonzeros

Iteration    Objective       Primal Inf.    Dual Inf.      Time
       0    0.0000000e+00   1.412500e+00   0.000000e+00      0s
    6444    9.9024738e-06   5.420779e+00   0.000000e+00      5s
Iteration    Objective       Primal Inf.    Dual Inf.      Time
    7006    0.0000000e+00   1.475000e+00   0.000000e+00      5s
   11394    6.6703459e-06   4.364594e-01   0.000000e+00     10s
   15534    2.8316234e-05   4.089575e+00   0.000000e+00     15s

Solved in 18443 iterations and 18.02 seconds (27.30 work units)
Infeasible model
LP solving took 18.036 s.

Number of states satisfying multi(R{"think"}>=2.8285714233 [ S ], R{"eat"}>=1.2857142861 [ S ]): 0

Property satisfied in 0 of 1 initial states.

Time for model checking: 18.502 seconds.

Result: false (property not satisfied in the initial state)


##############################Output to stderr##############################
Picked up JAVA_TOOL_OPTIONS: -Xmx30g -Xss1g


############################## Notes ##############################
MultiGain default settings.. Achievability queries
