Command:	~/multigain/bin/prism  /rwthfs/rz/cluster/home/tq429871/git/diss/benchmarking/models/phi/phi5.prism /rwthfs/rz/cluster/home/tq429871/git/diss/benchmarking/models/phi/phi-N5-LrLrachievability.props -paretoepsilon 0.0001 -ex -gurobi -absolute
Wallclock time:	2682.287799835205
Return code:	0
Output:
MultiGain1.0.2
Date: Mon Dec 19 09:39:58 GMT+01:00 2022
Hostname: nihm018.hpc.itc.rwth-aachen.de
Command line: prism /rwthfs/rz/cluster/home/tq429871/git/diss/benchmarking/models/phi/phi5.prism /rwthfs/rz/cluster/home/tq429871/git/diss/benchmarking/models/phi/phi-N5-LrLrachievability.props -paretoepsilon 0.0001 -ex -gurobi -absolute

Parsing model file "/rwthfs/rz/cluster/home/tq429871/git/diss/benchmarking/models/phi/phi5.prism"...

Parsing properties file "/rwthfs/rz/cluster/home/tq429871/git/diss/benchmarking/models/phi/phi-N5-LrLrachievability.props"...

1 property:
(1) "LrLr": multi(R{"think"}>=3.7285714233 [ S ], R{"eat"}>=1.7181817902 [ S ])

Type:        MDP
Modules:     phil1 phil2 phil3 phil4 phil5 
Variables:   p1 p2 p3 p4 p5 

---------------------------------------------------------------------

Model checking: "LrLr": multi(R{"think"}>=3.7285714233 [ S ], R{"eat"}>=1.7181817902 [ S ])

Building model...

Computing reachable states... 93068Computing end components.
Finished computing end components.
 states
Reachable states exploration and model construction done in 0.883 secs.
Sorting reachable states list...

Time for model construction: 1.15 seconds.

Type:        MDP
States:      93068 (1 initial)
Transitions: 494420
Choices:     437050
Max/avg:     7/4.70
Set parameter TSPort to value 50039
Set parameter TokenServer to value "license6.itc.rwth-aachen.de"
Set parameter IntFeasTol to value 1e-08
Set parameter DualReductions to value 0
Set parameter Method to value 1
LP problem construction finished in 3.2 s.
Gurobi Optimizer version 9.5.0 build v9.5.0rc5 (linux64)
Thread count: 48 physical cores, 48 logical processors, using up to 32 threads
Optimize a model with 186140 rows, 967168 columns and 2976729 nonzeros
Model fingerprint: 0x14bbd640
Coefficient statistics:
  Matrix range     [5e-01, 5e+00]
  Objective range  [0e+00, 0e+00]
  Bounds range     [1e+00, 1e+00]
  RHS range        [1e+00, 4e+00]
Presolve removed 191 rows and 190 columns
Presolve time: 3.12s
Presolved: 185949 rows, 966978 columns, 2883279 nonzeros

Iteration    Objective       Primal Inf.    Dual Inf.      Time
       0    0.0000000e+00   6.938312e-01   0.000000e+00      5s
     130    1.3264973e-08   5.030579e-01   0.000000e+00      5s
    1453    4.0925198e-07   7.755596e-01   0.000000e+00     11s
    2373    8.4648085e-07   1.973507e+00   0.000000e+00     15s
    3153    1.2071442e-06   9.664025e-02   0.000000e+00     20s
    3993    1.6885476e-06   1.218111e-01   0.000000e+00     26s
    4683    1.8673365e-06   1.133300e-01   0.000000e+00     31s
    5223    1.9928944e-06   1.424025e+00   0.000000e+00     35s
    5913    2.1609901e-06   1.925826e-01   0.000000e+00     41s
    6523    2.2958417e-06   8.101226e-02   0.000000e+00     46s
    7103    2.4331514e-06   3.720273e-01   0.000000e+00     50s
    7803    2.6210045e-06   1.400449e-01   0.000000e+00     56s
    8363    2.7768782e-06   1.059443e-01   0.000000e+00     60s
    9033    3.0094876e-06   2.776923e+00   0.000000e+00     65s
    9823    3.3369420e-06   9.621832e-01   0.000000e+00     71s
   10543    3.7239037e-06   1.267645e+00   0.000000e+00     75s
   11143    4.0818976e-06   3.186792e+00   0.000000e+00     80s
   11733    4.4072326e-06   4.491736e+00   0.000000e+00     85s
   12453    4.7841663e-06   1.043682e+00   0.000000e+00     91s
   13053    5.0614963e-06   1.279130e+00   0.000000e+00     96s
   13653    5.3561320e-06   1.248847e+00   0.000000e+00    101s
   14253    5.6573211e-06   7.796821e-01   0.000000e+00    106s
   14853    5.9282512e-06   8.567079e-01   0.000000e+00    111s
   15453    6.2169624e-06   1.522882e+00   0.000000e+00    116s
   16053    6.4915046e-06   1.862958e+00   0.000000e+00    121s
   16653    6.7589411e-06   1.479163e+00   0.000000e+00    125s
   17253    7.0773495e-06   8.604835e-01   0.000000e+00    130s
   17853    7.4453457e-06   2.573353e+00   0.000000e+00    135s
   18453    7.8195680e-06   6.562550e-01   0.000000e+00    140s
   19053    8.1521196e-06   2.880018e+00   0.000000e+00    145s
   19773    8.6355175e-06   6.955544e-01   0.000000e+00    151s
   20373    9.1265969e-06   7.265217e-01   0.000000e+00    156s
   20973    9.6046282e-06   7.233766e-01   0.000000e+00    161s
   21573    1.0069094e-05   7.233766e-01   0.000000e+00    165s
   22173    1.0608444e-05   8.137987e-01   0.000000e+00    170s
   22893    1.1328116e-05   4.049865e+00   0.000000e+00    176s
   23493    1.1796159e-05   8.536970e-01   0.000000e+00    181s
   24093    1.2324445e-05   1.661833e+00   0.000000e+00    185s
   24693    1.2935116e-05   4.808234e+00   0.000000e+00    190s
   25413    1.3739884e-05   1.066919e+00   0.000000e+00    196s
   26013    1.4480521e-05   1.954343e+00   0.000000e+00    201s
   26613    1.5326859e-05   9.732799e-01   0.000000e+00    206s
   27213    1.6124714e-05   2.593705e+00   0.000000e+00    211s
   27813    1.6950646e-05   1.128773e+00   0.000000e+00    216s
   28413    1.7893023e-05   1.276424e+00   0.000000e+00    220s
   29013    1.8925419e-05   1.833866e+00   0.000000e+00    225s
   29613    1.9965304e-05   1.191336e+00   0.000000e+00    230s
   30333    2.1094126e-05   1.138961e+00   0.000000e+00    236s
   30933    2.2200572e-05   1.996104e+00   0.000000e+00    241s
   31533    2.3226489e-05   3.018182e+00   0.000000e+00    246s
   32133    2.4391726e-05   4.725031e+00   0.000000e+00    250s
   32743    2.5684790e-05   1.138961e+00   0.000000e+00    255s
   33413    2.7114547e-05   5.496104e+00   0.000000e+00    260s
   34083    2.9016603e-05   2.769202e+00   0.000000e+00    265s
   34743    3.1112037e-05   1.996104e+00   0.000000e+00    270s
   35433    3.3545037e-05   1.833333e+00   0.000000e+00    275s
   36203    3.6685435e-05   3.538341e+00   0.000000e+00    281s
   36883    3.9669760e-05   6.252664e+00   0.000000e+00    285s
   37573    4.3790766e-05   4.728247e+00   0.000000e+00    290s
   38403    4.9524663e-05   7.891304e+00   0.000000e+00    296s
   39123    5.5524084e-05   1.604556e+00   0.000000e+00    300s
   39843    6.3262546e-05   4.766603e+00   0.000000e+00    305s
   40563    7.0823311e-05   3.098864e+00   0.000000e+00    310s
   41403    8.6321003e-05   5.480178e+00   0.000000e+00    316s
   42103    1.0304300e-04   1.017316e+01   0.000000e+00    320s
   42943    1.4329796e-04   1.397840e+01   0.000000e+00    325s
   43763    2.5523206e-04   3.717748e+01   0.000000e+00    330s
Iteration    Objective       Primal Inf.    Dual Inf.      Time
   44508    0.0000000e+00   1.450162e+00   0.000000e+00    334s
   44658    0.0000000e+00   1.022976e+00   0.000000e+00    335s
   45168    1.1710741e-07   6.909593e-01   0.000000e+00    340s
   45598    2.4020378e-07   5.344154e-01   0.000000e+00    346s
   46118    4.3752314e-07   4.966207e-01   0.000000e+00    351s
   46638    5.5016661e-07   4.022026e-01   0.000000e+00    356s
   46968    5.9167370e-07   6.021919e-01   0.000000e+00    360s
   47418    1.0640728e-06   6.143882e-01   0.000000e+00    366s
   47668    1.2095560e-06   6.818105e-01   0.000000e+00    370s
   48118    1.4133761e-06   1.217881e+00   0.000000e+00    376s
   48588    1.5591189e-06   1.150085e+00   0.000000e+00    382s
   48788    1.8021512e-06   1.229478e+00   0.000000e+00    385s
   49108    2.2499819e-06   1.252093e+00   0.000000e+00    390s
   49558    2.9417017e-06   2.865277e-01   0.000000e+00    397s
   49758    3.0215874e-06   2.685957e-01   0.000000e+00    400s
   55132    0.0000000e+00   1.212786e-01   1.377103e+11    407s
   60456    0.0000000e+00   1.212786e-01   1.381213e+11    412s
   65780    0.0000000e+00   1.212786e-01   1.030393e+11    416s
   76428    0.0000000e+00   1.212786e-01   2.041726e+10    420s
   84911    0.0000000e+00   1.121743e-01   3.372930e+10    425s
   94664    0.0000000e+00   1.094672e-01   4.760819e+10    431s
  100061    0.0000000e+00   1.048780e-01   1.172380e+11    435s
  102932    0.0000000e+00   1.040630e-01   8.316544e+10    440s
  106619    0.0000000e+00   9.163490e-01   1.167929e+15    446s
  113738    0.0000000e+00   4.746961e-01   5.138436e+14    450s
  118590    0.0000000e+00   1.365764e+01   0.000000e+00    457s
  118710    0.0000000e+00   6.104086e+00   0.000000e+00    462s
  118830    1.1361061e-08   5.495751e+00   0.000000e+00    466s
  119070    3.0823717e-08   6.154745e+00   0.000000e+00    474s
  119190    4.2326839e-08   3.851447e+00   0.000000e+00    478s
  119310    4.9249301e-08   9.886934e+00   0.000000e+00    482s
  119430    5.9964488e-08   4.955390e+00   0.000000e+00    486s
  119550    6.8976472e-08   2.941932e+00   0.000000e+00    490s
  119790    8.6643182e-08   9.940170e+00   0.000000e+00    498s
  119910    9.4509173e-08   4.934268e+00   0.000000e+00    503s
  120030    1.0761931e-07   3.724663e+00   0.000000e+00    507s
  120150    1.1171895e-07   8.132845e+00   0.000000e+00    511s
  120270    1.2423209e-07   5.155136e+00   0.000000e+00    515s
  120510    1.4902210e-07   5.469480e+00   0.000000e+00    523s
  120630    1.5992262e-07   1.685195e+01   0.000000e+00    528s
  120750    1.6681378e-07   1.033363e+01   0.000000e+00    532s
  120870    1.8017920e-07   4.247795e+00   0.000000e+00    536s
  120990    1.9113613e-07   2.342494e+00   0.000000e+00    540s
  121230    2.2193331e-07   7.645251e+00   0.000000e+00    548s
  121350    2.3077836e-07   2.043194e+00   0.000000e+00    552s
  121470    2.3273734e-07   5.285408e+00   0.000000e+00    557s
  121590    2.4971243e-07   2.859258e+00   0.000000e+00    561s
  121830    2.7282802e-07   3.704044e+00   0.000000e+00    569s
  121950    2.8718011e-07   2.249574e+00   0.000000e+00    573s
  122070    2.9086892e-07   3.889241e+00   0.000000e+00    577s
  122190    3.0734619e-07   4.491880e+00   0.000000e+00    581s
  122310    3.2343318e-07   4.682644e+00   0.000000e+00    586s
  122550    3.4605252e-07   5.190971e+00   0.000000e+00    594s
  122670    3.6258622e-07   4.726051e+00   0.000000e+00    598s
  122790    3.7803843e-07   2.010058e+00   0.000000e+00    602s
  122910    3.9310210e-07   4.241625e+00   0.000000e+00    606s
  123030    4.0956279e-07   2.294553e+00   0.000000e+00    611s
  123270    4.1413442e-07   3.632274e+00   0.000000e+00    619s
  123390    4.3264224e-07   4.446821e+00   0.000000e+00    623s
  123510    4.4377483e-07   5.662248e+00   0.000000e+00    627s
  123630    4.6334342e-07   4.896776e+00   0.000000e+00    632s
  123750    4.7931588e-07   4.946250e+00   0.000000e+00    636s
  123990    5.0560476e-07   2.673321e+00   0.000000e+00    644s
  124110    5.1497179e-07   3.725483e+00   0.000000e+00    648s
  124230    5.3482345e-07   2.949798e+00   0.000000e+00    652s
  124350    5.5123384e-07   2.943522e+00   0.000000e+00    657s
  124470    5.7014849e-07   3.542373e+00   0.000000e+00    661s
  124590    5.9644290e-07   2.589295e+00   0.000000e+00    665s
  124830    6.1971900e-07   3.218473e+00   0.000000e+00    674s
  124950    6.3025747e-07   3.064196e+00   0.000000e+00    678s
  125070    6.4978080e-07   2.434627e+00   0.000000e+00    682s
  125190    6.6696140e-07   3.340062e+00   0.000000e+00    686s
  125310    6.7796581e-07   3.542724e+00   0.000000e+00    691s
  125550    7.0117476e-07   3.122700e+00   0.000000e+00    699s
  125670    7.0942094e-07   3.238940e+00   0.000000e+00    703s
  125790    7.2855474e-07   2.526928e+00   0.000000e+00    707s
  125910    7.3970847e-07   3.333723e+00   0.000000e+00    712s
  126030    7.5534958e-07   1.670971e+00   0.000000e+00    716s
  126150    7.5882568e-07   3.950891e+00   0.000000e+00    720s
  126390    7.9113474e-07   2.280363e+00   0.000000e+00    729s
  126510    7.9500259e-07   2.669796e+00   0.000000e+00    733s
  126630    7.9874128e-07   4.110934e+00   0.000000e+00    737s
  126750    8.2189333e-07   1.154020e+01   0.000000e+00    741s
  126870    8.4092818e-07   2.546988e+00   0.000000e+00    746s
  127110    8.6243912e-07   2.830985e+00   0.000000e+00    754s
  127230    8.7612391e-07   4.356669e+00   0.000000e+00    758s
  127350    8.9555920e-07   1.435522e+00   0.000000e+00    763s
  127470    9.0147718e-07   2.929621e+00   0.000000e+00    767s
  127590    9.2279300e-07   2.485311e+00   0.000000e+00    771s
  127710    9.4172054e-07   2.747626e+00   0.000000e+00    776s
  127950    9.6743599e-07   2.749783e+00   0.000000e+00    784s
  128070    9.8557683e-07   4.147735e+00   0.000000e+00    788s
  128190    9.9723333e-07   2.396939e+00   0.000000e+00    793s
  128310    1.0246340e-06   2.978802e+00   0.000000e+00    797s
  128430    1.0572646e-06   2.033984e+00   0.000000e+00    801s
  128550    1.0746310e-06   2.629530e+00   0.000000e+00    806s
  128790    1.1054797e-06   3.820998e+00   0.000000e+00    814s
  128910    1.1071680e-06   2.229999e+00   0.000000e+00    819s
  129030    1.1304641e-06   2.616379e+00   0.000000e+00    823s
  129150    1.1445480e-06   2.569570e+00   0.000000e+00    827s
  129270    1.1472074e-06   2.421437e+00   0.000000e+00    832s
  129390    1.1638284e-06   3.967060e+00   0.000000e+00    836s
  129510    1.1901865e-06   1.778088e+00   0.000000e+00    840s
  129750    1.2164822e-06   3.209671e+00   0.000000e+00    849s
  129870    1.2200577e-06   1.595681e+00   0.000000e+00    853s
  129990    1.2311644e-06   1.963775e+00   0.000000e+00    857s
  130110    1.2346821e-06   4.699457e+00   0.000000e+00    862s
  130230    1.2579693e-06   1.685909e+00   0.000000e+00    866s
  130350    1.2748629e-06   4.391985e+00   0.000000e+00    870s
  130590    1.2924306e-06   1.823175e+00   0.000000e+00    879s
  130710    1.2926944e-06   3.479771e+00   0.000000e+00    883s
  130830    1.3049997e-06   1.550779e+00   0.000000e+00    888s
  130950    1.3276520e-06   2.864580e+00   0.000000e+00    892s
  131070    1.3471476e-06   2.311121e+00   0.000000e+00    896s
  131190    1.3673469e-06   2.552281e+00   0.000000e+00    901s
  131310    1.3884819e-06   2.158802e+00   0.000000e+00    905s
  131550    1.4232605e-06   2.251439e+00   0.000000e+00    914s
  131670    1.4421653e-06   2.619690e+00   0.000000e+00    918s
  131790    1.4597207e-06   1.835799e+00   0.000000e+00    922s
  131910    1.4786177e-06   1.468011e+01   0.000000e+00    927s
  132030    1.4810605e-06   2.417381e+00   0.000000e+00    931s
  132150    1.5109871e-06   2.860773e+00   0.000000e+00    936s
  132390    1.5314179e-06   2.685096e+00   0.000000e+00    944s
  132510    1.5471924e-06   2.663701e+00   0.000000e+00    949s
  132630    1.5696839e-06   4.567630e+00   0.000000e+00    953s
  132750    1.5914317e-06   4.553910e+00   0.000000e+00    957s
  132870    1.6049195e-06   2.573370e+00   0.000000e+00    962s
  132990    1.6143421e-06   2.506100e+00   0.000000e+00    966s
  133110    1.6355030e-06   3.177131e+00   0.000000e+00    970s
  133350    1.6655044e-06   3.674999e+00   0.000000e+00    979s
  133470    1.6736877e-06   7.857701e+00   0.000000e+00    984s
  133590    1.7032760e-06   2.234300e+00   0.000000e+00    988s
  133710    1.7198470e-06   1.773723e+00   0.000000e+00    992s
  133830    1.7250644e-06   1.332052e+00   0.000000e+00    997s
  133950    1.7405206e-06   4.019316e+00   0.000000e+00   1001s
  134070    1.7486700e-06   1.649304e+00   0.000000e+00   1006s
  134310    1.7760697e-06   2.481048e+00   0.000000e+00   1014s
  134430    1.7803392e-06   1.298454e+00   0.000000e+00   1019s
  134550    1.8060966e-06   2.104249e+00   0.000000e+00   1023s
  134670    1.8260402e-06   1.883207e+00   0.000000e+00   1027s
  134790    1.8541106e-06   1.596459e+00   0.000000e+00   1032s
  134910    1.8607703e-06   1.849466e+00   0.000000e+00   1036s
  135030    1.8607704e-06   2.492463e+00   0.000000e+00   1041s
  135150    1.8811047e-06   1.659017e+00   0.000000e+00   1045s
  135390    1.9211156e-06   9.586398e-01   0.000000e+00   1054s
  135510    1.9385387e-06   1.831596e+00   0.000000e+00   1058s
  135630    1.9466538e-06   2.760741e+00   0.000000e+00   1063s
  135750    1.9678502e-06   4.929677e+00   0.000000e+00   1067s
  135870    1.9680303e-06   1.666075e+00   0.000000e+00   1071s
  135990    1.9682220e-06   2.014336e+00   0.000000e+00   1076s
  136110    1.9682220e-06   3.915005e+00   0.000000e+00   1080s
  136350    1.9722156e-06   3.429339e+00   0.000000e+00   1089s
  136470    1.9938983e-06   1.579719e+00   0.000000e+00   1093s
  136590    1.9938995e-06   9.650790e-01   0.000000e+00   1098s
  136710    2.0089787e-06   1.472683e+00   0.000000e+00   1102s
  136830    2.0426715e-06   1.958233e+00   0.000000e+00   1106s
  136950    2.0689627e-06   2.428934e+00   0.000000e+00   1111s
  137070    2.1009141e-06   1.389957e+00   0.000000e+00   1115s
  137310    2.1391551e-06   3.409659e+00   0.000000e+00   1124s
  137430    2.1659547e-06   1.707320e+00   0.000000e+00   1128s
  137550    2.1757320e-06   1.517497e+00   0.000000e+00   1133s
  137670    2.2048952e-06   1.921176e+00   0.000000e+00   1137s
  137790    2.2282004e-06   4.554820e+00   0.000000e+00   1142s
  137910    2.2513313e-06   3.122287e+00   0.000000e+00   1146s
  138030    2.2673005e-06   6.049330e+00   0.000000e+00   1150s
  138270    2.2777862e-06   3.435813e+00   0.000000e+00   1159s
  138390    2.2777906e-06   5.310287e+00   0.000000e+00   1163s
  138510    2.2778390e-06   1.600053e+00   0.000000e+00   1168s
  138630    2.2809436e-06   3.708749e+00   0.000000e+00   1172s
  138750    2.2905139e-06   1.614270e+00   0.000000e+00   1176s
  138870    2.2952890e-06   2.473085e+00   0.000000e+00   1181s
  138990    2.2953168e-06   2.169170e+00   0.000000e+00   1185s
  139230    2.3526377e-06   2.196657e+00   0.000000e+00   1194s
  139350    2.3864738e-06   1.600944e+00   0.000000e+00   1198s
  139470    2.4274756e-06   3.028991e+00   0.000000e+00   1203s
  139590    2.4594596e-06   2.493787e+00   0.000000e+00   1207s
  139710    2.4876472e-06   7.631864e+00   0.000000e+00   1212s
  139830    2.5050083e-06   7.877418e+00   0.000000e+00   1216s
  139950    2.5347257e-06   1.719476e+00   0.000000e+00   1220s
  140190    2.5946473e-06   1.515004e+00   0.000000e+00   1229s
  140310    2.6044873e-06   2.810845e+00   0.000000e+00   1234s
  140430    2.6044873e-06   1.777113e+00   0.000000e+00   1238s
  140550    2.6045843e-06   1.432535e+00   0.000000e+00   1242s
  140670    2.6045844e-06   1.444722e+00   0.000000e+00   1247s
  140790    2.6046807e-06   2.810845e+00   0.000000e+00   1251s
  140910    2.6284543e-06   3.032621e+00   0.000000e+00   1255s
  141150    2.6509794e-06   1.459549e+00   0.000000e+00   1264s
  141270    2.6829374e-06   2.061863e+00   0.000000e+00   1269s
  141390    2.6939810e-06   1.200679e+00   0.000000e+00   1273s
  141510    2.7228107e-06   2.045108e+00   0.000000e+00   1277s
  141630    2.7549483e-06   7.773305e+00   0.000000e+00   1282s
  141750    2.7856367e-06   2.546906e+00   0.000000e+00   1286s
  141870    2.7863598e-06   1.279711e+00   0.000000e+00   1290s
  142110    2.8454558e-06   2.830926e+00   0.000000e+00   1299s
  142230    2.8806488e-06   4.820776e+00   0.000000e+00   1304s
  142350    2.9117750e-06   2.513899e+00   0.000000e+00   1308s
  142470    2.9271543e-06   2.017324e+00   0.000000e+00   1313s
  142590    2.9683743e-06   7.131784e+00   0.000000e+00   1317s
  142710    2.9744972e-06   3.029305e+00   0.000000e+00   1321s
  142830    2.9923965e-06   2.874114e+00   0.000000e+00   1326s
  142950    3.0246565e-06   2.930297e+00   0.000000e+00   1330s
  143190    3.0599963e-06   1.290140e+00   0.000000e+00   1339s
  143310    3.0876473e-06   4.747820e+00   0.000000e+00   1343s
  143430    3.0904497e-06   2.043463e+00   0.000000e+00   1348s
  143550    3.0904632e-06   1.309003e+00   0.000000e+00   1352s
  143670    3.0904711e-06   2.654903e+00   0.000000e+00   1357s
  143790    3.0904953e-06   2.389559e+00   0.000000e+00   1361s
  143910    3.1141394e-06   2.000195e+00   0.000000e+00   1365s
  144150    3.1591748e-06   2.389559e+00   0.000000e+00   1374s
  144270    3.1835120e-06   2.342963e+00   0.000000e+00   1379s
  144390    3.1868655e-06   2.574035e+00   0.000000e+00   1383s
  144510    3.1868680e-06   6.074088e+00   0.000000e+00   1387s
  144630    3.1868688e-06   1.333247e+00   0.000000e+00   1392s
  144750    3.2198356e-06   2.920523e+00   0.000000e+00   1396s
  144870    3.2479875e-06   2.025274e+00   0.000000e+00   1400s
  145110    3.3247725e-06   2.791157e+00   0.000000e+00   1409s
  145230    3.3249600e-06   3.083740e+00   0.000000e+00   1414s
  145350    3.3249681e-06   1.627292e+00   0.000000e+00   1418s
  145470    3.3250241e-06   2.446678e+00   0.000000e+00   1422s
  145590    3.3414909e-06   1.420820e+00   0.000000e+00   1427s
  145710    3.3847632e-06   4.350027e+00   0.000000e+00   1431s
  145830    3.4189626e-06   2.750273e+00   0.000000e+00   1436s
  145950    3.4659411e-06   5.737872e+00   0.000000e+00   1440s
  146190    3.5672633e-06   3.873578e+00   0.000000e+00   1449s
  146310    3.6117564e-06   7.120887e+00   0.000000e+00   1453s
  146430    3.6499955e-06   2.414252e+00   0.000000e+00   1457s
  146550    3.6979737e-06   2.377384e+00   0.000000e+00   1462s
  146670    3.7172087e-06   2.671059e+00   0.000000e+00   1466s
  146790    3.7564982e-06   3.396960e+00   0.000000e+00   1471s
  146910    3.8042101e-06   3.554000e+00   0.000000e+00   1475s
  147150    3.8803996e-06   2.501282e+00   0.000000e+00   1484s
  147270    3.9222145e-06   2.973181e+00   0.000000e+00   1488s
  147390    3.9572283e-06   1.869111e+00   0.000000e+00   1493s
  147510    3.9627335e-06   4.254045e+00   0.000000e+00   1497s
  147630    3.9689850e-06   4.818677e+00   0.000000e+00   1501s
  147750    4.0067037e-06   4.746563e+00   0.000000e+00   1506s
  147870    4.0285014e-06   5.756491e+00   0.000000e+00   1510s
  148110    4.0658504e-06   4.624201e+00   0.000000e+00   1519s
  148230    4.0682422e-06   3.189919e+00   0.000000e+00   1523s
  148350    4.0922160e-06   4.945550e+00   0.000000e+00   1527s
  148470    4.1246221e-06   3.179595e+00   0.000000e+00   1532s
  148590    4.1268886e-06   2.553069e+00   0.000000e+00   1536s
  148710    4.1271132e-06   7.458538e+00   0.000000e+00   1541s
  148950    4.1272858e-06   1.919189e+00   0.000000e+00   1549s
  149070    4.1273722e-06   3.439399e+00   0.000000e+00   1554s
  149190    4.1389886e-06   4.827360e+00   0.000000e+00   1558s
  149310    4.2003268e-06   3.332959e+00   0.000000e+00   1562s
  149430    4.2636584e-06   4.531518e+00   0.000000e+00   1567s
  149550    4.3243545e-06   4.548585e+00   0.000000e+00   1571s
  149670    4.3538351e-06   3.846988e+00   0.000000e+00   1576s
  149910    4.4441934e-06   4.085401e+00   0.000000e+00   1584s
  150030    4.4852556e-06   4.416128e+00   0.000000e+00   1589s
  150150    4.5369297e-06   2.069898e+00   0.000000e+00   1593s
  150270    4.5703133e-06   4.751121e+00   0.000000e+00   1597s
  150390    4.5708954e-06   2.820376e+00   0.000000e+00   1602s
  150510    4.6020695e-06   2.906188e+00   0.000000e+00   1606s
  150630    4.6023910e-06   3.392241e+00   0.000000e+00   1610s
  150870    4.6795376e-06   3.253311e+00   0.000000e+00   1619s
  150990    4.7295246e-06   2.177403e+00   0.000000e+00   1624s
  151110    4.7295651e-06   5.593583e+00   0.000000e+00   1628s
  151230    4.7296562e-06   1.626653e+00   0.000000e+00   1632s
  151350    4.7708321e-06   7.532242e+00   0.000000e+00   1637s
  151470    4.8417424e-06   3.944901e+00   0.000000e+00   1641s
  151590    4.8990270e-06   3.276863e+00   0.000000e+00   1646s
  151830    4.9204426e-06   8.067762e+00   0.000000e+00   1654s
  151950    4.9615401e-06   5.672019e+00   0.000000e+00   1659s
  152070    5.0044200e-06   3.560940e+00   0.000000e+00   1663s
  152190    5.0552569e-06   5.571428e+00   0.000000e+00   1667s
  152310    5.0954419e-06   2.994586e+00   0.000000e+00   1672s
  152430    5.1346946e-06   2.038961e+00   0.000000e+00   1676s
  152550    5.1351535e-06   2.258413e+00   0.000000e+00   1681s
  152790    5.1791394e-06   3.714286e+00   0.000000e+00   1689s
  152910    5.1798119e-06   2.961039e+00   0.000000e+00   1694s
  153030    5.1799910e-06   5.334346e+00   0.000000e+00   1698s
  153150    5.1800087e-06   6.112010e+00   0.000000e+00   1702s
  153270    5.2155926e-06   5.609880e+00   0.000000e+00   1707s
  153390    5.2616310e-06   5.707767e+00   0.000000e+00   1711s
  153510    5.3097792e-06   7.873606e+00   0.000000e+00   1715s
  153750    5.4240149e-06   7.783567e+00   0.000000e+00   1724s
  153870    5.4619536e-06   6.661039e+00   0.000000e+00   1729s
  153990    5.5167007e-06   3.046320e+00   0.000000e+00   1733s
  154110    5.5511788e-06   6.241353e+00   0.000000e+00   1737s
  154230    5.6100533e-06   2.546501e+00   0.000000e+00   1742s
  154350    5.6626150e-06   9.609895e+00   0.000000e+00   1746s
  154470    5.6728378e-06   3.271935e+00   0.000000e+00   1750s
  154710    5.6955526e-06   3.786154e+00   0.000000e+00   1759s
  154830    5.7487168e-06   5.728318e+00   0.000000e+00   1763s
  154950    5.7487354e-06   3.723851e+00   0.000000e+00   1768s
  155070    5.7487887e-06   2.043744e+00   0.000000e+00   1772s
  155190    5.7489145e-06   3.627123e+00   0.000000e+00   1776s
  155310    5.8297297e-06   6.792667e+00   0.000000e+00   1781s
  155430    5.8922972e-06   4.731617e+00   0.000000e+00   1785s
  155670    5.9693984e-06   7.450270e+00   0.000000e+00   1794s
  155790    6.0203458e-06   1.831809e+00   0.000000e+00   1798s
  155910    6.0556536e-06   6.252555e+00   0.000000e+00   1803s
  156030    6.0894301e-06   2.043744e+00   0.000000e+00   1807s
  156150    6.0965239e-06   1.647441e+00   0.000000e+00   1811s
  156270    6.0967202e-06   2.383485e+00   0.000000e+00   1816s
  156510    6.1665505e-06   4.614659e+00   0.000000e+00   1824s
  156630    6.2005383e-06   1.642038e+00   0.000000e+00   1829s
  156750    6.2008981e-06   3.284077e+00   0.000000e+00   1833s
  156870    6.2010989e-06   1.642038e+00   0.000000e+00   1837s
  156990    6.2015572e-06   4.761543e+00   0.000000e+00   1842s
  157110    6.2903089e-06   1.185745e+01   0.000000e+00   1846s
  157230    6.3804039e-06   3.667060e+00   0.000000e+00   1850s
  157470    6.5204702e-06   2.871808e+00   0.000000e+00   1859s
  157590    6.5928367e-06   5.213307e+00   0.000000e+00   1864s
  157710    6.5929881e-06   2.141125e+00   0.000000e+00   1868s
  157830    6.6162710e-06   4.609549e+00   0.000000e+00   1872s
  157950    6.6816801e-06   2.043744e+00   0.000000e+00   1877s
  158070    6.6819213e-06   2.043744e+00   0.000000e+00   1881s
  158190    6.7530286e-06   2.657840e+00   0.000000e+00   1885s
  158430    6.8184889e-06   7.095426e+00   0.000000e+00   1894s
  158550    6.8184950e-06   5.471476e+00   0.000000e+00   1898s
  158670    6.8185009e-06   5.057792e+00   0.000000e+00   1903s
  158790    6.8191726e-06   2.615817e+00   0.000000e+00   1907s
  158910    6.8191984e-06   8.083467e+00   0.000000e+00   1911s
  159030    6.8192852e-06   6.241646e+00   0.000000e+00   1916s
  159150    6.8566815e-06   2.325893e+00   0.000000e+00   1920s
  159390    7.0425444e-06   5.953451e+00   0.000000e+00   1929s
  159510    7.0957318e-06   7.473772e+00   0.000000e+00   1933s
  159630    7.1448298e-06   4.277459e+00   0.000000e+00   1937s
  159750    7.2166168e-06   5.546645e+00   0.000000e+00   1942s
  159870    7.2998241e-06   6.808164e+00   0.000000e+00   1946s
  159990    7.3819863e-06   8.154041e+00   0.000000e+00   1950s
  160230    7.5088227e-06   4.365506e+00   0.000000e+00   1959s
  160350    7.5795369e-06   9.641805e+00   0.000000e+00   1963s
  160470    7.6655511e-06   4.156316e+00   0.000000e+00   1968s
  160590    7.7045037e-06   3.668123e+00   0.000000e+00   1972s
  160710    7.7670671e-06   7.839181e+00   0.000000e+00   1976s
  160830    7.8215633e-06   1.027695e+01   0.000000e+00   1981s
  160950    7.8423218e-06   3.040445e+00   0.000000e+00   1985s
  161190    7.9547388e-06   7.011781e+00   0.000000e+00   1994s
  161310    7.9891769e-06   1.866385e+01   0.000000e+00   1998s
  161430    8.0638696e-06   3.325709e+00   0.000000e+00   2002s
  161550    8.1592768e-06   5.472479e+00   0.000000e+00   2007s
  161670    8.2299912e-06   5.342556e+00   0.000000e+00   2011s
  161790    8.3086947e-06   8.136363e+00   0.000000e+00   2015s
  162030    8.4596275e-06   5.219012e+00   0.000000e+00   2024s
  162150    8.5473276e-06   6.368013e+00   0.000000e+00   2029s
  162270    8.5940234e-06   3.750974e+00   0.000000e+00   2033s
  162390    8.6614670e-06   3.493831e+00   0.000000e+00   2037s
  162510    8.6962940e-06   4.029341e+00   0.000000e+00   2042s
  162630    8.7384806e-06   6.767207e+00   0.000000e+00   2046s
  162750    8.7401151e-06   8.404495e+00   0.000000e+00   2050s
  162990    8.7666261e-06   4.505195e+00   0.000000e+00   2059s
  163110    8.8139135e-06   4.305844e+00   0.000000e+00   2063s
  163230    8.8719245e-06   3.933117e+00   0.000000e+00   2068s
  163350    8.9411133e-06   4.298185e+00   0.000000e+00   2072s
  163470    8.9693144e-06   3.040445e+00   0.000000e+00   2076s
  163590    9.0068982e-06   4.220383e+00   0.000000e+00   2081s
  163830    9.1584906e-06   2.249351e+00   0.000000e+00   2089s
  163950    9.1825460e-06   9.170454e+00   0.000000e+00   2094s
  164070    9.2476529e-06   6.701538e+00   0.000000e+00   2098s
  164190    9.3182678e-06   3.323657e+00   0.000000e+00   2102s
  164310    9.4016358e-06   5.388311e+00   0.000000e+00   2107s
  164430    9.4548708e-06   5.774513e+00   0.000000e+00   2111s
  164550    9.5764435e-06   6.254289e+00   0.000000e+00   2115s
  164790    9.7380041e-06   3.009780e+00   0.000000e+00   2124s
  164910    9.8638690e-06   1.102078e+01   0.000000e+00   2128s
  165030    9.9175780e-06   1.185543e+01   0.000000e+00   2133s
  165150    1.0006972e-05   3.018313e+00   0.000000e+00   2137s
  165270    1.0115292e-05   5.324884e+00   0.000000e+00   2141s
  165390    1.0241923e-05   3.722997e+01   0.000000e+00   2146s
  165510    1.0305297e-05   4.607355e+00   0.000000e+00   2150s
  165750    1.0465328e-05   3.130943e+00   0.000000e+00   2159s
  165870    1.0471747e-05   1.442397e+01   0.000000e+00   2163s
  165990    1.0516216e-05   1.164096e+01   0.000000e+00   2167s
  166110    1.0653486e-05   1.555180e+01   0.000000e+00   2172s
  166230    1.0742139e-05   3.194156e+00   0.000000e+00   2176s
  166350    1.0877323e-05   1.438087e+01   0.000000e+00   2180s
  166590    1.0958935e-05   3.811688e+00   0.000000e+00   2189s
  166710    1.0994826e-05   3.862248e+00   0.000000e+00   2194s
  166830    1.0995055e-05   9.558701e+00   0.000000e+00   2198s
  166950    1.0995194e-05   3.802597e+00   0.000000e+00   2202s
  167070    1.1071720e-05   2.253247e+01   0.000000e+00   2207s
  167190    1.1138978e-05   3.766558e+00   0.000000e+00   2211s
  167310    1.1144435e-05   4.107868e+00   0.000000e+00   2215s
  167550    1.1428747e-05   3.513961e+00   0.000000e+00   2224s
  167670    1.1516342e-05   3.766558e+00   0.000000e+00   2229s
  167790    1.1536257e-05   3.304852e+00   0.000000e+00   2233s
  167910    1.1565302e-05   3.514285e+00   0.000000e+00   2237s
  168030    1.1601384e-05   2.883604e+00   0.000000e+00   2242s
  168150    1.1726906e-05   1.196654e+01   0.000000e+00   2246s
  168270    1.1862115e-05   6.115341e+00   0.000000e+00   2250s
  168510    1.2042714e-05   4.751236e+00   0.000000e+00   2259s
  168630    1.2053075e-05   4.211883e+00   0.000000e+00   2263s
  168750    1.2125136e-05   3.514285e+00   0.000000e+00   2268s
  168870    1.2125422e-05   4.697591e+00   0.000000e+00   2272s
  168990    1.2126950e-05   5.704315e+00   0.000000e+00   2276s
  169110    1.2155320e-05   3.247733e+00   0.000000e+00   2281s
  169230    1.2164912e-05   7.541883e+00   0.000000e+00   2285s
  169470    1.2169596e-05   8.588075e+00   0.000000e+00   2294s
  169590    1.2336989e-05   3.262013e+00   0.000000e+00   2298s
  169710    1.2395536e-05   1.018553e+01   0.000000e+00   2302s
  169830    1.2465363e-05   2.983185e+00   0.000000e+00   2307s
  169950    1.2488865e-05   5.098496e+00   0.000000e+00   2311s
  170070    1.2514870e-05   5.100000e+00   0.000000e+00   2315s
  170310    1.2634685e-05   3.514285e+00   0.000000e+00   2324s
  170430    1.2635861e-05   4.514285e+00   0.000000e+00   2328s
  170550    1.2689096e-05   1.127797e+01   0.000000e+00   2333s
  170670    1.2770256e-05   1.403037e+01   0.000000e+00   2337s
  170790    1.2801858e-05   3.403114e+00   0.000000e+00   2341s
  170910    1.2888448e-05   2.177537e+01   0.000000e+00   2346s
  171030    1.2968385e-05   2.820536e+00   0.000000e+00   2350s
  171270    1.3117295e-05   3.903520e+00   0.000000e+00   2359s
  171390    1.3138456e-05   4.262337e+00   0.000000e+00   2363s
  171510    1.3143257e-05   3.405195e+00   0.000000e+00   2367s
  171630    1.3183848e-05   4.418182e+00   0.000000e+00   2372s
  171750    1.3256504e-05   7.121057e+00   0.000000e+00   2376s
  171870    1.3372753e-05   1.008711e+01   0.000000e+00   2380s
  172110    1.3466296e-05   3.166780e+00   0.000000e+00   2389s
  172230    1.3649788e-05   3.166780e+00   0.000000e+00   2393s
  172350    1.3801587e-05   3.305508e+00   0.000000e+00   2397s
  172470    1.3845773e-05   9.334089e+01   0.000000e+00   2402s
  172590    1.3971891e-05   3.444693e+00   0.000000e+00   2406s
  172710    1.4027261e-05   1.031688e+01   0.000000e+00   2410s
  172950    1.4165228e-05   5.196104e+00   0.000000e+00   2419s
  173070    1.4259551e-05   3.703571e+00   0.000000e+00   2423s
  173190    1.4398149e-05   5.710542e+00   0.000000e+00   2428s
  173310    1.4505908e-05   5.661104e+00   0.000000e+00   2432s
  173430    1.4821321e-05   4.523376e+00   0.000000e+00   2436s
  173550    1.4957209e-05   1.329091e+01   0.000000e+00   2441s
  173790    1.5238169e-05   9.459307e+00   0.000000e+00   2449s
  173910    1.5447645e-05   9.606233e+00   0.000000e+00   2453s
  174030    1.5627359e-05   2.072998e+01   0.000000e+00   2458s
  174150    1.5661963e-05   1.081299e+01   0.000000e+00   2462s
  174270    1.5841839e-05   7.911688e+00   0.000000e+00   2466s
  174390    1.5850479e-05   8.911688e+00   0.000000e+00   2471s
  174510    1.5854206e-05   3.340304e+00   0.000000e+00   2475s
  174750    1.6285739e-05   9.186363e+00   0.000000e+00   2484s
  174870    1.6454771e-05   1.249201e+01   0.000000e+00   2488s
  174990    1.6595030e-05   2.532746e+01   0.000000e+00   2492s
  175110    1.6733070e-05   8.948051e+00   0.000000e+00   2496s
  175230    1.7010992e-05   3.636306e+01   0.000000e+00   2501s
  175350    1.7166593e-05   1.103169e+01   0.000000e+00   2505s
  175590    1.7780267e-05   2.844751e+01   0.000000e+00   2514s
  175710    1.7999939e-05   2.536501e+01   0.000000e+00   2518s
  175830    1.8384544e-05   2.155325e+01   0.000000e+00   2522s
  175950    1.8767495e-05   2.474459e+01   0.000000e+00   2526s
  176070    1.8932142e-05   1.553723e+01   0.000000e+00   2531s
  176190    1.9117195e-05   3.565301e+01   0.000000e+00   2535s
  176430    1.9770745e-05   4.460000e+01   0.000000e+00   2544s
  176550    2.0191327e-05   7.194385e+00   0.000000e+00   2548s
  176670    2.0630963e-05   2.055466e+01   0.000000e+00   2552s
  176790    2.1097479e-05   4.154555e+01   0.000000e+00   2556s
  176910    2.1481580e-05   2.001104e+01   0.000000e+00   2561s
  177150    2.2320608e-05   2.527828e+01   0.000000e+00   2569s
  177270    2.2854967e-05   6.134144e+01   0.000000e+00   2574s
  177390    2.3492854e-05   5.002992e+01   0.000000e+00   2578s
  177510    2.3914530e-05   6.470264e+01   0.000000e+00   2582s
  177630    2.4702806e-05   2.060836e+01   0.000000e+00   2586s
  177750    2.5356520e-05   3.577275e+01   0.000000e+00   2591s
  177990    2.6751201e-05   1.726493e+01   0.000000e+00   2599s
  178110    2.7268863e-05   7.517229e+01   0.000000e+00   2603s
  178230    2.7813098e-05   3.071886e+01   0.000000e+00   2608s
  178350    2.8598180e-05   3.172701e+01   0.000000e+00   2612s
  178470    2.9530827e-05   3.012413e+01   0.000000e+00   2616s
  178590    3.0041105e-05   3.868513e+01   0.000000e+00   2621s
  178830    3.1728119e-05   2.330707e+01   0.000000e+00   2629s
  178980    3.2653599e-05   5.374740e+01   0.000000e+00   2633s
  179090    3.3338408e-05   2.572778e+01   0.000000e+00   2636s
  179270    3.4496223e-05   3.299769e+01   0.000000e+00   2640s
  179480    3.6129749e-05   3.291710e+01   0.000000e+00   2646s
  179680    3.8020574e-05   9.125079e+01   0.000000e+00   2651s
  179960    4.2092808e-05   3.270083e+01   0.000000e+00   2656s
  180140    4.3673201e-05   3.425526e+01   0.000000e+00   2661s
  180650    6.4995343e-05   1.258244e+02   0.000000e+00   2668s
  181050    1.0526077e-04   2.278125e+02   0.000000e+00   2670s
  181695    1.0550375e-03   3.470839e+03   0.000000e+00   2675s

Solved in 181695 iterations and 2675.30 seconds (2424.03 work units)
Infeasible model
LP solving took 2675.541 s.

Number of states satisfying multi(R{"think"}>=3.7285714233 [ S ], R{"eat"}>=1.7181817902 [ S ]): 0

Property satisfied in 0 of 1 initial states.

Time for model checking: 2679.197 seconds.

Result: false (property not satisfied in the initial state)


##############################Output to stderr##############################
Picked up JAVA_TOOL_OPTIONS: -Xmx30g -Xss1g


############################## Notes ##############################
MultiGain default settings.. Achievability queries
