Command:	~/multigain/bin/prism  /rwthfs/rz/cluster/home/tq429871/git/diss/benchmarking/models/res/res.prism /rwthfs/rz/cluster/home/tq429871/git/diss/benchmarking/models/res/res-B100CAP15M15Unf0-LrLrachievability.props -const B=100,CAP=15,M=15,Unf=0 -paretoepsilon 0.0001 -ex -gurobi -absolute
Wallclock time:	5957.4003484249115
Return code:	0
Output:
MultiGain1.0.2
Date: Mon Dec 19 09:39:58 GMT+01:00 2022
Hostname: nihm020.hpc.itc.rwth-aachen.de
Command line: prism /rwthfs/rz/cluster/home/tq429871/git/diss/benchmarking/models/res/res.prism /rwthfs/rz/cluster/home/tq429871/git/diss/benchmarking/models/res/res-B100CAP15M15Unf0-LrLrachievability.props -const 'B=100,CAP=15,M=15,Unf=0' -paretoepsilon 0.0001 -ex -gurobi -absolute

Parsing model file "/rwthfs/rz/cluster/home/tq429871/git/diss/benchmarking/models/res/res.prism"...

Parsing properties file "/rwthfs/rz/cluster/home/tq429871/git/diss/benchmarking/models/res/res-B100CAP15M15Unf0-LrLrachievability.props"...

1 property:
(1) "LrLr": multi(R{"rew_gold"}>=0.05625 [ S ], R{"rew_gem"}>=0.05625 [ S ])

Type:        MDP
Modules:     robot goldtile gemtile goldcounter gemcounter stepcounter 
Variables:   gold gem attacked x y av_gold t_gold av_gem t_gem cgold cgem csteps 

---------------------------------------------------------------------

Model checking: "LrLr": multi(R{"rew_gold"}>=0.05625 [ S ], R{"rew_gem"}>=0.05625 [ S ])
Model constants: B=100,CAP=15,M=15,Unf=0

Building model...
Model constants: B=100,CAP=15,M=15,Unf=0

Computing reachable states... 220001Computing end components.
Finished computing end components.
 states
Reachable states exploration and model construction done in 2.735 secs.
Sorting reachable states list...

Time for model construction: 3.197 seconds.

Type:        MDP
States:      220001 (1 initial)
Transitions: 790746
Choices:     714781
Max/avg:     4/3.25
Set parameter TSPort to value 50039
Set parameter TokenServer to value "license6.itc.rwth-aachen.de"
Set parameter IntFeasTol to value 1e-08
Set parameter DualReductions to value 0
Set parameter Method to value 1
LP problem construction finished in 5.361 s.
Gurobi Optimizer version 9.5.0 build v9.5.0rc5 (linux64)
Thread count: 48 physical cores, 48 logical processors, using up to 32 threads
Optimize a model with 440006 rows, 1649563 columns and 4430107 nonzeros
Model fingerprint: 0x852ede96
Coefficient statistics:
  Matrix range     [1e-01, 2e+01]
  Objective range  [0e+00, 0e+00]
  Bounds range     [1e+00, 1e+00]
  RHS range        [6e-02, 1e+00]
Presolve removed 34023 rows and 34021 columns
Presolve time: 4.48s
Presolved: 405983 rows, 1615542 columns, 4156346 nonzeros

Iteration    Objective       Primal Inf.    Dual Inf.      Time
       0    0.0000000e+00   2.570313e-01   0.000000e+00      9s
     146    0.0000000e+00   3.699137e-02   0.000000e+00     11s
    2586    2.3861594e-08   7.950439e-03   0.000000e+00     17s
    4706    3.6309544e-08   1.125000e-02   0.000000e+00     21s
    6426    4.5508921e-08   5.625000e-02   0.000000e+00     25s
    8696    8.9407218e-08   6.190511e-01   0.000000e+00     31s
   10056    1.2698736e-07   4.426056e-02   0.000000e+00     35s
   11796    1.7621442e-07   4.502239e-02   0.000000e+00     41s
   13416    2.1909220e-07   1.794942e-01   0.000000e+00     46s
   15096    2.6012180e-07   4.883473e-02   0.000000e+00     51s
   16966    2.7901332e-07   1.332856e-02   0.000000e+00     56s
   18346    2.8920609e-07   1.787684e-02   0.000000e+00     61s
   19026    3.2297878e-07   1.315378e-02   0.000000e+00     65s
   19996    3.4704147e-07   1.072933e-02   0.000000e+00     71s
   21026    3.6691312e-07   1.264023e-02   0.000000e+00     75s
   22046    4.0857070e-07   7.421782e-02   0.000000e+00     81s
   23046    4.2457603e-07   2.907648e-02   0.000000e+00     86s
   23726    4.3590511e-07   1.710263e-02   0.000000e+00     91s
   24236    4.5076601e-07   1.351140e-01   0.000000e+00     95s
   25176    4.6455203e-07   3.208315e-02   0.000000e+00    100s
   26116    4.7799059e-07   2.021913e-02   0.000000e+00    106s
   26756    4.8802912e-07   1.433783e-01   0.000000e+00    111s
   27236    4.9664086e-07   1.437315e-02   0.000000e+00    116s
   27876    5.1970416e-07   2.828053e-01   0.000000e+00    121s
   28356    5.6396633e-07   1.352663e+00   0.000000e+00    125s
   29026    6.2497601e-07   9.296759e-03   0.000000e+00    131s
   29706    6.8343255e-07   1.239185e-02   0.000000e+00    136s
   30406    7.3196676e-07   2.390625e-01   0.000000e+00    140s
   31086    7.7564830e-07   1.867391e-02   0.000000e+00    146s
   32016    8.0685684e-07   9.212650e-02   0.000000e+00    151s
   32706    8.3701470e-07   1.611823e-01   0.000000e+00    156s
   33366    8.7251204e-07   9.556023e-03   0.000000e+00    161s
   34026    9.0703908e-07   2.286643e-02   0.000000e+00    166s
   34526    9.3072987e-07   9.501271e-03   0.000000e+00    170s
   35436    9.6615358e-07   3.357450e-02   0.000000e+00    176s
   36096    9.9141328e-07   9.830593e-02   0.000000e+00    181s
   36816    1.0061488e-06   9.175026e-02   0.000000e+00    185s
   37506    1.0185949e-06   2.029196e-01   0.000000e+00    190s
   38126    1.0421105e-06   2.092455e-02   0.000000e+00    196s
   38776    1.0648594e-06   3.287310e-01   0.000000e+00    201s
   39236    1.0739774e-06   2.616606e-01   0.000000e+00    206s
   39706    1.1128107e-06   4.500000e-01   0.000000e+00    210s
   40306    1.1417527e-06   2.971063e-02   0.000000e+00    216s
   40736    1.1558742e-06   6.510113e-02   0.000000e+00    221s
   41156    1.1632017e-06   6.757878e-02   0.000000e+00    227s
   41436    1.1679719e-06   5.785943e-02   0.000000e+00    230s
   41856    1.1749756e-06   6.110633e-02   0.000000e+00    236s
   42276    1.1827486e-06   6.167063e-02   0.000000e+00    241s
   42696    1.1905342e-06   5.645255e-02   0.000000e+00    247s
   42966    1.1952571e-06   4.941385e-02   0.000000e+00    250s
   43356    1.2014675e-06   9.442682e-02   0.000000e+00    255s
   43746    1.2089779e-06   6.291147e-02   0.000000e+00    260s
   44136    1.2158029e-06   5.645255e-02   0.000000e+00    266s
   44526    1.2224744e-06   6.568682e-02   0.000000e+00    271s
   44916    1.2295747e-06   6.246132e-02   0.000000e+00    276s
   45306    1.2370449e-06   2.183428e-01   0.000000e+00    282s
   45726    1.2512696e-06   2.325297e-01   0.000000e+00    287s
   46146    1.2643189e-06   3.580125e-01   0.000000e+00    292s
   46566    1.2829735e-06   1.775067e-01   0.000000e+00    296s
   46986    1.3017513e-06   1.994038e-01   0.000000e+00    301s
   47386    1.3133002e-06   1.233600e-01   0.000000e+00    306s
   47796    1.3201820e-06   8.887085e-02   0.000000e+00    311s
   48186    1.3266008e-06   9.687979e-02   0.000000e+00    317s
   48446    1.3311228e-06   8.881401e-02   0.000000e+00    320s
   48836    1.3379933e-06   8.887085e-02   0.000000e+00    326s
   49226    1.3440609e-06   8.993111e-02   0.000000e+00    331s
   49616    1.3573907e-06   1.325183e-01   0.000000e+00    336s
   50036    1.3715262e-06   1.444669e-01   0.000000e+00    341s
   50456    1.3833033e-06   1.538650e-01   0.000000e+00    346s
   50876    1.3953904e-06   2.070382e-01   0.000000e+00    351s
   51276    1.4068523e-06   5.883341e-02   0.000000e+00    357s
   51686    1.4243050e-06   9.433533e-02   0.000000e+00    362s
   52076    1.4323372e-06   1.195482e-01   0.000000e+00    367s
   52496    1.4534624e-06   2.580902e-01   0.000000e+00    371s
   52916    1.4785629e-06   2.098409e-01   0.000000e+00    376s
   53336    1.4979295e-06   1.038537e-01   0.000000e+00    381s
   53776    1.5247639e-06   2.877430e-01   0.000000e+00    385s
   54376    1.5499241e-06   1.724712e-01   0.000000e+00    392s
   54796    1.5617366e-06   1.024448e-01   0.000000e+00    397s
   55226    1.5861219e-06   8.579062e-03   0.000000e+00    402s
   55646    1.6088260e-06   4.212000e-02   0.000000e+00    406s
   56066    1.6358337e-06   2.290720e-02   0.000000e+00    411s
   56506    1.6637686e-06   2.616765e-01   0.000000e+00    416s
   56926    1.6768412e-06   5.330485e-02   0.000000e+00    421s
   57336    1.6900949e-06   3.130791e-01   0.000000e+00    426s
   57786    1.7173597e-06   8.480290e-01   0.000000e+00    430s
   58176    1.7263473e-06   1.139591e-01   0.000000e+00    435s
   58566    1.7355283e-06   6.314322e+00   0.000000e+00    441s
   58956    1.7442684e-06   1.550334e-02   0.000000e+00    446s
   59326    1.7517850e-06   1.740677e-02   0.000000e+00    451s
   59576    1.7560876e-06   1.038802e-02   0.000000e+00    455s
   59936    1.7633369e-06   1.129512e-02   0.000000e+00    461s
   60296    1.7706631e-06   1.157323e-02   0.000000e+00    466s
   60656    1.7770924e-06   1.334951e-02   0.000000e+00    472s
   61046    1.7862457e-06   1.206230e-01   0.000000e+00    477s
   61456    1.7953353e-06   4.115066e-02   0.000000e+00    481s
   61846    1.8200291e-06   1.470098e-01   0.000000e+00    486s
   62226    1.8469564e-06   5.255703e-02   0.000000e+00    491s
   62616    1.8687601e-06   4.594221e-02   0.000000e+00    497s
   62856    1.8750764e-06   2.024204e-02   0.000000e+00    500s
   63236    1.8950264e-06   1.125000e-01   0.000000e+00    505s
   63636    1.9141485e-06   3.638111e-01   0.000000e+00    511s
   64016    1.9274645e-06   2.430671e-01   0.000000e+00    516s
   64376    1.9385840e-06   2.686626e-01   0.000000e+00    522s
   64616    1.9451519e-06   3.498737e-01   0.000000e+00    525s
   64996    1.9661359e-06   4.489389e-01   0.000000e+00    530s
   65386    1.9965106e-06   2.084661e-01   0.000000e+00    536s
   65776    2.0212439e-06   1.797423e-01   0.000000e+00    541s
   66176    2.0452102e-06   3.541946e-01   0.000000e+00    546s
   66566    2.0653505e-06   9.076218e-02   0.000000e+00    551s
   66946    2.0834152e-06   1.183620e-02   0.000000e+00    556s
   67186    2.0906438e-06   1.207319e-01   0.000000e+00    560s
   67546    2.1002644e-06   4.554343e-02   0.000000e+00    567s
   67786    2.1053307e-06   7.722310e-02   0.000000e+00    571s
   68026    2.1098892e-06   1.426934e-02   0.000000e+00    575s
   68396    2.1196436e-06   1.224236e-02   0.000000e+00    581s
   68766    2.1358085e-06   3.602922e-01   0.000000e+00    586s
   69126    2.1508442e-06   3.347770e-01   0.000000e+00    592s
   69326    2.1563178e-06   2.234821e-02   0.000000e+00    597s
   69526    2.1595678e-06   1.770248e-02   0.000000e+00    602s
   69626    2.1610588e-06   1.887527e-01   0.000000e+00    605s
   69826    2.1663244e-06   6.196603e-01   0.000000e+00    610s
   70026    2.1731865e-06   1.070210e-01   0.000000e+00    616s
   70226    2.1776060e-06   3.535491e-02   0.000000e+00    621s
   70426    2.1800488e-06   3.013988e-01   0.000000e+00    627s
   70626    2.1829441e-06   2.246223e-02   0.000000e+00    632s
   70826    2.1869227e-06   1.376265e-01   0.000000e+00    638s
   70926    2.1882557e-06   3.188468e-02   0.000000e+00    640s
   71126    2.1926709e-06   3.021205e-01   0.000000e+00    645s
   71326    2.1954999e-06   2.766330e-02   0.000000e+00    651s
   71526    2.2026315e-06   1.079937e+00   0.000000e+00    656s
   71726    2.2076538e-06   4.123955e-01   0.000000e+00    661s
   71926    2.2109914e-06   1.670991e-02   0.000000e+00    667s
   72126    2.2144770e-06   4.233694e-02   0.000000e+00    672s
   72326    2.2181020e-06   1.114519e-02   0.000000e+00    677s
   72526    2.2223236e-06   1.378272e-02   0.000000e+00    682s
   72626    2.2242423e-06   1.273091e-02   0.000000e+00    685s
   72826    2.2299568e-06   4.200602e-01   0.000000e+00    690s
   73026    2.2338916e-06   1.469108e-01   0.000000e+00    696s
   73226    2.2372469e-06   1.491831e-02   0.000000e+00    701s
   73426    2.2453980e-06   2.944594e-01   0.000000e+00    706s
   73626    2.2509108e-06   1.931679e-01   0.000000e+00    712s
   73826    2.2563057e-06   4.480671e-01   0.000000e+00    717s
   74026    2.2615853e-06   1.415239e+00   0.000000e+00    722s
   74226    2.2648154e-06   1.032711e-02   0.000000e+00    727s
   74326    2.2658211e-06   3.594508e-02   0.000000e+00    730s
   74526    2.2687055e-06   1.873500e-01   0.000000e+00    735s
   74726    2.2735448e-06   1.643432e-01   0.000000e+00    741s
   74926    2.2775070e-06   4.670693e-02   0.000000e+00    746s
   75126    2.2804964e-06   3.421028e-01   0.000000e+00    751s
   75326    2.2850403e-06   1.378016e-01   0.000000e+00    757s
   75526    2.2889559e-06   4.854652e-01   0.000000e+00    762s
   75726    2.2926021e-06   6.554100e-02   0.000000e+00    767s
   75926    2.2959469e-06   1.527707e-02   0.000000e+00    773s
   76026    2.2977308e-06   9.322841e-02   0.000000e+00    775s
   76226    2.3014381e-06   9.933530e-03   0.000000e+00    781s
   76426    2.3057285e-06   1.933727e-01   0.000000e+00    786s
   76626    2.3095749e-06   2.475912e-01   0.000000e+00    791s
   76826    2.3139592e-06   1.274058e-01   0.000000e+00    797s
   77026    2.3178483e-06   2.751665e+00   0.000000e+00    802s
   77226    2.3286431e-06   1.206310e+00   0.000000e+00    807s
   77426    2.3333813e-06   1.258938e+00   0.000000e+00    813s
   77526    2.3357423e-06   1.238404e-01   0.000000e+00    815s
   77726    2.3461106e-06   2.154279e-02   0.000000e+00    821s
   77926    2.3508753e-06   6.029856e-01   0.000000e+00    826s
   78126    2.3544179e-06   3.210979e-02   0.000000e+00    831s
   78326    2.3575180e-06   1.149090e-01   0.000000e+00    837s
   78526    2.3606839e-06   5.373049e-02   0.000000e+00    842s
   78726    2.3641154e-06   3.952488e-02   0.000000e+00    847s
   78926    2.3691368e-06   3.536298e-01   0.000000e+00    853s
   79026    2.3732508e-06   4.928296e-02   0.000000e+00    855s
   79226    2.3798624e-06   3.802530e-02   0.000000e+00    861s
   79426    2.3865392e-06   2.542653e-01   0.000000e+00    866s
   79626    2.3911022e-06   8.090297e-02   0.000000e+00    871s
   79826    2.3939102e-06   1.567289e-02   0.000000e+00    877s
   80026    2.3971932e-06   1.826690e-01   0.000000e+00    882s
   80226    2.4021715e-06   3.067840e-01   0.000000e+00    888s
   80326    2.4057160e-06   1.991212e-01   0.000000e+00    890s
   80526    2.4113811e-06   6.454438e-02   0.000000e+00    896s
   80726    2.4175606e-06   1.054880e+00   0.000000e+00    901s
   80926    2.4227175e-06   4.238624e-01   0.000000e+00    906s
   81126    2.4270978e-06   4.008457e-01   0.000000e+00    911s
   81326    2.4313532e-06   4.948495e-01   0.000000e+00    917s
   81526    2.4361010e-06   9.512877e-01   0.000000e+00    922s
   81726    2.4410221e-06   4.427785e-01   0.000000e+00    927s
   81926    2.4458463e-06   4.650382e-01   0.000000e+00    932s
   82026    2.4480973e-06   4.796255e-01   0.000000e+00    935s
   82226    2.4538485e-06   1.131153e+00   0.000000e+00    941s
   82426    2.4613515e-06   8.833967e-01   0.000000e+00    946s
   82626    2.4650007e-06   8.930578e-01   0.000000e+00    951s
   82836    2.4683829e-06   3.699911e+00   0.000000e+00    957s
   83036    2.4744991e-06   2.981457e-01   0.000000e+00    962s
   83136    2.4793615e-06   4.447092e-02   0.000000e+00    965s
   83336    2.4864466e-06   1.150040e-01   0.000000e+00    971s
   83536    2.4917414e-06   5.965145e-01   0.000000e+00    976s
   83736    2.4967344e-06   4.312516e-02   0.000000e+00    981s
   83936    2.5030311e-06   5.733096e-02   0.000000e+00    987s
   84136    2.5080760e-06   2.652360e-01   0.000000e+00    992s
   84236    2.5104648e-06   1.851840e-01   0.000000e+00    995s
   84576    2.5252379e-06   4.090749e-01   0.000000e+00   1001s
   84806    2.5317920e-06   1.052137e-01   0.000000e+00   1005s
   85006    2.5360593e-06   8.000132e-02   0.000000e+00   1011s
   85206    2.5408326e-06   1.120463e+00   0.000000e+00   1016s
   85406    2.5468055e-06   2.013919e-01   0.000000e+00   1022s
   85606    2.5547797e-06   2.698996e-01   0.000000e+00   1027s
   85706    2.5586996e-06   2.361436e-01   0.000000e+00   1030s
   85906    2.5654509e-06   1.695830e-01   0.000000e+00   1036s
   86126    2.5733498e-06   1.039778e-01   0.000000e+00   1040s
   86476    2.5826155e-06   9.462806e-02   0.000000e+00   1047s
   86676    2.5910632e-06   4.468795e-01   0.000000e+00   1053s
   86776    2.5948706e-06   2.149072e-01   0.000000e+00   1055s
   86976    2.6019511e-06   1.945038e+00   0.000000e+00   1061s
   87176    2.6057714e-06   2.950388e-02   0.000000e+00   1067s
   87376    2.6100189e-06   2.514556e-02   0.000000e+00   1072s
   87576    2.6150417e-06   1.049028e-01   0.000000e+00   1078s
   87676    2.6200063e-06   5.944409e-02   0.000000e+00   1080s
   87876    2.6279827e-06   1.479413e-01   0.000000e+00   1086s
   88076    2.6358983e-06   7.891071e-02   0.000000e+00   1092s
   88276    2.6454866e-06   2.097514e-01   0.000000e+00   1097s
   88476    2.6538124e-06   1.409988e+00   0.000000e+00   1103s
   88576    2.6568893e-06   1.638837e-01   0.000000e+00   1106s
   88776    2.6619226e-06   1.064934e-01   0.000000e+00   1111s
   88976    2.6671250e-06   2.118991e-01   0.000000e+00   1117s
   89176    2.6745994e-06   1.037013e-01   0.000000e+00   1122s
   89276    2.6786726e-06   6.490363e-02   0.000000e+00   1125s
   89476    2.6836216e-06   2.579018e-01   0.000000e+00   1131s
   89676    2.6880120e-06   5.873840e-02   0.000000e+00   1136s
   89876    2.6951510e-06   3.330477e-02   0.000000e+00   1142s
   90136    2.7025686e-06   1.422448e-01   0.000000e+00   1148s
   90246    2.7059220e-06   4.316315e-02   0.000000e+00   1150s
   90576    2.7134017e-06   2.139001e+00   0.000000e+00   1156s
   90916    2.7222871e-06   4.370095e-01   0.000000e+00   1162s
   91136    2.7286253e-06   8.184142e-01   0.000000e+00   1165s
   91466    2.7450802e-06   5.153214e-01   0.000000e+00   1171s
   91686    2.7602102e-06   4.185138e-01   0.000000e+00   1175s
   92016    2.7752423e-06   2.408920e-01   0.000000e+00   1181s
   92346    2.7926041e-06   5.122956e-01   0.000000e+00   1187s
   92566    2.8046554e-06   2.128747e-01   0.000000e+00   1191s
   92896    2.8177199e-06   2.152131e-01   0.000000e+00   1197s
   93126    2.8277464e-06   2.315627e-01   0.000000e+00   1201s
   93486    2.8430646e-06   5.963389e-01   0.000000e+00   1206s
   93716    2.8513869e-06   3.692567e-02   0.000000e+00   1210s
   93916    2.8599238e-06   9.998768e-01   0.000000e+00   1216s
   94116    2.8659403e-06   3.541183e-01   0.000000e+00   1222s
   94316    2.8724776e-06   4.032811e-02   0.000000e+00   1227s
   94416    2.8753670e-06   5.452161e-01   0.000000e+00   1230s
   94616    2.8839802e-06   2.891311e-01   0.000000e+00   1236s
   94816    2.8927177e-06   6.825337e-01   0.000000e+00   1242s
   95016    2.9010599e-06   1.708653e-01   0.000000e+00   1247s
   95116    2.9062755e-06   2.949741e-01   0.000000e+00   1250s
   95316    2.9136278e-06   4.674446e-02   0.000000e+00   1256s
   95516    2.9225675e-06   1.724753e-01   0.000000e+00   1262s
   95716    2.9296284e-06   5.012609e-01   0.000000e+00   1267s
   95816    2.9348473e-06   3.377761e-02   0.000000e+00   1270s
   96016    2.9450519e-06   1.970098e-01   0.000000e+00   1276s
   96216    2.9537058e-06   8.014635e-02   0.000000e+00   1282s
   96486    2.9639741e-06   9.976097e-02   0.000000e+00   1288s
   96596    2.9691945e-06   4.097643e-02   0.000000e+00   1291s
   96796    2.9797265e-06   2.378115e-01   0.000000e+00   1297s
   96996    2.9878055e-06   2.900291e-01   0.000000e+00   1302s
   97096    2.9903391e-06   2.741821e-01   0.000000e+00   1305s
   97296    2.9968802e-06   3.709191e-01   0.000000e+00   1311s
   97496    3.0067325e-06   3.898337e-02   0.000000e+00   1317s
   97696    3.0138391e-06   1.484553e-02   0.000000e+00   1323s
   97796    3.0181570e-06   2.896793e-02   0.000000e+00   1326s
   97996    3.0257184e-06   2.895412e-02   0.000000e+00   1331s
   98196    3.0338196e-06   3.211349e-02   0.000000e+00   1337s
   98296    3.0380001e-06   2.842611e-01   0.000000e+00   1340s
   98496    3.0454181e-06   2.217170e-02   0.000000e+00   1346s
   98696    3.0531298e-06   3.291819e-02   0.000000e+00   1352s
   98896    3.0599351e-06   3.673060e-02   0.000000e+00   1357s
   98996    3.0631257e-06   4.728966e-02   0.000000e+00   1360s
   99196    3.0698362e-06   4.523155e-02   0.000000e+00   1366s
   99396    3.0771378e-06   3.878355e+00   0.000000e+00   1372s
   99496    3.0813039e-06   1.001955e+00   0.000000e+00   1375s
   99696    3.0858355e-06   5.947471e-01   0.000000e+00   1381s
   99936    3.0935008e-06   7.945211e-02   0.000000e+00   1387s
  100166    3.0994793e-06   3.710947e-02   0.000000e+00   1391s
  100386    3.1059488e-06   1.403635e-01   0.000000e+00   1397s
  100586    3.1143257e-06   6.252057e-02   0.000000e+00   1403s
  100686    3.1180353e-06   4.403163e-02   0.000000e+00   1406s
  100886    3.1242989e-06   1.877787e-01   0.000000e+00   1412s
  101086    3.1307443e-06   1.078134e-01   0.000000e+00   1418s
  101186    3.1343547e-06   1.713600e-01   0.000000e+00   1421s
  101386    3.1418012e-06   3.838051e-01   0.000000e+00   1427s
  101586    3.1475688e-06   5.428458e-02   0.000000e+00   1432s
  101706    3.1509705e-06   1.295798e+00   0.000000e+00   1435s
  101906    3.1598890e-06   2.346617e-01   0.000000e+00   1441s
  102106    3.1677614e-06   4.277278e-01   0.000000e+00   1447s
  102206    3.1732344e-06   9.025943e-02   0.000000e+00   1450s
  102406    3.1815133e-06   6.053209e-02   0.000000e+00   1456s
  102606    3.1885737e-06   3.953263e-01   0.000000e+00   1462s
  102706    3.1924583e-06   3.433122e-01   0.000000e+00   1465s
  102906    3.2009993e-06   1.533848e-01   0.000000e+00   1471s
  103106    3.2096598e-06   5.134937e-02   0.000000e+00   1478s
  103206    3.2122691e-06   2.654435e-01   0.000000e+00   1480s
  103406    3.2168823e-06   3.669949e-01   0.000000e+00   1486s
  103606    3.2241623e-06   8.540946e-02   0.000000e+00   1492s
  103706    3.2278094e-06   1.166139e-01   0.000000e+00   1495s
  103906    3.2352125e-06   1.097006e-01   0.000000e+00   1501s
  104106    3.2441584e-06   3.166608e-02   0.000000e+00   1507s
  104206    3.2485996e-06   3.681050e-01   0.000000e+00   1510s
  104406    3.2556368e-06   3.850320e-02   0.000000e+00   1516s
  104606    3.2610430e-06   5.016002e-02   0.000000e+00   1523s
  104706    3.2651958e-06   4.617061e-01   0.000000e+00   1526s
  104906    3.2723332e-06   3.339478e-01   0.000000e+00   1532s
  105106    3.2799239e-06   2.665883e-02   0.000000e+00   1538s
  105206    3.2840789e-06   1.551095e+00   0.000000e+00   1541s
  105406    3.2938095e-06   4.114636e-01   0.000000e+00   1547s
  105606    3.3035642e-06   2.579002e-02   0.000000e+00   1553s
  105706    3.3076529e-06   6.146914e-01   0.000000e+00   1556s
  105906    3.3152168e-06   1.781674e-01   0.000000e+00   1562s
  106106    3.3241557e-06   2.634268e-02   0.000000e+00   1568s
  106206    3.3269402e-06   2.677747e-02   0.000000e+00   1571s
  106406    3.3345278e-06   1.174352e-01   0.000000e+00   1577s
  106606    3.3422279e-06   1.585878e-01   0.000000e+00   1583s
  106706    3.3457195e-06   1.450894e-01   0.000000e+00   1586s
  106906    3.3529791e-06   4.272508e-02   0.000000e+00   1592s
  107006    3.3566803e-06   1.001618e+00   0.000000e+00   1595s
  107206    3.3638417e-06   1.715510e-01   0.000000e+00   1601s
  107406    3.3710640e-06   7.243039e-01   0.000000e+00   1607s
  107506    3.3752129e-06   6.704437e-01   0.000000e+00   1610s
  107706    3.3832755e-06   1.638588e-02   0.000000e+00   1617s
  107906    3.3917690e-06   2.276405e-01   0.000000e+00   1623s
  108006    3.3950901e-06   1.555798e+00   0.000000e+00   1626s
  108206    3.4013857e-06   9.656124e-01   0.000000e+00   1632s
  108406    3.4073189e-06   2.076383e-01   0.000000e+00   1637s
  108506    3.4104229e-06   3.055404e-02   0.000000e+00   1640s
  108706    3.4174797e-06   2.446231e-01   0.000000e+00   1646s
  108906    3.4242800e-06   2.322011e-01   0.000000e+00   1653s
  109006    3.4269544e-06   4.352170e-02   0.000000e+00   1656s
  109206    3.4360294e-06   2.917417e-02   0.000000e+00   1662s
  109406    3.4439338e-06   3.841994e-01   0.000000e+00   1668s
  109506    3.4480255e-06   2.448342e-02   0.000000e+00   1671s
  109706    3.4564194e-06   2.524738e-02   0.000000e+00   1677s
  109806    3.4605499e-06   1.342682e+00   0.000000e+00   1680s
  110006    3.4670235e-06   1.545701e-01   0.000000e+00   1686s
  110206    3.4751343e-06   1.443034e-01   0.000000e+00   1692s
  110306    3.4793346e-06   4.261207e-02   0.000000e+00   1695s
  110506    3.4881970e-06   1.162482e-01   0.000000e+00   1702s
  110706    3.4952050e-06   6.776466e-01   0.000000e+00   1708s
  110806    3.4992411e-06   5.427386e+00   0.000000e+00   1711s
  111006    3.5071024e-06   2.431863e-01   0.000000e+00   1717s
  111106    3.5113547e-06   4.042100e-01   0.000000e+00   1720s
  111306    3.5199057e-06   2.647178e-01   0.000000e+00   1726s
  111506    3.5283159e-06   4.679020e-02   0.000000e+00   1732s
  111606    3.5319376e-06   1.169360e-01   0.000000e+00   1735s
  111806    3.5401138e-06   5.452781e-02   0.000000e+00   1742s
  112006    3.5481391e-06   3.107949e-01   0.000000e+00   1748s
  112106    3.5510433e-06   4.161351e-01   0.000000e+00   1751s
  112306    3.5550246e-06   1.225734e-01   0.000000e+00   1757s
  112506    3.5628645e-06   4.560847e-01   0.000000e+00   1763s
  112606    3.5671992e-06   4.211254e-01   0.000000e+00   1766s
  112806    3.5741892e-06   2.344605e-01   0.000000e+00   1772s
  113006    3.5828615e-06   2.811818e-01   0.000000e+00   1778s
  113106    3.5868496e-06   4.565459e-01   0.000000e+00   1781s
  113306    3.5951351e-06   2.814180e-02   0.000000e+00   1787s
  113406    3.5994853e-06   5.335649e-02   0.000000e+00   1791s
  113606    3.6066424e-06   4.178540e-01   0.000000e+00   1797s
  113806    3.6133539e-06   2.319055e-01   0.000000e+00   1803s
  113906    3.6188761e-06   2.734999e-02   0.000000e+00   1806s
  114106    3.6265254e-06   3.535832e-02   0.000000e+00   1812s
  114206    3.6299362e-06   2.265041e-02   0.000000e+00   1816s
  114406    3.6388031e-06   3.187281e-02   0.000000e+00   1822s
  114506    3.6428094e-06   1.340517e+00   0.000000e+00   1825s
  114706    3.6498356e-06   3.103073e-01   0.000000e+00   1831s
  114906    3.6580367e-06   5.443785e-02   0.000000e+00   1838s
  115006    3.6619196e-06   1.765733e-01   0.000000e+00   1841s
  115206    3.6701358e-06   6.749488e-02   0.000000e+00   1847s
  115306    3.6760810e-06   8.612961e-01   0.000000e+00   1850s
  115506    3.6839326e-06   1.711588e-01   0.000000e+00   1857s
  115706    3.6915857e-06   5.449912e-01   0.000000e+00   1863s
  115806    3.6966261e-06   8.894638e-02   0.000000e+00   1866s
  116006    3.7039140e-06   2.278791e-01   0.000000e+00   1872s
  116106    3.7086860e-06   3.867672e+00   0.000000e+00   1876s
  116306    3.7177005e-06   5.489732e-01   0.000000e+00   1882s
  116506    3.7278692e-06   8.500564e-02   0.000000e+00   1888s
  116606    3.7301737e-06   3.782848e-01   0.000000e+00   1891s
  116806    3.7355099e-06   1.040412e-01   0.000000e+00   1897s
  116906    3.7377118e-06   3.013420e-01   0.000000e+00   1901s
  117106    3.7426554e-06   6.897175e-02   0.000000e+00   1907s
  117206    3.7456237e-06   9.864762e-02   0.000000e+00   1910s
  117406    3.7516612e-06   2.834939e-01   0.000000e+00   1917s
  117606    3.7580162e-06   9.066353e-01   0.000000e+00   1923s
  117706    3.7612836e-06   6.340446e-01   0.000000e+00   1926s
  117906    3.7678468e-06   6.395848e-02   0.000000e+00   1932s
  118006    3.7702875e-06   1.339576e-02   0.000000e+00   1935s
  118206    3.7746097e-06   1.020437e-01   0.000000e+00   1942s
  118406    3.7795007e-06   1.102297e-01   0.000000e+00   1948s
  118506    3.7823350e-06   2.438451e-01   0.000000e+00   1951s
  118706    3.7873947e-06   9.917842e-01   0.000000e+00   1958s
  118806    3.7904747e-06   2.382424e-02   0.000000e+00   1961s
  119006    3.7967847e-06   1.799216e-02   0.000000e+00   1967s
  119106    3.7991055e-06   1.629753e-01   0.000000e+00   1970s
  119306    3.8033826e-06   1.175691e+00   0.000000e+00   1977s
  119506    3.8096358e-06   4.695978e-01   0.000000e+00   1983s
  119606    3.8128910e-06   9.318809e-01   0.000000e+00   1986s
  119806    3.8194883e-06   2.200477e-02   0.000000e+00   1993s
  119906    3.8224662e-06   4.459458e-02   0.000000e+00   1996s
  120106    3.8277229e-06   3.281993e-02   0.000000e+00   2002s
  120206    3.8310175e-06   3.536671e-01   0.000000e+00   2005s
  120406    3.8370648e-06   4.028102e-02   0.000000e+00   2012s
  120606    3.8419270e-06   1.615532e-01   0.000000e+00   2018s
  120706    3.8450723e-06   2.502541e-02   0.000000e+00   2021s
  120906    3.8510740e-06   2.486371e-01   0.000000e+00   2028s
  121006    3.8538250e-06   8.476198e-02   0.000000e+00   2031s
  121276    3.8699945e-06   9.364628e-01   0.000000e+00   2037s
  121376    3.8730560e-06   3.490084e+00   0.000000e+00   2041s
  121576    3.8791848e-06   2.126535e-01   0.000000e+00   2047s
  121676    3.8830547e-06   5.229781e-01   0.000000e+00   2050s
  121876    3.8898846e-06   3.860526e-01   0.000000e+00   2057s
  121976    3.8928485e-06   3.924467e-02   0.000000e+00   2060s
  122176    3.8995490e-06   3.841905e-01   0.000000e+00   2067s
  122376    3.9070651e-06   3.469389e-02   0.000000e+00   2073s
  122476    3.9103619e-06   6.097789e-02   0.000000e+00   2076s
  122676    3.9165419e-06   2.519037e-01   0.000000e+00   2083s
  122776    3.9192096e-06   1.111944e+00   0.000000e+00   2086s
  122976    3.9259382e-06   4.758821e-01   0.000000e+00   2092s
  123076    3.9293762e-06   1.836212e-01   0.000000e+00   2095s
  123276    3.9386853e-06   1.189259e-02   0.000000e+00   2102s
  123476    3.9450232e-06   1.790688e-01   0.000000e+00   2108s
  123576    3.9484625e-06   1.498248e-01   0.000000e+00   2111s
  123776    3.9544028e-06   2.772717e-01   0.000000e+00   2118s
  123876    3.9576328e-06   6.629189e-01   0.000000e+00   2121s
  124076    3.9639563e-06   5.968330e-01   0.000000e+00   2128s
  124176    3.9670226e-06   2.902008e-01   0.000000e+00   2131s
  124376    3.9751446e-06   2.180677e-01   0.000000e+00   2137s
  124476    3.9779297e-06   5.200327e-02   0.000000e+00   2141s
  124676    3.9839251e-06   9.516410e-02   0.000000e+00   2147s
  124776    3.9880074e-06   3.204510e-01   0.000000e+00   2150s
  124976    3.9944490e-06   2.882910e-02   0.000000e+00   2157s
  125076    3.9987655e-06   4.251704e-02   0.000000e+00   2160s
  125276    4.0065143e-06   1.160302e-02   0.000000e+00   2167s
  125476    4.0136833e-06   1.712915e-02   0.000000e+00   2173s
  125576    4.0178943e-06   5.270406e-01   0.000000e+00   2176s
  125796    4.0271695e-06   2.336667e+00   0.000000e+00   2183s
  125896    4.0292816e-06   1.441065e+00   0.000000e+00   2186s
  126126    4.0375300e-06   2.610119e-02   0.000000e+00   2191s
  126326    4.0375300e-06   2.610119e-02   0.000000e+00   2198s
  126426    4.0375300e-06   2.610119e-02   0.000000e+00   2201s
  128230    0.0000000e+00   4.887086e-04   2.295514e+10   2207s
  141080    0.0000000e+00   4.862515e-04   2.425504e+10   2210s
  153237    0.0000000e+00   4.862155e-04   2.316135e+10   2215s
  157806    0.0000000e+00   4.862104e-04   2.239959e+10   2221s
  162542    0.0000000e+00   4.862104e-04   2.406592e+10   2226s
  167341    0.0000000e+00   4.862104e-04   2.305325e+10   2231s
  172188    0.0000000e+00   4.862104e-04   2.202878e+10   2235s
  178728    0.0000000e+00   4.862104e-04   2.068282e+10   2241s
  183691    0.0000000e+00   4.862104e-04   1.963365e+10   2246s
  190389    0.0000000e+00   4.862104e-04   1.825129e+10   2251s
  197179    0.0000000e+00   4.862104e-04   1.682080e+10   2256s
  204063    0.0000000e+00   4.862104e-04   1.537221e+10   2261s
  211043    0.0000000e+00   4.862104e-04   1.391650e+10   2265s
  214669    0.0000000e+00   1.952223e-03   0.000000e+00   2272s
  214769    0.0000000e+00   7.057367e-03   0.000000e+00   2276s
  214869    0.0000000e+00   5.722008e-02   0.000000e+00   2281s
  214969    2.4248218e-10   1.164509e-01   0.000000e+00   2285s
  215169    5.2874766e-10   8.956132e-02   0.000000e+00   2294s
  215269    6.8636246e-10   2.464144e-02   0.000000e+00   2299s
  215369    7.4606402e-10   1.131545e-01   0.000000e+00   2304s
  215469    8.8831449e-10   2.069781e-03   0.000000e+00   2308s
  215569    9.9169483e-10   6.098563e-03   0.000000e+00   2312s
  215669    1.1028277e-09   1.154249e-03   0.000000e+00   2317s
  215769    1.2224540e-09   3.736741e-02   0.000000e+00   2321s
  215869    1.3701960e-09   1.238646e-03   0.000000e+00   2325s
  216069    1.6184226e-09   1.089490e-01   0.000000e+00   2334s
  216169    1.7366590e-09   8.884262e-03   0.000000e+00   2339s
  216269    1.8575381e-09   1.539319e-02   0.000000e+00   2343s
  216369    1.9355526e-09   1.915182e-02   0.000000e+00   2347s
  216469    2.0717924e-09   3.099825e-02   0.000000e+00   2352s
  216569    2.2232701e-09   2.606914e-02   0.000000e+00   2356s
  216669    2.3812365e-09   2.055047e-02   0.000000e+00   2361s
  216769    2.4813406e-09   2.922758e-02   0.000000e+00   2365s
  216969    2.6889447e-09   7.813577e-03   0.000000e+00   2374s
  217069    2.7521204e-09   3.303291e-03   0.000000e+00   2379s
  217169    2.9282859e-09   2.245955e-03   0.000000e+00   2383s
  217269    2.9644515e-09   9.817172e-03   0.000000e+00   2388s
  217369    3.1107451e-09   3.134292e-03   0.000000e+00   2392s
  217469    3.2137696e-09   5.316550e-03   0.000000e+00   2397s
  217569    3.3807657e-09   6.770760e-03   0.000000e+00   2401s
  217669    3.5794724e-09   1.851122e-02   0.000000e+00   2406s
  217769    3.6939862e-09   6.809166e-03   0.000000e+00   2410s
  217969    3.9857836e-09   3.972154e-03   0.000000e+00   2419s
  218069    4.1345928e-09   8.528646e-03   0.000000e+00   2424s
  218169    4.3179463e-09   1.172055e-02   0.000000e+00   2429s
  218269    4.4481652e-09   9.002217e-02   0.000000e+00   2433s
  218369    4.5638574e-09   2.322243e-02   0.000000e+00   2438s
  218469    4.6291571e-09   2.125634e-03   0.000000e+00   2443s
  218569    4.7195288e-09   4.126100e-03   0.000000e+00   2447s
  218669    4.7523644e-09   3.946369e-03   0.000000e+00   2452s
  218769    4.8600195e-09   3.112993e-02   0.000000e+00   2456s
  218869    4.9500331e-09   6.998238e-02   0.000000e+00   2461s
  218969    5.0245529e-09   2.084059e-03   0.000000e+00   2466s
  219069    5.1246223e-09   3.215748e-02   0.000000e+00   2470s
  219269    5.3145373e-09   3.398168e-03   0.000000e+00   2479s
  219369    5.4111315e-09   1.327186e-02   0.000000e+00   2484s
  219469    5.4114021e-09   3.086361e-02   0.000000e+00   2489s
  219569    5.5735477e-09   5.079412e-02   0.000000e+00   2493s
  219669    5.6878256e-09   7.814760e-03   0.000000e+00   2498s
  219769    5.7265202e-09   5.512309e-03   0.000000e+00   2503s
  219869    5.9197361e-09   5.570928e-03   0.000000e+00   2508s
  219969    6.0493012e-09   4.773578e-02   0.000000e+00   2512s
  220069    6.1640130e-09   9.990009e-03   0.000000e+00   2517s
  220169    6.3320037e-09   8.580162e-03   0.000000e+00   2522s
  220269    6.4400947e-09   7.770563e-02   0.000000e+00   2527s
  220369    6.5185294e-09   3.839485e-02   0.000000e+00   2532s
  220469    6.6700215e-09   1.277950e-03   0.000000e+00   2537s
  220569    6.7471517e-09   1.733251e-02   0.000000e+00   2542s
  220669    6.8654044e-09   3.848354e-02   0.000000e+00   2547s
  220769    6.9954682e-09   1.619120e-03   0.000000e+00   2552s
  220869    7.0711305e-09   4.036248e-02   0.000000e+00   2557s
  220969    7.1797979e-09   5.117612e-02   0.000000e+00   2562s
  221069    7.3583111e-09   2.722287e-02   0.000000e+00   2567s
  221169    7.5395351e-09   4.101447e-02   0.000000e+00   2572s
  221269    7.7587863e-09   5.574505e-02   0.000000e+00   2577s
  221369    7.9123154e-09   6.298340e-03   0.000000e+00   2582s
  221469    7.9880396e-09   1.315182e-03   0.000000e+00   2586s
  221569    8.1070785e-09   2.300017e-02   0.000000e+00   2591s
  221669    8.2122866e-09   8.679358e-02   0.000000e+00   2596s
  221769    8.3484000e-09   5.137810e-03   0.000000e+00   2601s
  221869    8.5345218e-09   2.762243e-03   0.000000e+00   2606s
  221969    8.7543253e-09   1.325444e-02   0.000000e+00   2611s
  222069    8.8230564e-09   3.992284e-02   0.000000e+00   2616s
  222169    8.9549675e-09   3.141202e-03   0.000000e+00   2620s
  222269    9.0628069e-09   2.086713e-03   0.000000e+00   2625s
  222369    9.2149180e-09   2.316925e-01   0.000000e+00   2630s
  222569    9.4817231e-09   1.268316e-02   0.000000e+00   2640s
  222669    9.5662058e-09   1.114721e-02   0.000000e+00   2645s
  222769    9.7214491e-09   7.145278e-03   0.000000e+00   2649s
  222869    9.8705870e-09   5.787071e-03   0.000000e+00   2654s
  222969    1.0042448e-08   2.387848e-03   0.000000e+00   2659s
  223069    1.0178607e-08   1.439238e-02   0.000000e+00   2664s
  223169    1.0315931e-08   1.547434e-02   0.000000e+00   2669s
  223269    1.0506341e-08   3.855039e-03   0.000000e+00   2674s
  223369    1.0585463e-08   6.093192e-02   0.000000e+00   2679s
  223469    1.0696401e-08   1.066666e-02   0.000000e+00   2684s
  223569    1.0832251e-08   4.319709e-03   0.000000e+00   2689s
  223669    1.0988050e-08   1.371079e-03   0.000000e+00   2694s
  223769    1.1140965e-08   4.133661e-03   0.000000e+00   2699s
  223869    1.1311699e-08   1.182857e-03   0.000000e+00   2704s
  223969    1.1470918e-08   1.490753e-01   0.000000e+00   2709s
  224069    1.1697616e-08   2.050482e-03   0.000000e+00   2714s
  224169    1.1854390e-08   1.081194e-03   0.000000e+00   2718s
  224269    1.1968110e-08   3.528156e-03   0.000000e+00   2723s
  224369    1.2168183e-08   4.757989e-03   0.000000e+00   2728s
  224469    1.2367707e-08   8.400169e-02   0.000000e+00   2733s
  224569    1.2559815e-08   1.121048e-02   0.000000e+00   2738s
  224669    1.2827944e-08   6.021559e-03   0.000000e+00   2743s
  224769    1.2938776e-08   9.310483e-04   0.000000e+00   2748s
  224869    1.3168280e-08   8.634714e-04   0.000000e+00   2753s
  224969    1.3290782e-08   6.991885e-02   0.000000e+00   2758s
  225069    1.3368708e-08   9.337423e-02   0.000000e+00   2763s
  225169    1.3469024e-08   1.539402e-03   0.000000e+00   2768s
  225269    1.3598375e-08   1.434978e-03   0.000000e+00   2773s
  225369    1.3739482e-08   5.211536e-03   0.000000e+00   2778s
  225469    1.3880669e-08   8.445539e-03   0.000000e+00   2783s
  225569    1.4010624e-08   2.350957e-03   0.000000e+00   2788s
  225669    1.4110170e-08   1.124250e-01   0.000000e+00   2793s
  225769    1.4222186e-08   5.587117e-03   0.000000e+00   2798s
  225869    1.4431735e-08   2.792539e-03   0.000000e+00   2803s
  225969    1.4646762e-08   5.317181e-02   0.000000e+00   2808s
  226069    1.4848391e-08   3.298949e-02   0.000000e+00   2813s
  226169    1.5028819e-08   1.448107e-03   0.000000e+00   2818s
  226269    1.5177772e-08   1.435548e-01   0.000000e+00   2824s
  226369    1.5335194e-08   4.100963e-03   0.000000e+00   2829s
  226469    1.5522141e-08   8.921221e-03   0.000000e+00   2834s
  226569    1.5649658e-08   9.616157e-03   0.000000e+00   2839s
  226669    1.5869580e-08   6.021708e-03   0.000000e+00   2844s
  226769    1.6046191e-08   1.297594e-03   0.000000e+00   2849s
  226869    1.6218703e-08   1.781710e-03   0.000000e+00   2854s
  226969    1.6350025e-08   8.949271e-03   0.000000e+00   2859s
  227069    1.6538030e-08   4.066037e-01   0.000000e+00   2865s
  227169    1.6670040e-08   1.486583e-03   0.000000e+00   2870s
  227269    1.6839194e-08   1.971052e-02   0.000000e+00   2875s
  227369    1.6985884e-08   2.441040e-02   0.000000e+00   2880s
  227469    1.7136877e-08   1.036652e-01   0.000000e+00   2886s
  227569    1.7293834e-08   4.080298e-02   0.000000e+00   2891s
  227669    1.7505316e-08   3.158319e-03   0.000000e+00   2897s
  227769    1.7657865e-08   1.731783e-01   0.000000e+00   2902s
  227869    1.7824589e-08   1.103416e-03   0.000000e+00   2908s
  227969    1.7979702e-08   1.457628e-03   0.000000e+00   2913s
  228069    1.8199256e-08   6.270883e-03   0.000000e+00   2919s
  228169    1.8367105e-08   5.432752e-03   0.000000e+00   2924s
  228269    1.8657727e-08   2.850594e-03   0.000000e+00   2930s
  228369    1.8912308e-08   9.191116e-04   0.000000e+00   2936s
  228469    1.9131154e-08   8.670866e-03   0.000000e+00   2941s
  228569    1.9241391e-08   5.580625e-03   0.000000e+00   2947s
  228669    1.9344715e-08   6.831745e-02   0.000000e+00   2952s
  228769    1.9461047e-08   3.329552e-03   0.000000e+00   2958s
  228869    1.9634134e-08   9.340622e-04   0.000000e+00   2964s
  228969    1.9823194e-08   2.116110e-03   0.000000e+00   2970s
  229069    2.0017662e-08   4.182741e-03   0.000000e+00   2975s
  229169    2.0225708e-08   3.710061e-03   0.000000e+00   2981s
  229269    2.0339363e-08   4.960196e-03   0.000000e+00   2987s
  229369    2.0554845e-08   2.020562e-03   0.000000e+00   2992s
  229469    2.0765616e-08   1.977866e-02   0.000000e+00   2998s
  229569    2.0990673e-08   3.422752e-02   0.000000e+00   3004s
  229669    2.0991480e-08   1.238552e-02   0.000000e+00   3009s
  229769    2.1067383e-08   2.723543e-03   0.000000e+00   3015s
  229869    2.1329913e-08   5.728528e-03   0.000000e+00   3021s
  229969    2.1419485e-08   3.837216e-02   0.000000e+00   3026s
  230069    2.1653589e-08   1.289481e-03   0.000000e+00   3032s
  230169    2.1686286e-08   2.222165e-03   0.000000e+00   3038s
  230269    2.1922066e-08   6.322678e-02   0.000000e+00   3043s
  230369    2.2134143e-08   1.255597e-03   0.000000e+00   3049s
  230469    2.2324379e-08   5.199737e-03   0.000000e+00   3055s
  230569    2.2574151e-08   1.777056e-03   0.000000e+00   3061s
  230669    2.2845584e-08   4.342825e-02   0.000000e+00   3066s
  230769    2.3026742e-08   1.523879e-03   0.000000e+00   3072s
  230869    2.3254337e-08   5.566066e-03   0.000000e+00   3078s
  230969    2.3364643e-08   1.183563e-02   0.000000e+00   3083s
  231069    2.3617970e-08   2.929270e-03   0.000000e+00   3089s
  231169    2.3894860e-08   1.595397e-02   0.000000e+00   3095s
  231269    2.4114539e-08   3.560960e-03   0.000000e+00   3101s
  231369    2.4267977e-08   1.055493e-01   0.000000e+00   3107s
  231469    2.4270503e-08   6.927456e-03   0.000000e+00   3112s
  231569    2.4398971e-08   3.168110e-03   0.000000e+00   3118s
  231669    2.4712875e-08   9.154525e-03   0.000000e+00   3124s
  231769    2.4988472e-08   7.226452e-03   0.000000e+00   3129s
  231869    2.5289253e-08   6.680912e-03   0.000000e+00   3135s
  231969    2.5402254e-08   1.666794e-01   0.000000e+00   3141s
  232069    2.5565419e-08   4.001376e-03   0.000000e+00   3146s
  232169    2.5905377e-08   1.023728e-01   0.000000e+00   3152s
  232269    2.5955014e-08   4.043484e-03   0.000000e+00   3158s
  232369    2.5955015e-08   4.043484e-03   0.000000e+00   3163s
  232469    2.5955015e-08   4.043484e-03   0.000000e+00   3169s
  232569    2.5955015e-08   4.043484e-03   0.000000e+00   3175s
  232669    2.5955015e-08   4.043484e-03   0.000000e+00   3180s
  232769    2.5955015e-08   8.086967e-03   0.000000e+00   3185s
  232869    2.5955015e-08   4.043484e-03   0.000000e+00   3191s
  232969    2.5955015e-08   8.086967e-03   0.000000e+00   3196s
  233069    2.5955015e-08   4.043484e-03   0.000000e+00   3201s
  233169    2.5955015e-08   1.617393e-02   0.000000e+00   3207s
  233299    2.6064571e-08   5.676152e-02   0.000000e+00   3214s
  233419    2.6407920e-08   1.336519e-03   0.000000e+00   3221s
  233539    2.6713610e-08   3.220875e-03   0.000000e+00   3227s
  233659    2.6996440e-08   1.862312e-03   0.000000e+00   3234s
  233779    2.7188516e-08   3.685017e-03   0.000000e+00   3241s
  233899    2.7298847e-08   4.043484e-03   0.000000e+00   3248s
  234019    2.7298847e-08   8.086967e-03   0.000000e+00   3254s
  234139    2.7555380e-08   4.576867e-03   0.000000e+00   3261s
  234259    2.7891394e-08   1.926855e-02   0.000000e+00   3268s
  234379    2.7893016e-08   4.043484e-03   0.000000e+00   3275s
  234499    2.7893016e-08   4.043484e-03   0.000000e+00   3281s
  234619    2.7893016e-08   4.043484e-03   0.000000e+00   3288s
  234739    2.7893016e-08   4.043484e-03   0.000000e+00   3295s
  234859    2.7893016e-08   1.213045e-02   0.000000e+00   3301s
  234979    2.7893016e-08   8.086967e-03   0.000000e+00   3308s
  235099    2.7893016e-08   4.043484e-03   0.000000e+00   3314s
  235219    2.7893016e-08   4.043484e-03   0.000000e+00   3321s
  235339    2.7893016e-08   4.043484e-03   0.000000e+00   3328s
  235459    2.7893016e-08   4.043484e-03   0.000000e+00   3334s
  235579    2.7893016e-08   4.043484e-03   0.000000e+00   3341s
  235699    2.7893016e-08   4.043484e-03   0.000000e+00   3348s
  235819    2.7893016e-08   4.043484e-03   0.000000e+00   3354s
  235939    2.7893016e-08   4.043484e-03   0.000000e+00   3361s
  236059    2.7893016e-08   4.043484e-03   0.000000e+00   3368s
  236179    2.7893016e-08   4.043484e-03   0.000000e+00   3375s
  236299    2.7893016e-08   8.086967e-03   0.000000e+00   3382s
  236419    2.7893016e-08   4.043484e-03   0.000000e+00   3388s
  236539    2.7893016e-08   4.043484e-03   0.000000e+00   3395s
  236659    2.7893016e-08   4.043484e-03   0.000000e+00   3402s
  236779    2.7893016e-08   8.086967e-03   0.000000e+00   3409s
  236899    2.7893016e-08   8.086967e-03   0.000000e+00   3416s
  237019    2.7893016e-08   4.043484e-03   0.000000e+00   3423s
  237139    2.7893016e-08   8.086967e-03   0.000000e+00   3430s
  237259    2.7893016e-08   4.043484e-03   0.000000e+00   3437s
  237379    2.7893016e-08   4.043484e-03   0.000000e+00   3444s
  237499    2.7963641e-08   8.835106e-03   0.000000e+00   3451s
  237619    2.8037471e-08   4.043484e-03   0.000000e+00   3458s
  237739    2.8037472e-08   4.043484e-03   0.000000e+00   3465s
  237859    2.8037472e-08   4.043484e-03   0.000000e+00   3472s
  237979    2.8037472e-08   1.213045e-02   0.000000e+00   3479s
  238099    2.8224384e-08   4.043484e-03   0.000000e+00   3486s
  238219    2.8224385e-08   4.043484e-03   0.000000e+00   3493s
  238339    2.8224385e-08   4.043484e-03   0.000000e+00   3501s
  238459    2.8224385e-08   4.043484e-03   0.000000e+00   3508s
  238579    2.8224389e-08   4.043484e-03   0.000000e+00   3515s
  238699    2.8224389e-08   8.086967e-03   0.000000e+00   3522s
  238819    2.8224389e-08   4.043484e-03   0.000000e+00   3529s
  238939    2.8224389e-08   4.043484e-03   0.000000e+00   3536s
  239059    2.8224389e-08   8.086967e-03   0.000000e+00   3543s
  239179    2.8224389e-08   4.043484e-03   0.000000e+00   3550s
  239299    2.8224389e-08   4.043484e-03   0.000000e+00   3557s
  239419    2.8224389e-08   4.043484e-03   0.000000e+00   3564s
  239539    2.8224389e-08   4.043484e-03   0.000000e+00   3571s
  239659    2.8224389e-08   4.043484e-03   0.000000e+00   3578s
  239779    2.8224389e-08   4.043484e-03   0.000000e+00   3585s
  239899    2.8224389e-08   4.043484e-03   0.000000e+00   3593s
  240019    2.8224389e-08   8.086967e-03   0.000000e+00   3600s
  240139    2.8224393e-08   4.043484e-03   0.000000e+00   3607s
  240259    2.8224393e-08   4.043484e-03   0.000000e+00   3614s
  240379    2.8224393e-08   4.043484e-03   0.000000e+00   3621s
  240499    2.8224393e-08   8.086967e-03   0.000000e+00   3628s
  240619    2.8224393e-08   4.043484e-03   0.000000e+00   3635s
  240739    2.8224393e-08   4.043484e-03   0.000000e+00   3643s
  240859    2.8224393e-08   8.086967e-03   0.000000e+00   3650s
  240979    2.8224393e-08   8.086967e-03   0.000000e+00   3657s
  241099    2.8224393e-08   4.043484e-03   0.000000e+00   3664s
  241219    2.8224393e-08   4.043484e-03   0.000000e+00   3671s
  241339    2.8224395e-08   4.043484e-03   0.000000e+00   3678s
  241459    2.8224395e-08   1.213045e-02   0.000000e+00   3686s
  241579    2.8224395e-08   8.086967e-03   0.000000e+00   3693s
  241699    2.8224395e-08   4.043484e-03   0.000000e+00   3700s
  241819    2.8224395e-08   4.043484e-03   0.000000e+00   3707s
  241939    2.8224395e-08   4.043484e-03   0.000000e+00   3714s
  242059    2.8224395e-08   4.043484e-03   0.000000e+00   3722s
  242179    2.8224402e-08   4.043484e-03   0.000000e+00   3729s
  242299    2.8224402e-08   4.043484e-03   0.000000e+00   3736s
  242419    2.8224402e-08   4.043484e-03   0.000000e+00   3743s
  242539    2.8224402e-08   8.086967e-03   0.000000e+00   3751s
  242659    2.8224402e-08   8.086967e-03   0.000000e+00   3758s
  242779    2.8224403e-08   8.086967e-03   0.000000e+00   3765s
  242899    2.8224403e-08   4.043484e-03   0.000000e+00   3772s
  243019    2.8224403e-08   4.043484e-03   0.000000e+00   3780s
  243139    2.8224403e-08   4.043484e-03   0.000000e+00   3787s
  243259    2.8224403e-08   4.043484e-03   0.000000e+00   3794s
  243379    2.8224407e-08   4.043484e-03   0.000000e+00   3801s
  243499    2.8224407e-08   4.043484e-03   0.000000e+00   3809s
  243619    2.8224408e-08   4.043484e-03   0.000000e+00   3816s
  243739    2.8224408e-08   8.086967e-03   0.000000e+00   3823s
  243859    2.8224409e-08   4.043484e-03   0.000000e+00   3831s
  243979    2.8224410e-08   4.043484e-03   0.000000e+00   3838s
  244099    2.8224421e-08   4.043484e-03   0.000000e+00   3845s
  244219    2.8224429e-08   4.043484e-03   0.000000e+00   3853s
  244339    2.8224430e-08   4.043484e-03   0.000000e+00   3860s
  244459    2.8224430e-08   4.043484e-03   0.000000e+00   3867s
  244579    2.8224430e-08   4.043484e-03   0.000000e+00   3875s
  244699    2.8224430e-08   4.043484e-03   0.000000e+00   3882s
  244819    2.8224430e-08   8.086967e-03   0.000000e+00   3890s
  244939    2.8224432e-08   8.086967e-03   0.000000e+00   3897s
  245059    2.8224432e-08   4.043484e-03   0.000000e+00   3904s
  245179    2.8224432e-08   4.043484e-03   0.000000e+00   3912s
  245299    2.8224432e-08   4.043484e-03   0.000000e+00   3919s
  245419    2.8224433e-08   4.043484e-03   0.000000e+00   3926s
  245539    2.8224433e-08   4.043484e-03   0.000000e+00   3934s
  245659    2.8224433e-08   4.043484e-03   0.000000e+00   3941s
  245779    2.8224433e-08   4.043484e-03   0.000000e+00   3949s
  245899    2.8224433e-08   4.043484e-03   0.000000e+00   3956s
  246019    2.8224433e-08   1.213045e-02   0.000000e+00   3963s
  246139    2.8224433e-08   4.043484e-03   0.000000e+00   3971s
  246259    2.8224433e-08   4.043484e-03   0.000000e+00   3978s
  246379    2.8224433e-08   4.043484e-03   0.000000e+00   3986s
  246499    2.8224433e-08   8.086967e-03   0.000000e+00   3993s
  246619    2.8224433e-08   8.086967e-03   0.000000e+00   4000s
  246739    2.8224433e-08   1.213045e-02   0.000000e+00   4008s
  246859    2.8224433e-08   4.043484e-03   0.000000e+00   4015s
  246979    2.8224433e-08   4.043484e-03   0.000000e+00   4022s
  247099    2.8224435e-08   4.043484e-03   0.000000e+00   4030s
  247219    2.8224435e-08   4.043484e-03   0.000000e+00   4037s
  247339    2.8224435e-08   8.086967e-03   0.000000e+00   4045s
  247459    2.8224435e-08   4.043484e-03   0.000000e+00   4052s
  247579    2.8224444e-08   4.043484e-03   0.000000e+00   4060s
  247699    2.8224444e-08   8.086967e-03   0.000000e+00   4067s
  247819    2.8224447e-08   4.043484e-03   0.000000e+00   4075s
  247939    2.8224447e-08   4.043484e-03   0.000000e+00   4082s
  248059    2.8224448e-08   4.043484e-03   0.000000e+00   4089s
  248179    2.8224449e-08   8.086967e-03   0.000000e+00   4097s
  248299    2.8224449e-08   4.043484e-03   0.000000e+00   4104s
  248419    2.8224449e-08   8.086967e-03   0.000000e+00   4112s
  248539    2.8224449e-08   8.086967e-03   0.000000e+00   4119s
  248659    2.8224449e-08   4.043484e-03   0.000000e+00   4127s
  248779    2.8224449e-08   8.086967e-03   0.000000e+00   4134s
  248899    2.8224449e-08   4.043484e-03   0.000000e+00   4142s
  249019    2.8224449e-08   4.043484e-03   0.000000e+00   4149s
  249139    2.8224449e-08   4.043484e-03   0.000000e+00   4157s
  249259    2.8224478e-08   4.043484e-03   0.000000e+00   4164s
  249379    2.8224478e-08   4.043484e-03   0.000000e+00   4172s
  249499    2.8224479e-08   8.086967e-03   0.000000e+00   4179s
  249619    2.8224479e-08   4.043484e-03   0.000000e+00   4187s
  249739    2.8224479e-08   8.086967e-03   0.000000e+00   4194s
  249859    2.8224479e-08   4.043484e-03   0.000000e+00   4202s
  249979    2.8224479e-08   8.086967e-03   0.000000e+00   4209s
  250099    2.8224483e-08   4.043484e-03   0.000000e+00   4217s
  250219    2.8224483e-08   8.086967e-03   0.000000e+00   4224s
  250339    2.8224484e-08   8.086967e-03   0.000000e+00   4232s
  250459    2.8224484e-08   4.043484e-03   0.000000e+00   4239s
  250579    2.8224484e-08   4.043484e-03   0.000000e+00   4247s
  250699    2.8224484e-08   4.043484e-03   0.000000e+00   4255s
  250819    2.8224488e-08   4.043484e-03   0.000000e+00   4262s
  250939    2.8224488e-08   8.086967e-03   0.000000e+00   4270s
  251059    2.8224490e-08   4.043484e-03   0.000000e+00   4277s
  251179    2.8224490e-08   4.043484e-03   0.000000e+00   4285s
  251299    2.8224490e-08   4.043484e-03   0.000000e+00   4292s
  251419    2.8224490e-08   8.086967e-03   0.000000e+00   4300s
  251539    2.8224490e-08   4.043484e-03   0.000000e+00   4307s
  251659    2.8224635e-08   4.043484e-03   0.000000e+00   4315s
  251779    2.8224635e-08   4.043484e-03   0.000000e+00   4323s
  251899    2.8224635e-08   8.086967e-03   0.000000e+00   4330s
  252019    2.8224635e-08   8.086967e-03   0.000000e+00   4337s
  252139    2.8224635e-08   4.043484e-03   0.000000e+00   4345s
  252259    2.8224635e-08   4.043484e-03   0.000000e+00   4352s
  252379    2.8224635e-08   8.086967e-03   0.000000e+00   4360s
  252499    2.8224635e-08   4.043484e-03   0.000000e+00   4367s
  252619    2.8224635e-08   4.043484e-03   0.000000e+00   4375s
  252739    2.8224635e-08   4.043484e-03   0.000000e+00   4382s
  252859    2.8224635e-08   4.043484e-03   0.000000e+00   4390s
  252979    2.8224636e-08   8.086967e-03   0.000000e+00   4398s
  253099    2.8224636e-08   4.043484e-03   0.000000e+00   4405s
  253219    2.8224636e-08   4.043484e-03   0.000000e+00   4413s
  253339    2.8224636e-08   4.043484e-03   0.000000e+00   4421s
  253459    2.8224636e-08   8.086967e-03   0.000000e+00   4428s
  253579    2.8224636e-08   8.086967e-03   0.000000e+00   4436s
  253699    2.8224636e-08   4.043484e-03   0.000000e+00   4444s
  253819    2.8224636e-08   4.043484e-03   0.000000e+00   4452s
  253939    2.8224636e-08   4.043484e-03   0.000000e+00   4459s
  254059    2.8224636e-08   4.043484e-03   0.000000e+00   4467s
  254179    2.8224636e-08   8.086967e-03   0.000000e+00   4475s
  254299    2.8224636e-08   4.043484e-03   0.000000e+00   4483s
  254419    2.8224636e-08   4.043484e-03   0.000000e+00   4490s
  254539    2.8224636e-08   4.043484e-03   0.000000e+00   4498s
  254659    2.8224636e-08   8.086967e-03   0.000000e+00   4506s
  254779    2.8224636e-08   4.043484e-03   0.000000e+00   4513s
  254899    2.8224636e-08   8.086967e-03   0.000000e+00   4521s
  255019    2.8224636e-08   4.043484e-03   0.000000e+00   4529s
  255139    2.8224636e-08   4.043484e-03   0.000000e+00   4536s
  255259    2.8224636e-08   8.086967e-03   0.000000e+00   4544s
  255379    2.8224636e-08   4.043484e-03   0.000000e+00   4552s
  255499    2.8224636e-08   8.086967e-03   0.000000e+00   4559s
  255619    2.8224636e-08   8.086967e-03   0.000000e+00   4567s
  255739    2.8224636e-08   4.043484e-03   0.000000e+00   4574s
  255859    2.8224636e-08   4.043484e-03   0.000000e+00   4581s
  255979    2.8224636e-08   4.043484e-03   0.000000e+00   4589s
  256099    2.8224636e-08   4.043484e-03   0.000000e+00   4596s
  256219    2.8224636e-08   8.086967e-03   0.000000e+00   4603s
  256339    2.8224636e-08   8.086967e-03   0.000000e+00   4611s
  256459    2.8224636e-08   4.043484e-03   0.000000e+00   4619s
  256579    2.8224636e-08   4.043484e-03   0.000000e+00   4626s
  256699    2.8224636e-08   4.043484e-03   0.000000e+00   4634s
  256819    2.8224636e-08   4.043484e-03   0.000000e+00   4641s
  256939    2.8224636e-08   4.043484e-03   0.000000e+00   4649s
  257059    2.8224636e-08   4.043484e-03   0.000000e+00   4657s
  257179    2.8224636e-08   4.043484e-03   0.000000e+00   4664s
  257299    2.8224636e-08   4.043484e-03   0.000000e+00   4672s
  257419    2.8224636e-08   4.043484e-03   0.000000e+00   4679s
  257539    2.8224636e-08   4.043484e-03   0.000000e+00   4687s
  257659    2.8224636e-08   8.086967e-03   0.000000e+00   4695s
  257779    2.8224636e-08   4.043484e-03   0.000000e+00   4702s
  257899    2.8224636e-08   4.043484e-03   0.000000e+00   4710s
  258019    2.8224636e-08   4.043484e-03   0.000000e+00   4718s
  258139    2.8224636e-08   4.043484e-03   0.000000e+00   4725s
  258259    2.8224636e-08   4.043484e-03   0.000000e+00   4733s
  258379    2.8224636e-08   4.043484e-03   0.000000e+00   4740s
  258499    2.8224636e-08   4.043484e-03   0.000000e+00   4748s
  258619    2.8224636e-08   8.086967e-03   0.000000e+00   4756s
  258739    2.8224636e-08   8.086967e-03   0.000000e+00   4764s
  258859    2.8224636e-08   8.086967e-03   0.000000e+00   4771s
  258979    2.8224636e-08   4.043484e-03   0.000000e+00   4779s
  259099    2.8224636e-08   4.043484e-03   0.000000e+00   4786s
  259219    2.8224636e-08   4.043484e-03   0.000000e+00   4794s
  259339    2.8224636e-08   4.043484e-03   0.000000e+00   4802s
  259459    2.8224636e-08   4.043484e-03   0.000000e+00   4810s
  259579    2.8224636e-08   4.043484e-03   0.000000e+00   4817s
  259699    2.8224636e-08   4.043484e-03   0.000000e+00   4825s
  259819    2.8224636e-08   8.086967e-03   0.000000e+00   4832s
  259939    2.8224636e-08   4.043484e-03   0.000000e+00   4840s
  260059    2.8224636e-08   4.043484e-03   0.000000e+00   4848s
  260179    2.8224636e-08   4.043484e-03   0.000000e+00   4855s
  260299    2.8224636e-08   4.043484e-03   0.000000e+00   4863s
  260419    2.8224636e-08   4.043484e-03   0.000000e+00   4871s
  260539    2.8224636e-08   8.086967e-03   0.000000e+00   4878s
  260659    2.8224636e-08   4.043484e-03   0.000000e+00   4886s
  260779    2.8224636e-08   4.043484e-03   0.000000e+00   4894s
  260899    2.8224636e-08   8.086967e-03   0.000000e+00   4902s
  261019    2.8224636e-08   4.043484e-03   0.000000e+00   4909s
  261139    2.8224636e-08   4.043484e-03   0.000000e+00   4917s
  261259    2.8224636e-08   4.043484e-03   0.000000e+00   4925s
  261379    2.8224636e-08   4.043484e-03   0.000000e+00   4932s
  261499    2.8224636e-08   8.086967e-03   0.000000e+00   4940s
  261619    2.8224636e-08   4.043484e-03   0.000000e+00   4948s
  261739    2.8224636e-08   4.043484e-03   0.000000e+00   4956s
  261859    2.8224636e-08   4.043484e-03   0.000000e+00   4963s
  261979    2.8224636e-08   8.086967e-03   0.000000e+00   4971s
  262099    2.8224636e-08   4.043484e-03   0.000000e+00   4979s
  262219    2.8224636e-08   4.043484e-03   0.000000e+00   4986s
  262339    2.8224636e-08   4.043484e-03   0.000000e+00   4994s
  262459    2.8224636e-08   4.043484e-03   0.000000e+00   5002s
  262579    2.8224636e-08   4.043484e-03   0.000000e+00   5010s
  262699    2.8224636e-08   4.043484e-03   0.000000e+00   5017s
  262819    2.8224636e-08   8.086967e-03   0.000000e+00   5025s
  262939    2.8224636e-08   8.086967e-03   0.000000e+00   5032s
  263059    2.8224636e-08   4.043484e-03   0.000000e+00   5040s
  263179    2.8224636e-08   4.043484e-03   0.000000e+00   5048s
  263299    2.8224636e-08   4.043484e-03   0.000000e+00   5055s
  263419    2.8224636e-08   4.043484e-03   0.000000e+00   5063s
  263539    2.8224636e-08   4.043484e-03   0.000000e+00   5070s
  263659    2.8224636e-08   8.086967e-03   0.000000e+00   5078s
  263779    2.8224636e-08   4.043484e-03   0.000000e+00   5086s
  263899    2.8224636e-08   4.043484e-03   0.000000e+00   5093s
  264019    2.8224636e-08   4.043484e-03   0.000000e+00   5101s
  264139    2.8224636e-08   4.043484e-03   0.000000e+00   5109s
  264259    2.8224636e-08   4.043484e-03   0.000000e+00   5116s
  264379    2.8224636e-08   4.043484e-03   0.000000e+00   5124s
  264499    2.8224636e-08   4.043484e-03   0.000000e+00   5131s
  264619    2.8224636e-08   4.043484e-03   0.000000e+00   5139s
  264739    2.8224636e-08   4.043484e-03   0.000000e+00   5147s
  264859    2.8224636e-08   4.043484e-03   0.000000e+00   5154s
  264979    2.8224636e-08   4.043484e-03   0.000000e+00   5162s
  265099    2.8224636e-08   8.086967e-03   0.000000e+00   5170s
  265219    2.8224636e-08   4.043484e-03   0.000000e+00   5177s
  265339    2.8224636e-08   4.043484e-03   0.000000e+00   5185s
  265459    2.8224636e-08   8.086967e-03   0.000000e+00   5193s
  265579    2.8224636e-08   4.043484e-03   0.000000e+00   5200s
  265699    2.8224636e-08   8.086967e-03   0.000000e+00   5207s
  265819    2.8224636e-08   4.043484e-03   0.000000e+00   5215s
  265939    2.8224636e-08   4.043484e-03   0.000000e+00   5223s
  266059    2.8224636e-08   4.043484e-03   0.000000e+00   5230s
  266179    2.8224636e-08   4.043484e-03   0.000000e+00   5238s
  266299    2.8224636e-08   4.043484e-03   0.000000e+00   5245s
  266419    2.8224636e-08   4.043484e-03   0.000000e+00   5253s
  266539    2.8224636e-08   4.043484e-03   0.000000e+00   5260s
  266659    2.8224636e-08   8.086967e-03   0.000000e+00   5268s
  266779    2.8224636e-08   4.043484e-03   0.000000e+00   5275s
  266899    2.8224636e-08   4.043484e-03   0.000000e+00   5283s
  267019    2.8224636e-08   4.043484e-03   0.000000e+00   5290s
  267139    2.8224636e-08   4.043484e-03   0.000000e+00   5298s
  267259    2.8224636e-08   8.086967e-03   0.000000e+00   5305s
  267379    2.8224636e-08   4.043484e-03   0.000000e+00   5312s
  267499    2.8224636e-08   4.043484e-03   0.000000e+00   5320s
  267619    2.8224636e-08   4.043484e-03   0.000000e+00   5327s
  267739    2.8224636e-08   4.043484e-03   0.000000e+00   5334s
  267859    2.8224636e-08   4.043484e-03   0.000000e+00   5341s
  267979    2.8225703e-08   2.297732e-02   0.000000e+00   5348s
  268099    2.8566982e-08   9.974460e-03   0.000000e+00   5355s
  268219    2.8881813e-08   3.932609e-03   0.000000e+00   5363s
  268339    2.9094686e-08   2.829748e-03   0.000000e+00   5370s
  268459    2.9385921e-08   4.347820e-03   0.000000e+00   5377s
  268579    2.9727961e-08   1.672944e-02   0.000000e+00   5384s
  268699    3.0060377e-08   5.856431e-03   0.000000e+00   5391s
  268819    3.0063714e-08   1.060057e-01   0.000000e+00   5398s
  268939    3.0063983e-08   2.598244e-01   0.000000e+00   5405s
  269059    3.0402213e-08   1.501865e-01   0.000000e+00   5412s
  269179    3.0728473e-08   9.660141e-03   0.000000e+00   5419s
  269299    3.1063874e-08   1.255597e-03   0.000000e+00   5426s
  269419    3.1359401e-08   1.764122e-02   0.000000e+00   5433s
  269539    3.1798924e-08   5.981682e-02   0.000000e+00   5440s
  269659    3.2201279e-08   8.990355e-03   0.000000e+00   5447s
  269779    3.2373756e-08   8.003053e-02   0.000000e+00   5453s
  269899    3.2708872e-08   4.212457e-03   0.000000e+00   5460s
  270019    3.3078274e-08   2.736613e-02   0.000000e+00   5467s
  270139    3.3515337e-08   2.291023e-02   0.000000e+00   5474s
  270259    3.3862589e-08   3.268270e-02   0.000000e+00   5481s
  270379    3.4328238e-08   3.932609e-03   0.000000e+00   5488s
  270499    3.4540589e-08   5.245106e-03   0.000000e+00   5494s
  270619    3.4669697e-08   6.417679e-03   0.000000e+00   5501s
  270739    3.5085711e-08   3.167830e-02   0.000000e+00   5508s
  270859    3.5538050e-08   4.001376e-03   0.000000e+00   5515s
  270979    3.6062373e-08   3.932609e-03   0.000000e+00   5521s
  271099    3.6386854e-08   1.482318e-01   0.000000e+00   5528s
  271219    3.6583697e-08   8.594787e-02   0.000000e+00   5534s
  271339    3.6739200e-08   7.525973e-03   0.000000e+00   5541s
  271459    3.7091829e-08   1.347180e-02   0.000000e+00   5547s
  271579    3.7365977e-08   1.127785e-02   0.000000e+00   5554s
  271699    3.7876995e-08   9.401774e-03   0.000000e+00   5560s
  271819    3.8275808e-08   1.525622e-03   0.000000e+00   5567s
  271939    3.8506005e-08   1.125266e-01   0.000000e+00   5573s
  272059    3.8788554e-08   1.656297e-01   0.000000e+00   5580s
  272179    3.9194050e-08   1.279326e-02   0.000000e+00   5586s
  272299    3.9604335e-08   1.777056e-03   0.000000e+00   5593s
  272419    4.0082229e-08   8.510880e-03   0.000000e+00   5599s
  272539    4.0563275e-08   4.716852e-03   0.000000e+00   5606s
  272659    4.1063689e-08   3.309306e-02   0.000000e+00   5612s
  272779    4.1444562e-08   8.417586e-03   0.000000e+00   5619s
  272899    4.1883866e-08   2.139162e-03   0.000000e+00   5625s
  273019    4.2033840e-08   5.198517e-02   0.000000e+00   5632s
  273139    4.2305282e-08   5.983733e-02   0.000000e+00   5639s
  273259    4.2860968e-08   1.490610e-03   0.000000e+00   5646s
  273379    4.3218508e-08   2.747427e-02   0.000000e+00   5652s
  273509    4.3631843e-08   2.430013e-01   0.000000e+00   5659s
  273629    4.4100316e-08   1.575904e-02   0.000000e+00   5666s
  273749    4.4574495e-08   4.768450e-01   0.000000e+00   5674s
  273869    4.4646315e-08   8.834700e-03   0.000000e+00   5681s
  273989    4.4829056e-08   4.663256e-02   0.000000e+00   5688s
  274109    4.5077043e-08   2.124322e-01   0.000000e+00   5695s
  274229    4.5275732e-08   1.294025e-02   0.000000e+00   5702s
  274349    4.5508610e-08   7.203630e-02   0.000000e+00   5709s
  274469    4.5710389e-08   8.212871e-03   0.000000e+00   5716s
  274589    4.5889449e-08   3.020932e-02   0.000000e+00   5723s
  274709    4.6077653e-08   1.322445e-02   0.000000e+00   5730s
  274829    4.6243427e-08   7.533010e-02   0.000000e+00   5737s
  274949    4.6369747e-08   1.028692e-01   0.000000e+00   5744s
  275069    4.6477908e-08   5.407884e-03   0.000000e+00   5752s
  275189    4.6704628e-08   2.097246e-02   0.000000e+00   5759s
  275309    4.6872013e-08   3.196925e-03   0.000000e+00   5766s
  275429    4.7070294e-08   4.639013e-02   0.000000e+00   5773s
  275549    4.7260062e-08   3.808901e-03   0.000000e+00   5780s
  275669    4.7460210e-08   1.680530e-01   0.000000e+00   5787s
  275789    4.7657604e-08   4.430127e-02   0.000000e+00   5795s
  275909    4.7908606e-08   9.382543e-02   0.000000e+00   5802s
  276029    4.8170939e-08   2.880029e-03   0.000000e+00   5809s
  276149    4.8351733e-08   3.049627e-03   0.000000e+00   5816s
  276269    4.8557812e-08   1.989783e-03   0.000000e+00   5823s
  276389    4.8790059e-08   5.236736e-03   0.000000e+00   5830s
  276519    4.8926646e-08   1.072605e-03   0.000000e+00   5838s
  276639    4.9202087e-08   3.370941e-03   0.000000e+00   5845s
  276769    4.9433025e-08   1.729533e-03   0.000000e+00   5853s
  276889    4.9677136e-08   4.557056e-03   0.000000e+00   5860s
  277009    4.9920961e-08   8.748663e-04   0.000000e+00   5867s
  277129    5.0089102e-08   1.060751e-02   0.000000e+00   5874s
  277249    5.0301622e-08   8.232795e-03   0.000000e+00   5881s
  277369    5.0513990e-08   1.117075e-02   0.000000e+00   5889s
  277489    5.0741285e-08   7.786020e-03   0.000000e+00   5896s
  277619    5.0924370e-08   1.387621e-02   0.000000e+00   5903s
  277739    5.0999037e-08   4.780337e-03   0.000000e+00   5910s
  277859    5.1068519e-08   4.773226e-02   0.000000e+00   5918s
  277979    5.1130033e-08   5.549482e-03   0.000000e+00   5925s
  278099    5.1197721e-08   1.965931e-03   0.000000e+00   5932s
  278219    5.1245965e-08   9.168742e-03   0.000000e+00   5939s
  278317    0.0000000e+00   0.000000e+00   0.000000e+00   5945s

Solved in 278317 iterations and 5945.49 seconds (6450.17 work units)
Optimal objective  0.000000000e+00
LP solving took 5945.927 s.

Number of states satisfying multi(R{"rew_gold"}>=0.05625 [ S ], R{"rew_gem"}>=0.05625 [ S ]): 1

Property satisfied in 1 of 1 initial states.

Time for model checking: 5951.956 seconds.

Result: true (property satisfied in the initial state)


##############################Output to stderr##############################
Picked up JAVA_TOOL_OPTIONS: -Xmx30g -Xss1g


############################## Notes ##############################
MultiGain default settings.. Achievability queries
