Command:	~/prism/prism/bin/prism /rwthfs/rz/cluster/home/tq429871/git/diss/benchmarking/models/rov/rov.prism /rwthfs/rz/cluster/home/tq429871/git/diss/benchmarking/models/rov/rov-B1000Unf1-RtRtachievability.props -const B=1000,Unf=1 -sparse -cuddmaxmem 4g -gs -maxiters 1000000000 -multimaxpoints 1000000 -absolute
Wallclock time:	7.219241142272949
Return code:	0
Output:
java -Xmx30g -Xss1g -Djava.awt.headless=true -Djava.library.path=/home/tq429871/prism/prism/lib -classpath /home/tq429871/prism/prism/lib/prism.jar:/home/tq429871/prism/prism/classes:/home/tq429871/prism/prism:/home/tq429871/prism/prism/lib/pepa.zip:/home/tq429871/prism/prism/lib/* prism.PrismCL /rwthfs/rz/cluster/home/tq429871/git/diss/benchmarking/models/rov/rov.prism /rwthfs/rz/cluster/home/tq429871/git/diss/benchmarking/models/rov/rov-B1000Unf1-RtRtachievability.props -const B=1000,Unf=1 -sparse -cuddmaxmem 4g -gs -maxiters 1000000000 -multimaxpoints 1000000 -absolute
PRISM
=====

Version: 4.7.dev
Date: Sun Dec 18 01:12:13 GMT+01:00 2022
Hostname: nihm020.hpc.itc.rwth-aachen.de
Memory limits: cudd=4g, java(heap)=30g
Command line: prism /rwthfs/rz/cluster/home/tq429871/git/diss/benchmarking/models/rov/rov.prism /rwthfs/rz/cluster/home/tq429871/git/diss/benchmarking/models/rov/rov-B1000Unf1-RtRtachievability.props -const 'B=1000,Unf=1' -sparse -cuddmaxmem 4g -gs -maxiters 1000000000 -multimaxpoints 1000000 -absolute

Parsing model file "/rwthfs/rz/cluster/home/tq429871/git/diss/benchmarking/models/rov/rov.prism"...

Type:        MDP
Modules:     rover battery value_counting_module time_counting_module energy_counting_module unfold 
Variables:   task success done increased_energy counter_value counter_time counter_energy 

Parsing properties file "/rwthfs/rz/cluster/home/tq429871/git/diss/benchmarking/models/rov/rov-B1000Unf1-RtRtachievability.props"...

1 property:
(1) "RtRt": multi(R{"time"}<=4583.3333491 [ C ], R{"energy"}<=4399.999998900001 [ C ])

---------------------------------------------------------------------

Model checking: "RtRt": multi(R{"time"}<=4583.3333491 [ C ], R{"energy"}<=4399.999998900001 [ C ])
Model constants: Unf=1,B=1000

Building model...
Model constants: Unf=1,B=1000

Warning: Guard for command 6 of module "rover" is never satisfied.

Warning: Guard for command 2 of module "time_counting_module" is never satisfied.

Computing reachable states...

Reachability (BFS): 344 iterations in 0.03 seconds (average 0.000081, setup 0.00)

Time for model construction: 3.766 seconds.

Warning: Deadlocks detected and fixed in 1 states

Type:        MDP
States:      37501 (1 initial)
Transitions: 70001
Choices:     45001

Transition matrix: 962 nodes (8 terminal), 70001 minterms, vars: 21r/21c/6nd
Total time for product construction: 0.0 seconds.

States:      37501 (1 initial)
Transitions: 70001
Choices:     45001

Transition matrix: 962 nodes (8 terminal), 70001 minterms, vars: 21r/21c/6nd

Prob0A: 1 iterations in 0.00 seconds (average 0.000000, setup 0.00)

yes = 0, no = 0, maybe = 37501

Computing remaining probabilities...
Engine: Sparse
Iterative method: 1060 iterations in 1.36 seconds (average 0.001287, setup 0.00)
The value iteration(s) took 1.422 seconds altogether.
Number of weight vectors used: 1
Multi-objective value iterations took 1.422 s.

Property satisfied in 0 of 1 initial states.

Time for model checking: 2.759 seconds.

Result: false

---------------------------------------------------------------------

Note: There were 3 warnings during computation.


##############################Output to stderr##############################
Picked up JAVA_TOOL_OPTIONS: -Xmx30g -Xss1g


############################## Notes ##############################
Prism.. Achievability queries. Gauss-Seidl VI.
