Command:	~/prism/prism/bin/prism /rwthfs/rz/cluster/home/tq429871/git/diss/benchmarking/models/ejs/ejs2.prism /rwthfs/rz/cluster/home/tq429871/git/diss/benchmarking/models/ejs/ejs-N2B003Unf3-PfPfachievability.props -const B=3,Unf=3 -sparse -cuddmaxmem 4g -gs -maxiters 1000000000 -multimaxpoints 1000000 -absolute
Wallclock time:	27.883174180984497
Return code:	0
Output:
java -Xmx30g -Xss1g -Djava.awt.headless=true -Djava.library.path=/home/tq429871/prism/prism/lib -classpath /home/tq429871/prism/prism/lib/prism.jar:/home/tq429871/prism/prism/classes:/home/tq429871/prism/prism:/home/tq429871/prism/prism/lib/pepa.zip:/home/tq429871/prism/prism/lib/* prism.PrismCL /rwthfs/rz/cluster/home/tq429871/git/diss/benchmarking/models/ejs/ejs2.prism /rwthfs/rz/cluster/home/tq429871/git/diss/benchmarking/models/ejs/ejs-N2B003Unf3-PfPfachievability.props -const B=3,Unf=3 -sparse -cuddmaxmem 4g -gs -maxiters 1000000000 -multimaxpoints 1000000 -absolute
PRISM
=====

Version: 4.7.dev
Date: Sat Dec 17 03:37:39 GMT+01:00 2022
Hostname: nihm018.hpc.itc.rwth-aachen.de
Memory limits: cudd=4g, java(heap)=30g
Command line: prism /rwthfs/rz/cluster/home/tq429871/git/diss/benchmarking/models/ejs/ejs2.prism /rwthfs/rz/cluster/home/tq429871/git/diss/benchmarking/models/ejs/ejs-N2B003Unf3-PfPfachievability.props -const 'B=3,Unf=3' -sparse -cuddmaxmem 4g -gs -maxiters 1000000000 -multimaxpoints 1000000 -absolute

Parsing model file "/rwthfs/rz/cluster/home/tq429871/git/diss/benchmarking/models/ejs/ejs2.prism"...

Type:        MDP
Modules:     Process_1 Resources Process_2 energyGlobal energyLocal utilityGlobal utilityLocal unfold 
Variables:   failure_1 loc_1 t_1 boost_1 user_1 loc_2 t_2 failure_2 r4 r2 r3 r1 

Parsing properties file "/rwthfs/rz/cluster/home/tq429871/git/diss/benchmarking/models/ejs/ejs-N2B003Unf3-PfPfachievability.props"...

1 property:
(1) "PfPf": multi(P>=0.75185185185 [ F "exceedUtLo"&!"exceedEnLo" ], P>=0.9 [ F "exceedUtGl"&!"exceedEnGl" ])

---------------------------------------------------------------------

Model checking: "PfPf": multi(P>=0.75185185185 [ F "exceedUtLo"&!"exceedEnLo" ], P>=0.9 [ F "exceedUtGl"&!"exceedEnGl" ])
Model constants: Unf=3,B=3

Building model...
Model constants: Unf=3,B=3

Computing reachable states...

Reachability (BFS): 50 iterations in 1.25 seconds (average 0.024980, setup 0.00)

Time for model construction: 5.62 seconds.

Warning: Deadlocks detected and fixed in 264 states

Type:        MDP
States:      216575 (1 initial)
Transitions: 398551
Choices:     253320

Transition matrix: 249961 nodes (7 terminal), 398551 minterms, vars: 38r/38c/3nd

Building deterministic Rabin automaton (for F "L0")...
Taking DRA from library...
DRA has 2 states, 1 Rabin pairs.Time for Rabin translation: 0.079 seconds.

Constructing MDP-DRA product...

Reachability (BFS): 50 iterations in 1.77 seconds (average 0.035360, setup 0.00)
States:      229790 (1 initial)
Transitions: 422639
Choices:     268574

Transition matrix: 267646 nodes (7 terminal), 422639 minterms, vars: 39r/39c/3nd

Building deterministic Rabin automaton (for F "L0")...
Taking DRA from library...
DRA has 2 states, 1 Rabin pairs.Time for Rabin translation: 0.0 seconds.

Constructing MDP-DRA product...

Reachability (BFS): 50 iterations in 2.15 seconds (average 0.042900, setup 0.00)
States:      229790 (1 initial)
Transitions: 422639
Choices:     268574

Transition matrix: 340776 nodes (7 terminal), 422639 minterms, vars: 40r/40c/3nd
Total time for product construction: 14.379 seconds.

States:      229790 (1 initial)
Transitions: 422639
Choices:     268574

Transition matrix: 340776 nodes (7 terminal), 422639 minterms, vars: 40r/40c/3nd

Finding accepting end components for F "exceedUtLo"&!"exceedEnLo"...
Time for end component identification: 0.002 seconds.

Finding accepting end components for F "exceedUtGl"&!"exceedEnGl"...
Time for end component identification: 0.001 seconds.

Prob0A: 35 iterations in 1.48 seconds (average 0.042286, setup 0.00)

yes = 524, no = 0, maybe = 229266

Computing remaining probabilities...
Engine: Sparse
Iterative method: 12 iterations in 0.08 seconds (average 0.006417, setup 0.00)
The value iteration(s) took 0.748 seconds altogether.
Number of weight vectors used: 1
Multi-objective value iterations took 0.748 s.

Property satisfied in 1 of 1 initial states.

Time for model checking: 19.927 seconds.

Result: true

---------------------------------------------------------------------

Note: There was 1 warning during computation.


##############################Output to stderr##############################
Picked up JAVA_TOOL_OPTIONS: -Xmx30g -Xss1g


############################## Notes ##############################
Prism.. Achievability queries. Gauss-Seidl VI.
