Command:	~/prism/prism/bin/prism /rwthfs/rz/cluster/home/tq429871/git/diss/benchmarking/models/tea/tea5.prism /rwthfs/rz/cluster/home/tq429871/git/diss/benchmarking/models/tea/tea-N5-PfRtachievability.props -sparse -cuddmaxmem 4g -gs -maxiters 1000000000 -multimaxpoints 1000000 -absolute
Wallclock time:	4335.100602865219
Return code:	0
Output:
java -Xmx30g -Xss1g -Djava.awt.headless=true -Djava.library.path=/home/tq429871/prism/prism/lib -classpath /home/tq429871/prism/prism/lib/prism.jar:/home/tq429871/prism/prism/classes:/home/tq429871/prism/prism:/home/tq429871/prism/prism/lib/pepa.zip:/home/tq429871/prism/prism/lib/* prism.PrismCL /rwthfs/rz/cluster/home/tq429871/git/diss/benchmarking/models/tea/tea5.prism /rwthfs/rz/cluster/home/tq429871/git/diss/benchmarking/models/tea/tea-N5-PfRtachievability.props -sparse -cuddmaxmem 4g -gs -maxiters 1000000000 -multimaxpoints 1000000 -absolute
PRISM
=====

Version: 4.7.dev
Date: Sun Dec 18 10:52:49 GMT+01:00 2022
Hostname: nihm020.hpc.itc.rwth-aachen.de
Memory limits: cudd=4g, java(heap)=30g
Command line: prism /rwthfs/rz/cluster/home/tq429871/git/diss/benchmarking/models/tea/tea5.prism /rwthfs/rz/cluster/home/tq429871/git/diss/benchmarking/models/tea/tea-N5-PfRtachievability.props -sparse -cuddmaxmem 4g -gs -maxiters 1000000000 -multimaxpoints 1000000 -absolute

Parsing model file "/rwthfs/rz/cluster/home/tq429871/git/diss/benchmarking/models/tea/tea5.prism"...

Type:        MDP
Modules:     controller sensor1 sensor2 sensor3 sensor4 sensor5 
Variables:   status t1_r1 t1_r2 t1_r3 t2_r1 t2_r2 t2_r3 turn1 turn2 turn3 turn4 turn5 state1 m1_t1 m1_t2 state2 m2_t1 m2_t2 state3 m3_t1 m3_t2 state4 m4_t1 m4_t2 state5 m5_t1 m5_t2 

Parsing properties file "/rwthfs/rz/cluster/home/tq429871/git/diss/benchmarking/models/tea/tea-N5-PfRtachievability.props"...

1 property:
(1) "PfRt": multi(P>=0.9 [ F task1_completed ], R{"w_1_total"}>=2.6081632656 [ C ])

---------------------------------------------------------------------

Model checking: "PfRt": multi(P>=0.9 [ F task1_completed ], R{"w_1_total"}>=2.6081632656 [ C ])

Building model...

Computing reachable states...

Reachability (BFS): 19 iterations in 1.47 seconds (average 0.077421, setup 0.00)

Time for model construction: 4.482 seconds.

Type:        MDP
States:      907993 (1 initial)
Transitions: 1084752
Choices:     1078873

Transition matrix: 361071 nodes (4 terminal), 1084752 minterms, vars: 40r/40c/16nd

Building deterministic Rabin automaton (for F "L0")...
Taking DRA from library...
DRA has 2 states, 1 Rabin pairs.Time for Rabin translation: 0.046 seconds.

Constructing MDP-DRA product...

Reachability (BFS): 19 iterations in 1.43 seconds (average 0.075000, setup 0.00)
States:      907993 (1 initial)
Transitions: 1084752
Choices:     1078873

Transition matrix: 388712 nodes (4 terminal), 1084752 minterms, vars: 41r/41c/16nd
Total time for product construction: 6.263 seconds.

States:      907993 (1 initial)
Transitions: 1084752
Choices:     1078873

Transition matrix: 388712 nodes (4 terminal), 1084752 minterms, vars: 41r/41c/16nd

Finding accepting end components for F task1_completed...
Time for end component identification: 1.268 seconds.

Prob0A: 15 iterations in 1.33 seconds (average 0.088533, setup 0.00)

yes = 52200, no = 0, maybe = 855793

Computing remaining probabilities...
Engine: Sparse
Iterative method: 20 iterations in 0.59 seconds (average 0.029150, setup 0.00)
Iterative method: 20 iterations in 0.57 seconds (average 0.028400, setup 0.00)
The value iteration(s) took 2.887 seconds altogether.
Number of weight vectors used: 2
Multi-objective value iterations took 2.887 s.

Property satisfied in 1 of 1 initial states.

Time for model checking: 4328.62 seconds.

Result: true


##############################Output to stderr##############################
Picked up JAVA_TOOL_OPTIONS: -Xmx30g -Xss1g


############################## Notes ##############################
Prism.. Achievability queries. Gauss-Seidl VI.
