Command:	~/prism/prism/bin/prism /rwthfs/rz/cluster/home/tq429871/git/diss/benchmarking/models/ejs/ejs3.prism /rwthfs/rz/cluster/home/tq429871/git/diss/benchmarking/models/ejs/ejs-N3B005Unf1-RtRtachievability.props -const B=5,Unf=1 -sparse -cuddmaxmem 4g -gs -maxiters 1000000000 -multimaxpoints 1000000 -absolute
Wallclock time:	2.764319658279419
Return code:	0
Output:
java -Xmx30g -Xss1g -Djava.awt.headless=true -Djava.library.path=/home/tq429871/prism/prism/lib -classpath /home/tq429871/prism/prism/lib/prism.jar:/home/tq429871/prism/prism/classes:/home/tq429871/prism/prism:/home/tq429871/prism/prism/lib/pepa.zip:/home/tq429871/prism/prism/lib/* prism.PrismCL /rwthfs/rz/cluster/home/tq429871/git/diss/benchmarking/models/ejs/ejs3.prism /rwthfs/rz/cluster/home/tq429871/git/diss/benchmarking/models/ejs/ejs-N3B005Unf1-RtRtachievability.props -const B=5,Unf=1 -sparse -cuddmaxmem 4g -gs -maxiters 1000000000 -multimaxpoints 1000000 -absolute
PRISM
=====

Version: 4.7.dev
Date: Sat Dec 17 03:42:19 GMT+01:00 2022
Hostname: nihm021.hpc.itc.rwth-aachen.de
Memory limits: cudd=4g, java(heap)=30g
Command line: prism /rwthfs/rz/cluster/home/tq429871/git/diss/benchmarking/models/ejs/ejs3.prism /rwthfs/rz/cluster/home/tq429871/git/diss/benchmarking/models/ejs/ejs-N3B005Unf1-RtRtachievability.props -const 'B=5,Unf=1' -sparse -cuddmaxmem 4g -gs -maxiters 1000000000 -multimaxpoints 1000000 -absolute

Parsing model file "/rwthfs/rz/cluster/home/tq429871/git/diss/benchmarking/models/ejs/ejs3.prism"...

Type:        MDP
Modules:     Resources Process_1 Process_2 Process_3 energyGlobal energyLocal utilityGlobal utilityLocal unfold 
Variables:   boost_1 user_1 failure_1 loc_1 t_1 failure_2 loc_2 t_2 t_3 failure_3 loc_3 r4 r2 r3 r1 

Parsing properties file "/rwthfs/rz/cluster/home/tq429871/git/diss/benchmarking/models/ejs/ejs-N3B005Unf1-RtRtachievability.props"...

1 property:
(1) "RtRt": multi(R{"energyGlobal"}<=294.06528228 [ C ], R{"ticks"}<=30.145576714 [ C ])

---------------------------------------------------------------------

Model checking: "RtRt": multi(R{"energyGlobal"}<=294.06528228 [ C ], R{"ticks"}<=30.145576714 [ C ])
Model constants: Unf=1,B=5

Building model...
Model constants: Unf=1,B=5

Computing reachable states...

Reachability (BFS): 27 iterations in 0.10 seconds (average 0.003778, setup 0.00)

Time for model construction: 0.231 seconds.

Warning: Deadlocks detected and fixed in 1440 states

Type:        MDP
States:      20052 (1 initial)
Transitions: 44396
Choices:     24187

Transition matrix: 11265 nodes (11 terminal), 44396 minterms, vars: 30r/30c/4nd
Total time for product construction: 0.0 seconds.

States:      20052 (1 initial)
Transitions: 44396
Choices:     24187

Transition matrix: 11265 nodes (11 terminal), 44396 minterms, vars: 30r/30c/4nd

Prob0A: 1 iterations in 0.00 seconds (average 0.003000, setup 0.00)

yes = 0, no = 0, maybe = 20052

Computing remaining probabilities...
Engine: Sparse
Iterative method: 13 iterations in 0.01 seconds (average 0.000846, setup 0.00)
Iterative method: 13 iterations in 0.01 seconds (average 0.000846, setup 0.00)
Iterative method: 13 iterations in 0.01 seconds (average 0.001000, setup 0.00)
The value iteration(s) took 0.112 seconds altogether.
Number of weight vectors used: 3
Multi-objective value iterations took 0.112 s.

Property satisfied in 1 of 1 initial states.

Time for model checking: 1.613 seconds.

Result: true

---------------------------------------------------------------------

Note: There was 1 warning during computation.


##############################Output to stderr##############################
Picked up JAVA_TOOL_OPTIONS: -Xmx30g -Xss1g


############################## Notes ##############################
Prism.. Achievability queries. Gauss-Seidl VI.
