Command:	~/prism/prism/bin/prism /rwthfs/rz/cluster/home/tq429871/git/diss/benchmarking/models/tea/tea2.prism /rwthfs/rz/cluster/home/tq429871/git/diss/benchmarking/models/tea/tea-N2-PfRtPfachievability.props -sparse -cuddmaxmem 4g -gs -maxiters 1000000000 -multimaxpoints 1000000 -absolute
Wallclock time:	1.3273322582244873
Return code:	0
Output:
java -Xmx30g -Xss1g -Djava.awt.headless=true -Djava.library.path=/home/tq429871/prism/prism/lib -classpath /home/tq429871/prism/prism/lib/prism.jar:/home/tq429871/prism/prism/classes:/home/tq429871/prism/prism:/home/tq429871/prism/prism/lib/pepa.zip:/home/tq429871/prism/prism/lib/* prism.PrismCL /rwthfs/rz/cluster/home/tq429871/git/diss/benchmarking/models/tea/tea2.prism /rwthfs/rz/cluster/home/tq429871/git/diss/benchmarking/models/tea/tea-N2-PfRtPfachievability.props -sparse -cuddmaxmem 4g -gs -maxiters 1000000000 -multimaxpoints 1000000 -absolute
PRISM
=====

Version: 4.7.dev
Date: Sun Dec 18 08:34:53 GMT+01:00 2022
Hostname: nihm021.hpc.itc.rwth-aachen.de
Memory limits: cudd=4g, java(heap)=30g
Command line: prism /rwthfs/rz/cluster/home/tq429871/git/diss/benchmarking/models/tea/tea2.prism /rwthfs/rz/cluster/home/tq429871/git/diss/benchmarking/models/tea/tea-N2-PfRtPfachievability.props -sparse -cuddmaxmem 4g -gs -maxiters 1000000000 -multimaxpoints 1000000 -absolute

Parsing model file "/rwthfs/rz/cluster/home/tq429871/git/diss/benchmarking/models/tea/tea2.prism"...

Type:        MDP
Modules:     controller sensor1 sensor2 
Variables:   status t1_r1 t1_r2 t1_r3 t2_r1 t2_r2 t2_r3 turn1 turn2 state1 m1_t1 m1_t2 state2 m2_t1 m2_t2 

Parsing properties file "/rwthfs/rz/cluster/home/tq429871/git/diss/benchmarking/models/tea/tea-N2-PfRtPfachievability.props"...

1 property:
(1) "PfRtPf": multi(P>=0.38571428574000005 [ F task1_completed ], R{"w_1_total"}>=0.88163265303 [ C ], P>=0.38571428574000005 [ F task2_completed ])

---------------------------------------------------------------------

Model checking: "PfRtPf": multi(P>=0.38571428574000005 [ F task1_completed ], R{"w_1_total"}>=0.88163265303 [ C ], P>=0.38571428574000005 [ F task2_completed ])

Building model...

Computing reachable states...

Reachability (BFS): 10 iterations in 0.00 seconds (average 0.000300, setup 0.00)

Time for model construction: 0.037 seconds.

Type:        MDP
States:      1847 (1 initial)
Transitions: 2288
Choices:     2191

Transition matrix: 2203 nodes (4 terminal), 2288 minterms, vars: 19r/19c/7nd

Building deterministic Rabin automaton (for F "L0")...
Taking DRA from library...
DRA has 2 states, 1 Rabin pairs.Time for Rabin translation: 0.029 seconds.

Constructing MDP-DRA product...

Reachability (BFS): 10 iterations in 0.00 seconds (average 0.000200, setup 0.00)
States:      1847 (1 initial)
Transitions: 2288
Choices:     2191

Transition matrix: 2821 nodes (4 terminal), 2288 minterms, vars: 20r/20c/7nd

Building deterministic Rabin automaton (for F "L0")...
Taking DRA from library...
DRA has 2 states, 1 Rabin pairs.Time for Rabin translation: 0.0 seconds.

Constructing MDP-DRA product...

Reachability (BFS): 10 iterations in 0.00 seconds (average 0.000200, setup 0.00)
States:      1847 (1 initial)
Transitions: 2288
Choices:     2191

Transition matrix: 3578 nodes (4 terminal), 2288 minterms, vars: 21r/21c/7nd
Total time for product construction: 0.044 seconds.

States:      1847 (1 initial)
Transitions: 2288
Choices:     2191

Transition matrix: 3578 nodes (4 terminal), 2288 minterms, vars: 21r/21c/7nd

Finding accepting end components for F task1_completed...
Time for end component identification: 0.001 seconds.

Finding accepting end components for F task2_completed...
Time for end component identification: 0.001 seconds.

Prob0A: 9 iterations in 0.00 seconds (average 0.000444, setup 0.00)

yes = 112, no = 0, maybe = 1735

Computing remaining probabilities...
Engine: Sparse
Iterative method: 11 iterations in 0.00 seconds (average 0.000091, setup 0.00)
Iterative method: 11 iterations in 0.00 seconds (average 0.000091, setup 0.00)
Iterative method: 11 iterations in 0.00 seconds (average 0.000000, setup 0.00)
Iterative method: 11 iterations in 0.00 seconds (average 0.000000, setup 0.00)
The value iteration(s) took 0.017 seconds altogether.
Number of weight vectors used: 4
Multi-objective value iterations took 0.017 s.

Property satisfied in 0 of 1 initial states.

Time for model checking: 0.408 seconds.

Result: false


##############################Output to stderr##############################
Picked up JAVA_TOOL_OPTIONS: -Xmx30g -Xss1g


############################## Notes ##############################
Prism.. Achievability queries. Gauss-Seidl VI.
