Command:	~/prism/prism/bin/prism /rwthfs/rz/cluster/home/tq429871/git/diss/benchmarking/models/res/res.prism /rwthfs/rz/cluster/home/tq429871/git/diss/benchmarking/models/res/res-B100CAP1M1Unf1-PfPfachievability.props -const B=100,CAP=1,M=1,Unf=1 -sparse -cuddmaxmem 4g -gs -maxiters 1000000000 -multimaxpoints 1000000 -absolute
Wallclock time:	7200.507445573807
Return code:	None
Output:
java -Xmx30g -Xss1g -Djava.awt.headless=true -Djava.library.path=/home/tq429871/prism/prism/lib -classpath /home/tq429871/prism/prism/lib/prism.jar:/home/tq429871/prism/prism/classes:/home/tq429871/prism/prism:/home/tq429871/prism/prism/lib/pepa.zip:/home/tq429871/prism/prism/lib/* prism.PrismCL /rwthfs/rz/cluster/home/tq429871/git/diss/benchmarking/models/res/res.prism /rwthfs/rz/cluster/home/tq429871/git/diss/benchmarking/models/res/res-B100CAP1M1Unf1-PfPfachievability.props -const B=100,CAP=1,M=1,Unf=1 -sparse -cuddmaxmem 4g -gs -maxiters 1000000000 -multimaxpoints 1000000 -absolute
PRISM
=====

Version: 4.7.dev
Date: Sat Dec 17 20:23:15 GMT+01:00 2022
Hostname: nihm018.hpc.itc.rwth-aachen.de
Memory limits: cudd=4g, java(heap)=30g
Command line: prism /rwthfs/rz/cluster/home/tq429871/git/diss/benchmarking/models/res/res.prism /rwthfs/rz/cluster/home/tq429871/git/diss/benchmarking/models/res/res-B100CAP1M1Unf1-PfPfachievability.props -const 'B=100,CAP=1,M=1,Unf=1' -sparse -cuddmaxmem 4g -gs -maxiters 1000000000 -multimaxpoints 1000000 -absolute

Parsing model file "/rwthfs/rz/cluster/home/tq429871/git/diss/benchmarking/models/res/res.prism"...

Type:        MDP
Modules:     robot goldtile gemtile goldcounter gemcounter stepcounter 
Variables:   gold gem attacked x y av_gold t_gold av_gem t_gem cgold cgem csteps 

Parsing properties file "/rwthfs/rz/cluster/home/tq429871/git/diss/benchmarking/models/res/res-B100CAP1M1Unf1-PfPfachievability.props"...

1 property:
(1) "PfPf": multi(P>=0.45 [ F (csteps>=0&cgold=0) ], P>=0.45 [ F (csteps>=0&cgem=0) ])

---------------------------------------------------------------------

Model checking: "PfPf": multi(P>=0.45 [ F (csteps>=0&cgold=0) ], P>=0.45 [ F (csteps>=0&cgem=0) ])
Model constants: B=100,CAP=1,M=1,Unf=1

Building model...
Model constants: B=100,CAP=1,M=1,Unf=1

Warning: Guard for command 4 of module "goldtile" is never satisfied.

Warning: Guard for command 2 of module "gemtile" is never satisfied.

Computing reachable states...

Reachability (BFS): 1102 iterations in 67.22 seconds (average 0.061003, setup 0.00)

Time for model construction: 68.251 seconds.

Type:        MDP
States:      275069570 (1 initial)
Transitions: 954186282
Choices:     883853610

Transition matrix: 99333 nodes (4 terminal), 954186282 minterms, vars: 37r/37c/4nd

Building deterministic Rabin automaton (for F "L0")...
Taking DRA from library...
DRA has 2 states, 1 Rabin pairs.Time for Rabin translation: 0.051 seconds.

Constructing MDP-DRA product...

Reachability (BFS): 1116 iterations in 154.39 seconds (average 0.138344, setup 0.00)
States:      275074364 (1 initial)
Transitions: 954202908
Choices:     883869012

Transition matrix: 103016 nodes (4 terminal), 954202908 minterms, vars: 38r/38c/4nd

Building deterministic Rabin automaton (for F "L0")...
Taking DRA from library...
DRA has 2 states, 1 Rabin pairs.Time for Rabin translation: 0.001 seconds.

Constructing MDP-DRA product...

Reachability (BFS): 1116 iterations in 168.17 seconds (average 0.150691, setup 0.00)
States:      275083952 (1 initial)
Transitions: 954236160
Choices:     883899816

Transition matrix: 135272 nodes (4 terminal), 954236160 minterms, vars: 39r/39c/4nd
Total time for product construction: 326.362 seconds.

States:      275083952 (1 initial)
Transitions: 954236160
Choices:     883899816

Transition matrix: 135272 nodes (4 terminal), 954236160 minterms, vars: 39r/39c/4nd

Finding accepting end components for F (csteps>=0&cgold=0)...
Time for end component identification: 0.253 seconds.

Finding accepting end components for F (csteps>=0&cgem=0)...
Time for end component identification: 0.026 seconds.

Prob0A: 1102 iterations in 528.56 seconds (average 0.479637, setup 0.00)

yes = 14382, no = 94001152, maybe = 181068418

Computing remaining probabilities...
Engine: Sparse

##############################Output to stderr##############################
Picked up JAVA_TOOL_OPTIONS: -Xmx30g -Xss1g


----------
Computation aborted after 7200.507445573807 seconds since the total time limit of 7200 seconds was exceeded.

############################## Notes ##############################
Prism.. Achievability queries. Gauss-Seidl VI.
