Command:	~/prism/prism/bin/prism /rwthfs/rz/cluster/home/tq429871/git/diss/benchmarking/models/pow/pow.prism /rwthfs/rz/cluster/home/tq429871/git/diss/benchmarking/models/pow/pow-Q0004K0000-RtRtachievability.props -const Q=4,K=0 -sparse -cuddmaxmem 4g -gs -maxiters 1000000000 -multimaxpoints 1000000 -absolute
Wallclock time:	3.282029628753662
Return code:	0
Output:
java -Xmx30g -Xss1g -Djava.awt.headless=true -Djava.library.path=/home/tq429871/prism/prism/lib -classpath /home/tq429871/prism/prism/lib/prism.jar:/home/tq429871/prism/prism/classes:/home/tq429871/prism/prism:/home/tq429871/prism/prism/lib/pepa.zip:/home/tq429871/prism/prism/lib/* prism.PrismCL /rwthfs/rz/cluster/home/tq429871/git/diss/benchmarking/models/pow/pow.prism /rwthfs/rz/cluster/home/tq429871/git/diss/benchmarking/models/pow/pow-Q0004K0000-RtRtachievability.props -const Q=4,K=0 -sparse -cuddmaxmem 4g -gs -maxiters 1000000000 -multimaxpoints 1000000 -absolute
PRISM
=====

Version: 4.7.dev
Date: Sat Dec 17 14:12:54 GMT+01:00 2022
Hostname: nihm021.hpc.itc.rwth-aachen.de
Memory limits: cudd=4g, java(heap)=30g
Command line: prism /rwthfs/rz/cluster/home/tq429871/git/diss/benchmarking/models/pow/pow.prism /rwthfs/rz/cluster/home/tq429871/git/diss/benchmarking/models/pow/pow-Q0004K0000-RtRtachievability.props -const 'Q=4,K=0' -sparse -cuddmaxmem 4g -gs -maxiters 1000000000 -multimaxpoints 1000000 -absolute

Parsing model file "/rwthfs/rz/cluster/home/tq429871/git/diss/benchmarking/models/pow/pow.prism"...

Type:        MDP
Modules:     timer PM SR BAT SP SQ 
Variables:   c pm sr bat sp q 

Parsing properties file "/rwthfs/rz/cluster/home/tq429871/git/diss/benchmarking/models/pow/pow-Q0004K0000-RtRtachievability.props"...

1 property:
(1) "RtRt": multi(R{"power"}<=110.00010967000001 [ C ], R{"lost"}<=1.0427134886300002 [ C ])

---------------------------------------------------------------------

Model checking: "RtRt": multi(R{"power"}<=110.00010967000001 [ C ], R{"lost"}<=1.0427134886300002 [ C ])
Model constants: Q=4,K=0

Building model...
Model constants: Q=4,K=0

Warning: Guard for command 3 of module "BAT" is never satisfied.

Computing reachable states...

Reachability (BFS): 14 iterations in 0.00 seconds (average 0.000071, setup 0.00)

Time for model construction: 0.025 seconds.

Type:        MDP
States:      2120 (1 initial)
Transitions: 9560
Choices:     6710

Transition matrix: 1870 nodes (58 terminal), 9560 minterms, vars: 13r/13c/5nd
Total time for product construction: 0.0 seconds.

States:      2120 (1 initial)
Transitions: 9560
Choices:     6710

Transition matrix: 1870 nodes (58 terminal), 9560 minterms, vars: 13r/13c/5nd

Prob0A: 1 iterations in 0.00 seconds (average 0.001000, setup 0.00)

yes = 0, no = 0, maybe = 2120

Computing remaining probabilities...
Engine: Sparse
Iterative method: 12608 iterations in 2.32 seconds (average 0.000184, setup 0.00)
The value iteration(s) took 2.335 seconds altogether.
Number of weight vectors used: 1
Multi-objective value iterations took 2.335 s.

Property satisfied in 1 of 1 initial states.

Time for model checking: 2.478 seconds.

Result: true

---------------------------------------------------------------------

Note: There was 1 warning during computation.


##############################Output to stderr##############################
Picked up JAVA_TOOL_OPTIONS: -Xmx30g -Xss1g


############################## Notes ##############################
Prism.. Achievability queries. Gauss-Seidl VI.
