Command:	~/prism/prism/bin/prism /rwthfs/rz/cluster/home/tq429871/git/diss/benchmarking/models/tea/tea5.prism /rwthfs/rz/cluster/home/tq429871/git/diss/benchmarking/models/tea/tea-N5-PfRtPfachievability.props -sparse -cuddmaxmem 4g -gs -maxiters 1000000000 -multimaxpoints 1000000 -absolute
Wallclock time:	6700.396113157272
Return code:	0
Output:
java -Xmx30g -Xss1g -Djava.awt.headless=true -Djava.library.path=/home/tq429871/prism/prism/lib -classpath /home/tq429871/prism/prism/lib/prism.jar:/home/tq429871/prism/prism/classes:/home/tq429871/prism/prism:/home/tq429871/prism/prism/lib/pepa.zip:/home/tq429871/prism/prism/lib/* prism.PrismCL /rwthfs/rz/cluster/home/tq429871/git/diss/benchmarking/models/tea/tea5.prism /rwthfs/rz/cluster/home/tq429871/git/diss/benchmarking/models/tea/tea-N5-PfRtPfachievability.props -sparse -cuddmaxmem 4g -gs -maxiters 1000000000 -multimaxpoints 1000000 -absolute
PRISM
=====

Version: 4.7.dev
Date: Sun Dec 18 11:37:34 GMT+01:00 2022
Hostname: nihm018.hpc.itc.rwth-aachen.de
Memory limits: cudd=4g, java(heap)=30g
Command line: prism /rwthfs/rz/cluster/home/tq429871/git/diss/benchmarking/models/tea/tea5.prism /rwthfs/rz/cluster/home/tq429871/git/diss/benchmarking/models/tea/tea-N5-PfRtPfachievability.props -sparse -cuddmaxmem 4g -gs -maxiters 1000000000 -multimaxpoints 1000000 -absolute

Parsing model file "/rwthfs/rz/cluster/home/tq429871/git/diss/benchmarking/models/tea/tea5.prism"...

Type:        MDP
Modules:     controller sensor1 sensor2 sensor3 sensor4 sensor5 
Variables:   status t1_r1 t1_r2 t1_r3 t2_r1 t2_r2 t2_r3 turn1 turn2 turn3 turn4 turn5 state1 m1_t1 m1_t2 state2 m2_t1 m2_t2 state3 m3_t1 m3_t2 state4 m4_t1 m4_t2 state5 m5_t1 m5_t2 

Parsing properties file "/rwthfs/rz/cluster/home/tq429871/git/diss/benchmarking/models/tea/tea-N5-PfRtPfachievability.props"...

1 property:
(1) "PfRtPf": multi(P>=0.9 [ F task1_completed ], R{"w_1_total"}>=2.6081632656 [ C ], P>=0.9 [ F task2_completed ])

---------------------------------------------------------------------

Model checking: "PfRtPf": multi(P>=0.9 [ F task1_completed ], R{"w_1_total"}>=2.6081632656 [ C ], P>=0.9 [ F task2_completed ])

Building model...

Computing reachable states...

Reachability (BFS): 19 iterations in 1.50 seconds (average 0.079158, setup 0.00)

Time for model construction: 4.674 seconds.

Type:        MDP
States:      907993 (1 initial)
Transitions: 1084752
Choices:     1078873

Transition matrix: 361071 nodes (4 terminal), 1084752 minterms, vars: 40r/40c/16nd

Building deterministic Rabin automaton (for F "L0")...
Taking DRA from library...
DRA has 2 states, 1 Rabin pairs.Time for Rabin translation: 0.046 seconds.

Constructing MDP-DRA product...

Reachability (BFS): 19 iterations in 1.37 seconds (average 0.072105, setup 0.00)
States:      907993 (1 initial)
Transitions: 1084752
Choices:     1078873

Transition matrix: 388712 nodes (4 terminal), 1084752 minterms, vars: 41r/41c/16nd

Building deterministic Rabin automaton (for F "L0")...
Taking DRA from library...
DRA has 2 states, 1 Rabin pairs.Time for Rabin translation: 0.0 seconds.

Constructing MDP-DRA product...

Reachability (BFS): 19 iterations in 1.35 seconds (average 0.071263, setup 0.00)
States:      907993 (1 initial)
Transitions: 1084752
Choices:     1078873

Transition matrix: 449699 nodes (4 terminal), 1084752 minterms, vars: 42r/42c/16nd
Total time for product construction: 13.082 seconds.

States:      907993 (1 initial)
Transitions: 1084752
Choices:     1078873

Transition matrix: 449699 nodes (4 terminal), 1084752 minterms, vars: 42r/42c/16nd

Finding accepting end components for F task1_completed...
Time for end component identification: 1.465 seconds.

Finding accepting end components for F task2_completed...
Time for end component identification: 0.652 seconds.

Prob0A: 15 iterations in 1.65 seconds (average 0.110200, setup 0.00)

yes = 90960, no = 0, maybe = 817033

Computing remaining probabilities...
Engine: Sparse
Iterative method: 20 iterations in 0.62 seconds (average 0.030550, setup 0.01)
Iterative method: 20 iterations in 0.61 seconds (average 0.030400, setup 0.01)
Iterative method: 20 iterations in 0.62 seconds (average 0.030950, setup 0.01)
The value iteration(s) took 3.826 seconds altogether.
Number of weight vectors used: 3
Multi-objective value iterations took 3.826 s.

Property satisfied in 0 of 1 initial states.

Time for model checking: 6693.736 seconds.

Result: false


##############################Output to stderr##############################
Picked up JAVA_TOOL_OPTIONS: -Xmx30g -Xss1g


############################## Notes ##############################
Prism.. Achievability queries. Gauss-Seidl VI.
