Command:	~/prism/prism/bin/prism /rwthfs/rz/cluster/home/tq429871/git/diss/benchmarking/models/ejs/ejs4.prism /rwthfs/rz/cluster/home/tq429871/git/diss/benchmarking/models/ejs/ejs-N4B006Unf1-RtRtachievability.props -const B=6,Unf=1 -sparse -cuddmaxmem 4g -gs -maxiters 1000000000 -multimaxpoints 1000000 -absolute
Wallclock time:	38.91659760475159
Return code:	0
Output:
java -Xmx30g -Xss1g -Djava.awt.headless=true -Djava.library.path=/home/tq429871/prism/prism/lib -classpath /home/tq429871/prism/prism/lib/prism.jar:/home/tq429871/prism/prism/classes:/home/tq429871/prism/prism:/home/tq429871/prism/prism/lib/pepa.zip:/home/tq429871/prism/prism/lib/* prism.PrismCL /rwthfs/rz/cluster/home/tq429871/git/diss/benchmarking/models/ejs/ejs4.prism /rwthfs/rz/cluster/home/tq429871/git/diss/benchmarking/models/ejs/ejs-N4B006Unf1-RtRtachievability.props -const B=6,Unf=1 -sparse -cuddmaxmem 4g -gs -maxiters 1000000000 -multimaxpoints 1000000 -absolute
PRISM
=====

Version: 4.7.dev
Date: Sat Dec 17 05:19:29 GMT+01:00 2022
Hostname: nihm021.hpc.itc.rwth-aachen.de
Memory limits: cudd=4g, java(heap)=30g
Command line: prism /rwthfs/rz/cluster/home/tq429871/git/diss/benchmarking/models/ejs/ejs4.prism /rwthfs/rz/cluster/home/tq429871/git/diss/benchmarking/models/ejs/ejs-N4B006Unf1-RtRtachievability.props -const 'B=6,Unf=1' -sparse -cuddmaxmem 4g -gs -maxiters 1000000000 -multimaxpoints 1000000 -absolute

Parsing model file "/rwthfs/rz/cluster/home/tq429871/git/diss/benchmarking/models/ejs/ejs4.prism"...

Type:        MDP
Modules:     Resources Process_1 Process_2 Process_3 Process_4 energyGlobal energyLocal utilityGlobal utilityLocal unfold 
Variables:   boost_1 user_1 failure_1 loc_1 t_1 failure_2 loc_2 t_2 failure_3 loc_3 t_3 t_4 loc_4 failure_4 r4 r2 r3 r1 

Parsing properties file "/rwthfs/rz/cluster/home/tq429871/git/diss/benchmarking/models/ejs/ejs-N4B006Unf1-RtRtachievability.props"...

1 property:
(1) "RtRt": multi(R{"energyGlobal"}<=342.88083665000005 [ C ], R{"ticks"}<=34.579364204 [ C ])

---------------------------------------------------------------------

Model checking: "RtRt": multi(R{"energyGlobal"}<=342.88083665000005 [ C ], R{"ticks"}<=34.579364204 [ C ])
Model constants: Unf=1,B=6

Building model...
Model constants: Unf=1,B=6

Computing reachable states...

Reachability (BFS): 31 iterations in 0.61 seconds (average 0.019774, setup 0.00)

Time for model construction: 1.04 seconds.

Warning: Deadlocks detected and fixed in 29616 states

Type:        MDP
States:      457993 (1 initial)
Transitions: 1299872
Choices:     654753

Transition matrix: 42092 nodes (12 terminal), 1299872 minterms, vars: 39r/39c/4nd
Total time for product construction: 0.0 seconds.

States:      457993 (1 initial)
Transitions: 1299872
Choices:     654753

Transition matrix: 42092 nodes (12 terminal), 1299872 minterms, vars: 39r/39c/4nd

Prob0A: 1 iterations in 0.01 seconds (average 0.010000, setup 0.00)

yes = 0, no = 0, maybe = 457993

Computing remaining probabilities...
Engine: Sparse
Iterative method: 14 iterations in 0.36 seconds (average 0.025500, setup 0.00)
Iterative method: 14 iterations in 0.36 seconds (average 0.025357, setup 0.00)
The value iteration(s) took 1.934 seconds altogether.
Number of weight vectors used: 2
Multi-objective value iterations took 1.935 s.

Property satisfied in 1 of 1 initial states.

Time for model checking: 36.902 seconds.

Result: true

---------------------------------------------------------------------

Note: There was 1 warning during computation.


##############################Output to stderr##############################
Picked up JAVA_TOOL_OPTIONS: -Xmx30g -Xss1g


############################## Notes ##############################
Prism.. Achievability queries. Gauss-Seidl VI.
