Command:	~/prism/prism/bin/prism /rwthfs/rz/cluster/home/tq429871/git/diss/benchmarking/models/pow/pow.prism /rwthfs/rz/cluster/home/tq429871/git/diss/benchmarking/models/pow/pow-Q0100K0000-RtRtRtachievability.props -const Q=100,K=0 -sparse -cuddmaxmem 4g -gs -maxiters 1000000000 -multimaxpoints 1000000 -absolute
Wallclock time:	203.1517038345337
Return code:	0
Output:
java -Xmx30g -Xss1g -Djava.awt.headless=true -Djava.library.path=/home/tq429871/prism/prism/lib -classpath /home/tq429871/prism/prism/lib/prism.jar:/home/tq429871/prism/prism/classes:/home/tq429871/prism/prism:/home/tq429871/prism/prism/lib/pepa.zip:/home/tq429871/prism/prism/lib/* prism.PrismCL /rwthfs/rz/cluster/home/tq429871/git/diss/benchmarking/models/pow/pow.prism /rwthfs/rz/cluster/home/tq429871/git/diss/benchmarking/models/pow/pow-Q0100K0000-RtRtRtachievability.props -const Q=100,K=0 -sparse -cuddmaxmem 4g -gs -maxiters 1000000000 -multimaxpoints 1000000 -absolute
PRISM
=====

Version: 4.7.dev
Date: Sat Dec 17 16:11:30 GMT+01:00 2022
Hostname: nihm018.hpc.itc.rwth-aachen.de
Memory limits: cudd=4g, java(heap)=30g
Command line: prism /rwthfs/rz/cluster/home/tq429871/git/diss/benchmarking/models/pow/pow.prism /rwthfs/rz/cluster/home/tq429871/git/diss/benchmarking/models/pow/pow-Q0100K0000-RtRtRtachievability.props -const 'Q=100,K=0' -sparse -cuddmaxmem 4g -gs -maxiters 1000000000 -multimaxpoints 1000000 -absolute

Parsing model file "/rwthfs/rz/cluster/home/tq429871/git/diss/benchmarking/models/pow/pow.prism"...

Type:        MDP
Modules:     timer PM SR BAT SP SQ 
Variables:   c pm sr bat sp q 

Parsing properties file "/rwthfs/rz/cluster/home/tq429871/git/diss/benchmarking/models/pow/pow-Q0100K0000-RtRtRtachievability.props"...

1 property:
(1) "RtRtRt": multi(R{"power"}<=110.00010967000001 [ C ], R{"lost"}<=1.0427134886300002 [ C ], R{"queue"}<=22747.929919000002 [ C ])

---------------------------------------------------------------------

Model checking: "RtRtRt": multi(R{"power"}<=110.00010967000001 [ C ], R{"lost"}<=1.0427134886300002 [ C ], R{"queue"}<=22747.929919000002 [ C ])
Model constants: Q=100,K=0

Building model...
Model constants: Q=100,K=0

Warning: Guard for command 3 of module "BAT" is never satisfied.

Computing reachable states...

Reachability (BFS): 206 iterations in 0.02 seconds (average 0.000102, setup 0.00)

Time for model construction: 0.064 seconds.

Type:        MDP
States:      42824 (1 initial)
Transitions: 193112
Choices:     135542

Transition matrix: 3462 nodes (58 terminal), 193112 minterms, vars: 17r/17c/5nd
Total time for product construction: 0.0 seconds.

States:      42824 (1 initial)
Transitions: 193112
Choices:     135542

Transition matrix: 3462 nodes (58 terminal), 193112 minterms, vars: 17r/17c/5nd

Prob0A: 1 iterations in 0.00 seconds (average 0.000000, setup 0.00)

yes = 0, no = 0, maybe = 42824

Computing remaining probabilities...
Engine: Sparse
Iterative method: 14727 iterations in 60.21 seconds (average 0.004088, setup 0.00)
Iterative method: 18414 iterations in 75.86 seconds (average 0.004120, setup 0.00)
Iterative method: 15210 iterations in 61.94 seconds (average 0.004072, setup 0.00)
The value iteration(s) took 198.421 seconds altogether.
Number of weight vectors used: 3
Multi-objective value iterations took 198.422 s.

Property satisfied in 0 of 1 initial states.

Time for model checking: 202.138 seconds.

Result: false

---------------------------------------------------------------------

Note: There was 1 warning during computation.


##############################Output to stderr##############################
Picked up JAVA_TOOL_OPTIONS: -Xmx30g -Xss1g


############################## Notes ##############################
Prism.. Achievability queries. Gauss-Seidl VI.
