Command:	~/prism/prism/bin/prism /rwthfs/rz/cluster/home/tq429871/git/diss/benchmarking/models/rov/rov.prism /rwthfs/rz/cluster/home/tq429871/git/diss/benchmarking/models/rov/rov-B0100Unf1-RtRtachievability.props -const B=100,Unf=1 -sparse -cuddmaxmem 4g -gs -maxiters 1000000000 -multimaxpoints 1000000 -absolute
Wallclock time:	1.3051550388336182
Return code:	0
Output:
java -Xmx30g -Xss1g -Djava.awt.headless=true -Djava.library.path=/home/tq429871/prism/prism/lib -classpath /home/tq429871/prism/prism/lib/prism.jar:/home/tq429871/prism/prism/classes:/home/tq429871/prism/prism:/home/tq429871/prism/prism/lib/pepa.zip:/home/tq429871/prism/prism/lib/* prism.PrismCL /rwthfs/rz/cluster/home/tq429871/git/diss/benchmarking/models/rov/rov.prism /rwthfs/rz/cluster/home/tq429871/git/diss/benchmarking/models/rov/rov-B0100Unf1-RtRtachievability.props -const B=100,Unf=1 -sparse -cuddmaxmem 4g -gs -maxiters 1000000000 -multimaxpoints 1000000 -absolute
PRISM
=====

Version: 4.7.dev
Date: Sat Dec 17 23:35:48 GMT+01:00 2022
Hostname: nihm018.hpc.itc.rwth-aachen.de
Memory limits: cudd=4g, java(heap)=30g
Command line: prism /rwthfs/rz/cluster/home/tq429871/git/diss/benchmarking/models/rov/rov.prism /rwthfs/rz/cluster/home/tq429871/git/diss/benchmarking/models/rov/rov-B0100Unf1-RtRtachievability.props -const 'B=100,Unf=1' -sparse -cuddmaxmem 4g -gs -maxiters 1000000000 -multimaxpoints 1000000 -absolute

Parsing model file "/rwthfs/rz/cluster/home/tq429871/git/diss/benchmarking/models/rov/rov.prism"...

Type:        MDP
Modules:     rover battery value_counting_module time_counting_module energy_counting_module unfold 
Variables:   task success done increased_energy counter_value counter_time counter_energy 

Parsing properties file "/rwthfs/rz/cluster/home/tq429871/git/diss/benchmarking/models/rov/rov-B0100Unf1-RtRtachievability.props"...

1 property:
(1) "RtRt": multi(R{"time"}<=458.3333351300001 [ C ], R{"energy"}<=440.00000000000006 [ C ])

---------------------------------------------------------------------

Model checking: "RtRt": multi(R{"time"}<=458.3333351300001 [ C ], R{"energy"}<=440.00000000000006 [ C ])
Model constants: Unf=1,B=100

Building model...
Model constants: Unf=1,B=100

Warning: Guard for command 6 of module "rover" is never satisfied.

Warning: Guard for command 2 of module "time_counting_module" is never satisfied.

Computing reachable states...

Reachability (BFS): 44 iterations in 0.01 seconds (average 0.000114, setup 0.00)

Time for model construction: 0.08 seconds.

Warning: Deadlocks detected and fixed in 1 states

Type:        MDP
States:      3751 (1 initial)
Transitions: 7001
Choices:     4501

Transition matrix: 677 nodes (8 terminal), 7001 minterms, vars: 17r/17c/6nd
Total time for product construction: 0.0 seconds.

States:      3751 (1 initial)
Transitions: 7001
Choices:     4501

Transition matrix: 677 nodes (8 terminal), 7001 minterms, vars: 17r/17c/6nd

Prob0A: 1 iterations in 0.00 seconds (average 0.000000, setup 0.00)

yes = 0, no = 0, maybe = 3751

Computing remaining probabilities...
Engine: Sparse
Iterative method: 138 iterations in 0.02 seconds (average 0.000130, setup 0.00)
The value iteration(s) took 0.028 seconds altogether.
Number of weight vectors used: 1
Multi-objective value iterations took 0.028 s.

Property satisfied in 0 of 1 initial states.

Time for model checking: 0.208 seconds.

Result: false

---------------------------------------------------------------------

Note: There were 3 warnings during computation.


##############################Output to stderr##############################
Picked up JAVA_TOOL_OPTIONS: -Xmx30g -Xss1g


############################## Notes ##############################
Prism.. Achievability queries. Gauss-Seidl VI.
