Command:	~/prism/prism/bin/prism /rwthfs/rz/cluster/home/tq429871/git/diss/benchmarking/models/tea/tea3.prism /rwthfs/rz/cluster/home/tq429871/git/diss/benchmarking/models/tea/tea-N3-PfRtachievability.props -sparse -cuddmaxmem 4g -gs -maxiters 1000000000 -multimaxpoints 1000000 -absolute
Wallclock time:	5.789416074752808
Return code:	0
Output:
java -Xmx30g -Xss1g -Djava.awt.headless=true -Djava.library.path=/home/tq429871/prism/prism/lib -classpath /home/tq429871/prism/prism/lib/prism.jar:/home/tq429871/prism/prism/classes:/home/tq429871/prism/prism:/home/tq429871/prism/prism/lib/pepa.zip:/home/tq429871/prism/prism/lib/* prism.PrismCL /rwthfs/rz/cluster/home/tq429871/git/diss/benchmarking/models/tea/tea3.prism /rwthfs/rz/cluster/home/tq429871/git/diss/benchmarking/models/tea/tea-N3-PfRtachievability.props -sparse -cuddmaxmem 4g -gs -maxiters 1000000000 -multimaxpoints 1000000 -absolute
PRISM
=====

Version: 4.7.dev
Date: Sun Dec 18 08:51:38 GMT+01:00 2022
Hostname: nihm021.hpc.itc.rwth-aachen.de
Memory limits: cudd=4g, java(heap)=30g
Command line: prism /rwthfs/rz/cluster/home/tq429871/git/diss/benchmarking/models/tea/tea3.prism /rwthfs/rz/cluster/home/tq429871/git/diss/benchmarking/models/tea/tea-N3-PfRtachievability.props -sparse -cuddmaxmem 4g -gs -maxiters 1000000000 -multimaxpoints 1000000 -absolute

Parsing model file "/rwthfs/rz/cluster/home/tq429871/git/diss/benchmarking/models/tea/tea3.prism"...

Type:        MDP
Modules:     controller sensor1 sensor2 sensor3 
Variables:   status t1_r1 t1_r2 t1_r3 t2_r1 t2_r2 t2_r3 turn1 turn2 turn3 state1 m1_t1 m1_t2 state2 m2_t1 m2_t2 state3 m3_t1 m3_t2 

Parsing properties file "/rwthfs/rz/cluster/home/tq429871/git/diss/benchmarking/models/tea/tea-N3-PfRtachievability.props"...

1 property:
(1) "PfRt": multi(P>=0.9 [ F task1_completed ], R{"w_1_total"}>=2.0938775508000003 [ C ])

---------------------------------------------------------------------

Model checking: "PfRt": multi(P>=0.9 [ F task1_completed ], R{"w_1_total"}>=2.0938775508000003 [ C ])

Building model...

Computing reachable states...

Reachability (BFS): 13 iterations in 0.03 seconds (average 0.002000, setup 0.00)

Time for model construction: 0.108 seconds.

Type:        MDP
States:      12475 (1 initial)
Transitions: 15228
Choices:     14935

Transition matrix: 16500 nodes (4 terminal), 15228 minterms, vars: 24r/24c/10nd

Building deterministic Rabin automaton (for F "L0")...
Taking DRA from library...
DRA has 2 states, 1 Rabin pairs.Time for Rabin translation: 0.029 seconds.

Constructing MDP-DRA product...

Reachability (BFS): 13 iterations in 0.03 seconds (average 0.002077, setup 0.00)
States:      12475 (1 initial)
Transitions: 15228
Choices:     14935

Transition matrix: 17753 nodes (4 terminal), 15228 minterms, vars: 25r/25c/10nd
Total time for product construction: 0.108 seconds.

States:      12475 (1 initial)
Transitions: 15228
Choices:     14935

Transition matrix: 17753 nodes (4 terminal), 15228 minterms, vars: 25r/25c/10nd

Finding accepting end components for F task1_completed...
Time for end component identification: 0.01 seconds.

Prob0A: 11 iterations in 0.02 seconds (average 0.002000, setup 0.00)

yes = 546, no = 0, maybe = 11929

Computing remaining probabilities...
Engine: Sparse
Iterative method: 14 iterations in 0.01 seconds (average 0.000357, setup 0.00)
Iterative method: 14 iterations in 0.01 seconds (average 0.000429, setup 0.00)
The value iteration(s) took 0.063 seconds altogether.
Number of weight vectors used: 2
Multi-objective value iterations took 0.063 s.

Property satisfied in 1 of 1 initial states.

Time for model checking: 4.794 seconds.

Result: true


##############################Output to stderr##############################
Picked up JAVA_TOOL_OPTIONS: -Xmx30g -Xss1g


############################## Notes ##############################
Prism.. Achievability queries. Gauss-Seidl VI.
