Command:	~/prism/prism/bin/prism /rwthfs/rz/cluster/home/tq429871/git/diss/benchmarking/models/pow/pow.prism /rwthfs/rz/cluster/home/tq429871/git/diss/benchmarking/models/pow/pow-Q0002K0000-RtRtachievability.props -const Q=2,K=0 -sparse -cuddmaxmem 4g -gs -maxiters 1000000000 -multimaxpoints 1000000 -absolute
Wallclock time:	2.1152265071868896
Return code:	0
Output:
java -Xmx30g -Xss1g -Djava.awt.headless=true -Djava.library.path=/home/tq429871/prism/prism/lib -classpath /home/tq429871/prism/prism/lib/prism.jar:/home/tq429871/prism/prism/classes:/home/tq429871/prism/prism:/home/tq429871/prism/prism/lib/pepa.zip:/home/tq429871/prism/prism/lib/* prism.PrismCL /rwthfs/rz/cluster/home/tq429871/git/diss/benchmarking/models/pow/pow.prism /rwthfs/rz/cluster/home/tq429871/git/diss/benchmarking/models/pow/pow-Q0002K0000-RtRtachievability.props -const Q=2,K=0 -sparse -cuddmaxmem 4g -gs -maxiters 1000000000 -multimaxpoints 1000000 -absolute
PRISM
=====

Version: 4.7.dev
Date: Sat Dec 17 13:12:46 GMT+01:00 2022
Hostname: nihm021.hpc.itc.rwth-aachen.de
Memory limits: cudd=4g, java(heap)=30g
Command line: prism /rwthfs/rz/cluster/home/tq429871/git/diss/benchmarking/models/pow/pow.prism /rwthfs/rz/cluster/home/tq429871/git/diss/benchmarking/models/pow/pow-Q0002K0000-RtRtachievability.props -const 'Q=2,K=0' -sparse -cuddmaxmem 4g -gs -maxiters 1000000000 -multimaxpoints 1000000 -absolute

Parsing model file "/rwthfs/rz/cluster/home/tq429871/git/diss/benchmarking/models/pow/pow.prism"...

Type:        MDP
Modules:     timer PM SR BAT SP SQ 
Variables:   c pm sr bat sp q 

Parsing properties file "/rwthfs/rz/cluster/home/tq429871/git/diss/benchmarking/models/pow/pow-Q0002K0000-RtRtachievability.props"...

1 property:
(1) "RtRt": multi(R{"power"}<=110.00010978000002 [ C ], R{"lost"}<=72.420520381 [ C ])

---------------------------------------------------------------------

Model checking: "RtRt": multi(R{"power"}<=110.00010978000002 [ C ], R{"lost"}<=72.420520381 [ C ])
Model constants: Q=2,K=0

Building model...
Model constants: Q=2,K=0

Warning: Guard for command 3 of module "BAT" is never satisfied.

Computing reachable states...

Reachability (BFS): 13 iterations in 0.00 seconds (average 0.000077, setup 0.00)

Time for model construction: 0.03 seconds.

Type:        MDP
States:      1272 (1 initial)
Transitions: 5736
Choices:     4026

Transition matrix: 1493 nodes (58 terminal), 5736 minterms, vars: 12r/12c/5nd
Total time for product construction: 0.0 seconds.

States:      1272 (1 initial)
Transitions: 5736
Choices:     4026

Transition matrix: 1493 nodes (58 terminal), 5736 minterms, vars: 12r/12c/5nd

Prob0A: 1 iterations in 0.00 seconds (average 0.000000, setup 0.00)

yes = 0, no = 0, maybe = 1272

Computing remaining probabilities...
Engine: Sparse
Iterative method: 12608 iterations in 1.19 seconds (average 0.000094, setup 0.00)
The value iteration(s) took 1.198 seconds altogether.
Number of weight vectors used: 1
Multi-objective value iterations took 1.198 s.

Property satisfied in 0 of 1 initial states.

Time for model checking: 1.279 seconds.

Result: false

---------------------------------------------------------------------

Note: There was 1 warning during computation.


##############################Output to stderr##############################
Picked up JAVA_TOOL_OPTIONS: -Xmx30g -Xss1g


############################## Notes ##############################
Prism.. Achievability queries. Gauss-Seidl VI.
