Command:	~/storm/build/bin/storm --prism /rwthfs/rz/cluster/home/tq429871/git/diss/benchmarking/models/csn/csn3.prism --prop /rwthfs/rz/cluster/home/tq429871/git/diss/benchmarking/models/csn/csn-N3-LrLrLrachievability.props --timemem --statistics --sound --topological:minmax svi --native:method svi --topological:relevant-values --absolute
Wallclock time:	0.1547999382019043
Return code:	0
Output:
Storm 1.7.1 (dev)

Date: Sat Dec 17 02:57:44 2022
Command line arguments: --prism /rwthfs/rz/cluster/home/tq429871/git/diss/benchmarking/models/csn/csn3.prism --prop /rwthfs/rz/cluster/home/tq429871/git/diss/benchmarking/models/csn/csn-N3-LrLrLrachievability.props --timemem --statistics --sound '--topological:minmax' svi '--native:method' svi '--topological:relevant-values' --absolute
Current working directory: /rwthfs/rz/cluster/home/tq429871/git/diss/benchmarking/scripts

Time for model input parsing: 0.003s.

Time for model construction: 0.021s.

-------------------------------------------------------------- 
Model type: 	MDP (sparse)
States: 	184
Transitions: 	541
Choices: 	439
Reward Models:  grants3, grants2, grants1
State Labels: 	2 labels
   * deadlock -> 1 item(s)
   * init -> 1 item(s)
Choice Labels: 	none
-------------------------------------------------------------- 

Model checking property "LrLrLr": multi(R[exp]{"grants1"}>=26999995040999997/100000000000000000 [LRA], R[exp]{"grants2"}>=26999995040999997/100000000000000000 [LRA], R[exp]{"grants3"}>=26999995040999997/100000000000000000 [LRA]) ...
Preprocessing done in 0.000s seconds.
 Result: 
---------------------------------------------------------------------------------------------------------------------------------------
                                                       Multi-objective Query                                              
---------------------------------------------------------------------------------------------------------------------------------------

Original Formula: 
--------------------------------------------------------------
	multi(R[exp]{"grants1"}>=26999995040999997/100000000000000000 [LRA], R[exp]{"grants2"}>=26999995040999997/100000000000000000 [LRA], R[exp]{"grants3"}>=26999995040999997/100000000000000000 [LRA])

The query considers 3 objectives:
--------------------------------------------------------------
Original: R[exp]{"grants1"}>=26999995040999997/100000000000000000 [LRA] 	Preprocessed: R[exp]{"grants1"}max>=26999995040999997/100000000000000000 [LRA] 	result bounds: >=0
Original: R[exp]{"grants2"}>=26999995040999997/100000000000000000 [LRA] 	Preprocessed: R[exp]{"grants2"}max>=26999995040999997/100000000000000000 [LRA] 	result bounds: >=0
Original: R[exp]{"grants3"}>=26999995040999997/100000000000000000 [LRA] 	Preprocessed: R[exp]{"grants3"}max>=26999995040999997/100000000000000000 [LRA] 	result bounds: >=0
Number of Long-Run-Average Reward Objectives (after preprocessing): 3.
Number of Total Reward Objectives (after preprocessing): 0.
--------------------------------------------------------------

Original Model Information:
-------------------------------------------------------------- 
Model type: 	MDP (sparse)
States: 	184
Transitions: 	541
Choices: 	439
Reward Models:  grants3, grants2, grants1
State Labels: 	2 labels
   * deadlock -> 1 item(s)
   * init -> 1 item(s)
Choice Labels: 	none
-------------------------------------------------------------- 

Preprocessed Model Information:
-------------------------------------------------------------- 
Model type: 	MDP (sparse)
States: 	183
Transitions: 	535
Choices: 	433
Reward Models:  grants3, grants2, grants1
State Labels: 	3 labels
   * deadl -> 7 item(s)
   * deadlock -> 0 item(s)
   * init -> 1 item(s)
Choice Labels: 	none
-------------------------------------------------------------- 

---------------------------------------------------------------------------------------------------------------------------------------

Weight Vector Checker Statistics:
Final preprocessed model has 177 states.
Final preprocessed model has 427 actions.
Found 38 end components that are relevant for LRA-analysis.
158 states lie on such an end component.

Pareto Curve Approximation Algorithm terminated after 4 refinement steps.
Solving multi-objective query took 0.065s seconds (consisting of 0.000s seconds for preprocessing and 0.064s seconds for analyzing the preprocessed model).
Result (for initial states): false

Time for model checking: 0.065s.

Performance statistics:
  * peak memory usage: 50MB
  * CPU time: 0.102s
  * wallclock time: 0.096s


############################## Notes ##############################
Storm. check achievability objectives using sound value iteration
