Command:	~/storm/build/bin/storm --prism /rwthfs/rz/cluster/home/tq429871/git/diss/benchmarking/models/res/res.prism --prop /rwthfs/rz/cluster/home/tq429871/git/diss/benchmarking/models/res/res-B100CAP5M5Unf0-LrLrachievability.props -const B=100,CAP=5,M=5,Unf=0 --timemem --statistics --sound --topological:minmax svi --native:method svi --topological:relevant-values --absolute
Wallclock time:	1.0588996410369873
Return code:	0
Output:
Storm 1.7.1 (dev)

Date: Sat Dec 17 21:05:20 2022
Command line arguments: --prism /rwthfs/rz/cluster/home/tq429871/git/diss/benchmarking/models/res/res.prism --prop /rwthfs/rz/cluster/home/tq429871/git/diss/benchmarking/models/res/res-B100CAP5M5Unf0-LrLrachievability.props -const 'B=100,CAP=5,M=5,Unf=0' --timemem --statistics --sound '--topological:minmax' svi '--native:method' svi '--topological:relevant-values' --absolute
Current working directory: /rwthfs/rz/cluster/home/tq429871/git/diss/benchmarking/scripts

Time for model input parsing: 0.006s.

Time for model construction: 0.066s.

-------------------------------------------------------------- 
Model type: 	MDP (sparse)
States: 	2618
Transitions: 	9606
Choices: 	8577
Reward Models:  rew_gold, rew_gem
State Labels: 	2 labels
   * deadlock -> 0 item(s)
   * init -> 1 item(s)
Choice Labels: 	none
-------------------------------------------------------------- 

Model checking property "LrLr": multi(R[exp]{"rew_gold"}>=3276699003/25000000000 [LRA], R[exp]{"rew_gem"}>=2647058823/20000000000 [LRA]) ...
Preprocessing done in 0.002s seconds.
 Result: 
---------------------------------------------------------------------------------------------------------------------------------------
                                                       Multi-objective Query                                              
---------------------------------------------------------------------------------------------------------------------------------------

Original Formula: 
--------------------------------------------------------------
	multi(R[exp]{"rew_gold"}>=3276699003/25000000000 [LRA], R[exp]{"rew_gem"}>=2647058823/20000000000 [LRA])

The query considers 2 objectives:
--------------------------------------------------------------
Original: R[exp]{"rew_gold"}>=3276699003/25000000000 [LRA] 	Preprocessed: R[exp]{"rew_gold"}max>=3276699003/25000000000 [LRA] 	result bounds: >=0
Original: R[exp]{"rew_gem"}>=2647058823/20000000000 [LRA] 	Preprocessed: R[exp]{"rew_gem"}max>=2647058823/20000000000 [LRA] 	result bounds: >=0
Number of Long-Run-Average Reward Objectives (after preprocessing): 2.
Number of Total Reward Objectives (after preprocessing): 0.
--------------------------------------------------------------

Original Model Information:
-------------------------------------------------------------- 
Model type: 	MDP (sparse)
States: 	2618
Transitions: 	9606
Choices: 	8577
Reward Models:  rew_gold, rew_gem
State Labels: 	2 labels
   * deadlock -> 0 item(s)
   * init -> 1 item(s)
Choice Labels: 	none
-------------------------------------------------------------- 

Preprocessed Model Information:
-------------------------------------------------------------- 
Model type: 	MDP (sparse)
States: 	2618
Transitions: 	9606
Choices: 	8577
Reward Models:  rew_gem, rew_gold
State Labels: 	2 labels
   * init -> 1 item(s)
   * deadlock -> 0 item(s)
Choice Labels: 	none
-------------------------------------------------------------- 

---------------------------------------------------------------------------------------------------------------------------------------

Weight Vector Checker Statistics:
Final preprocessed model has 2618 states.
Final preprocessed model has 8577 actions.
Found 1 end components that are relevant for LRA-analysis.
2618 states lie on such an end component.

Pareto Curve Approximation Algorithm terminated after 3 refinement steps.
Solving multi-objective query took 0.915s seconds (consisting of 0.002s seconds for preprocessing and 0.912s seconds for analyzing the preprocessed model).
Result (for initial states): false

Time for model checking: 0.915s.

Performance statistics:
  * peak memory usage: 52MB
  * CPU time: 1.006s
  * wallclock time: 0.995s


############################## Notes ##############################
Storm. check achievability objectives using sound value iteration
