Command:	~/storm/build/bin/storm --prism /rwthfs/rz/cluster/home/tq429871/git/diss/benchmarking/models/pow/pow.prism --prop /rwthfs/rz/cluster/home/tq429871/git/diss/benchmarking/models/pow/pow-Q0004K0000-RtRtachievability.props -const Q=4,K=0 --timemem --statistics --sound --topological:minmax svi --native:method svi --topological:relevant-values --absolute
Wallclock time:	0.5249538421630859
Return code:	0
Output:
Storm 1.7.1 (dev)

Date: Sat Dec 17 14:12:44 2022
Command line arguments: --prism /rwthfs/rz/cluster/home/tq429871/git/diss/benchmarking/models/pow/pow.prism --prop /rwthfs/rz/cluster/home/tq429871/git/diss/benchmarking/models/pow/pow-Q0004K0000-RtRtachievability.props -const 'Q=4,K=0' --timemem --statistics --sound '--topological:minmax' svi '--native:method' svi '--topological:relevant-values' --absolute
Current working directory: /rwthfs/rz/cluster/home/tq429871/git/diss/benchmarking/scripts

Time for model input parsing: 0.004s.

Time for model construction: 0.039s.

-------------------------------------------------------------- 
Model type: 	MDP (sparse)
States: 	2120
Transitions: 	9560
Choices: 	6710
Reward Models:  power, lost
State Labels: 	2 labels
   * deadlock -> 0 item(s)
   * init -> 1 item(s)
Choice Labels: 	none
-------------------------------------------------------------- 

Model checking property "RtRt": multi(R[exp]{"power"}<=11000010967000001/100000000000000 [C], R[exp]{"lost"}<=5213567443150001/5000000000000000 [C]) ...
Preprocessing done in 0.003s seconds.
 Result: 
---------------------------------------------------------------------------------------------------------------------------------------
                                                       Multi-objective Query                                              
---------------------------------------------------------------------------------------------------------------------------------------

Original Formula: 
--------------------------------------------------------------
	multi(R[exp]{"power"}<=11000010967000001/100000000000000 [C], R[exp]{"lost"}<=5213567443150001/5000000000000000 [C])

The query considers 2 objectives:
--------------------------------------------------------------
Original: R[exp]{"power"}<=11000010967000001/100000000000000 [C] 	Preprocessed: R[exp]{"power"}min<=11000010967000001/100000000000000 [C] 	result bounds: >=0
Original: R[exp]{"lost"}<=5213567443150001/5000000000000000 [C] 	Preprocessed: R[exp]{"lost"}min<=5213567443150001/5000000000000000 [C] 	result bounds: >=0
Number of Long-Run-Average Reward Objectives (after preprocessing): 0.
Number of Total Reward Objectives (after preprocessing): 2.
--------------------------------------------------------------

Original Model Information:
-------------------------------------------------------------- 
Model type: 	MDP (sparse)
States: 	2120
Transitions: 	9560
Choices: 	6710
Reward Models:  power, lost
State Labels: 	2 labels
   * deadlock -> 0 item(s)
   * init -> 1 item(s)
Choice Labels: 	none
-------------------------------------------------------------- 

Preprocessed Model Information:
-------------------------------------------------------------- 
Model type: 	MDP (sparse)
States: 	1570
Transitions: 	6460
Choices: 	3610
Reward Models:  power, lost
State Labels: 	3 labels
   * deadl -> 510 item(s)
   * deadlock -> 0 item(s)
   * init -> 1 item(s)
Choice Labels: 	none
-------------------------------------------------------------- 

---------------------------------------------------------------------------------------------------------------------------------------

Weight Vector Checker Statistics:
Final preprocessed model has 1061 states.
Final preprocessed model has 3101 actions.

Pareto Curve Approximation Algorithm terminated after 1 refinement steps.
Solving multi-objective query took 0.411s seconds (consisting of 0.003s seconds for preprocessing and 0.407s seconds for analyzing the preprocessed model).
Result (for initial states): true

Time for model checking: 0.411s.

Performance statistics:
  * peak memory usage: 50MB
  * CPU time: 0.492s
  * wallclock time: 0.462s


############################## Notes ##############################
Storm. check achievability objectives using sound value iteration
