Command:	~/storm/build/bin/storm --prism /rwthfs/rz/cluster/home/tq429871/git/diss/benchmarking/models/frw/frw.prism --prop /rwthfs/rz/cluster/home/tq429871/git/diss/benchmarking/models/frw/frw-B10000Unf1-PfPfachievability.props -const B=10000,Unf=1,delay=36 --timemem --statistics --sound --topological:minmax svi --native:method svi --topological:relevant-values --absolute
Wallclock time:	1365.4471468925476
Return code:	0
Output:
Storm 1.7.1 (dev)

Date: Sat Dec 17 08:02:50 2022
Command line arguments: --prism /rwthfs/rz/cluster/home/tq429871/git/diss/benchmarking/models/frw/frw.prism --prop /rwthfs/rz/cluster/home/tq429871/git/diss/benchmarking/models/frw/frw-B10000Unf1-PfPfachievability.props -const 'B=10000,Unf=1,delay=36' --timemem --statistics --sound '--topological:minmax' svi '--native:method' svi '--topological:relevant-values' --absolute
Current working directory: /rwthfs/rz/cluster/home/tq429871/git/diss/benchmarking/scripts

Time for model input parsing: 0.003s.

Time for model construction: 43.414s.

-------------------------------------------------------------- 
Model type: 	MDP (sparse)
States: 	11816092
Transitions: 	21517975
Choices: 	18119081
Reward Models:  none
State Labels: 	5 labels
   * deadlock -> 0 item(s)
   * init -> 1 item(s)
   * timeExceeded -> 776 item(s)
   * rndsExceeded -> 7119871 item(s)
   * done -> 16556 item(s)
Choice Labels: 	none
-------------------------------------------------------------- 

Model checking property "PfPf": multi(P<=1 [F ((!"timeExceeded") & "done")], P<=10231/10240 [F ((!"rndsExceeded") & "done")]) ...
Preprocessing done in 27.956s seconds.
 Result: 
---------------------------------------------------------------------------------------------------------------------------------------
                                                       Multi-objective Query                                              
---------------------------------------------------------------------------------------------------------------------------------------

Original Formula: 
--------------------------------------------------------------
	multi(P<=1 [F ((!"timeExceeded") & "done")], P<=10231/10240 [F ((!"rndsExceeded") & "done")])

The query considers 2 objectives:
--------------------------------------------------------------
Original: P<=1 [F ((!"timeExceeded") & "done")] 	Preprocessed: R[exp]{"obj1"}min<=1 [C] 	result bounds: [0, 1]
Original: P<=10231/10240 [F ((!"rndsExceeded") & "done")] 	Preprocessed: R[exp]{"obj2"}min<=10231/10240 [C] 	result bounds: [0, 1]
Number of Long-Run-Average Reward Objectives (after preprocessing): 0.
Number of Total Reward Objectives (after preprocessing): 2.
--------------------------------------------------------------

Original Model Information:
-------------------------------------------------------------- 
Model type: 	MDP (sparse)
States: 	11816092
Transitions: 	21517975
Choices: 	18119081
Reward Models:  none
State Labels: 	5 labels
   * deadlock -> 0 item(s)
   * init -> 1 item(s)
   * timeExceeded -> 776 item(s)
   * rndsExceeded -> 7119871 item(s)
   * done -> 16556 item(s)
Choice Labels: 	none
-------------------------------------------------------------- 

Preprocessed Model Information:
-------------------------------------------------------------- 
Model type: 	MDP (sparse)
States: 	11784709
Transitions: 	21456279
Choices: 	18072629
Reward Models:  obj2, obj1
State Labels: 	6 labels
   * deadlock -> 0 item(s)
   * done -> 16555 item(s)
   * deadl -> 23188 item(s)
   * rndsExceeded -> 7088488 item(s)
   * timeExceeded -> 177 item(s)
   * init -> 1 item(s)
Choice Labels: 	none
-------------------------------------------------------------- 

---------------------------------------------------------------------------------------------------------------------------------------

Weight Vector Checker Statistics:
Final preprocessed model has 11761522 states.
Final preprocessed model has 18049442 actions.

Pareto Curve Approximation Algorithm terminated after 2 refinement steps.
Solving multi-objective query took 1321.934s seconds (consisting of 27.956s seconds for preprocessing and 1293.863s seconds for analyzing the preprocessed model).
Result (for initial states): true

Time for model checking: 1321.939s.

Performance statistics:
  * peak memory usage: 6701MB
  * CPU time: 1356.427s
  * wallclock time: 1365.366s


############################## Notes ##############################
Storm. check achievability objectives using sound value iteration
