Command:	~/storm/build/bin/storm --prism /rwthfs/rz/cluster/home/tq429871/git/diss/benchmarking/models/tea/tea5.prism --prop /rwthfs/rz/cluster/home/tq429871/git/diss/benchmarking/models/tea/tea-N5-PfRtPfachievability.props --timemem --statistics --sound --topological:minmax svi --native:method svi --topological:relevant-values --absolute
Wallclock time:	19.376231908798218
Return code:	0
Output:
Storm 1.7.1 (dev)

Date: Sun Dec 18 11:36:16 2022
Command line arguments: --prism /rwthfs/rz/cluster/home/tq429871/git/diss/benchmarking/models/tea/tea5.prism --prop /rwthfs/rz/cluster/home/tq429871/git/diss/benchmarking/models/tea/tea-N5-PfRtPfachievability.props --timemem --statistics --sound '--topological:minmax' svi '--native:method' svi '--topological:relevant-values' --absolute
Current working directory: /rwthfs/rz/cluster/home/tq429871/git/diss/benchmarking/scripts

Time for model input parsing: 0.033s.

Time for model construction: 8.390s.

-------------------------------------------------------------- 
Model type: 	MDP (sparse)
States: 	907993
Transitions: 	1084752
Choices: 	1078873
Reward Models:  w_1_total
State Labels: 	4 labels
   * deadlock -> 0 item(s)
   * init -> 1 item(s)
   * ((((status = 7) & ((t2_r1 = 1) => ((((((m1_t2 = 1) & (1 = 1)) | ((m2_t2 = 1) & (2 = 1))) | ((m3_t2 = 1) & (3 = 1))) | ((m4_t2 = 1) & (1 = 1))) | ((m5_t2 = 1) & (2 = 1))))) & ((t2_r2 = 1) => ((((((m1_t2 = 1) & (1 = 2)) | ((m2_t2 = 1) & (2 = 2))) | ((m3_t2 = 1) & (3 = 2))) | ((m4_t2 = 1) & (1 = 2))) | ((m5_t2 = 1) & (2 = 2))))) & ((t2_r3 = 1) => ((((((m1_t2 = 1) & (1 = 3)) | ((m2_t2 = 1) & (2 = 3))) | ((m3_t2 = 1) & (3 = 3))) | ((m4_t2 = 1) & (1 = 3))) | ((m5_t2 = 1) & (2 = 3))))) -> 52200 item(s)
   * ((((status = 7) & ((t1_r1 = 1) => ((((((m1_t1 = 1) & (1 = 1)) | ((m2_t1 = 1) & (2 = 1))) | ((m3_t1 = 1) & (3 = 1))) | ((m4_t1 = 1) & (1 = 1))) | ((m5_t1 = 1) & (2 = 1))))) & ((t1_r2 = 1) => ((((((m1_t1 = 1) & (1 = 2)) | ((m2_t1 = 1) & (2 = 2))) | ((m3_t1 = 1) & (3 = 2))) | ((m4_t1 = 1) & (1 = 2))) | ((m5_t1 = 1) & (2 = 2))))) & ((t1_r3 = 1) => ((((((m1_t1 = 1) & (1 = 3)) | ((m2_t1 = 1) & (2 = 3))) | ((m3_t1 = 1) & (3 = 3))) | ((m4_t1 = 1) & (1 = 3))) | ((m5_t1 = 1) & (2 = 3))))) -> 52200 item(s)
Choice Labels: 	none
-------------------------------------------------------------- 

Model checking property "PfRtPf": multi(P>=9/10 [F ((((status = 7) & ((t1_r1 = 1) => ((((((m1_t1 = 1) & (1 = 1)) | ((m2_t1 = 1) & (2 = 1))) | ((m3_t1 = 1) & (3 = 1))) | ((m4_t1 = 1) & (1 = 1))) | ((m5_t1 = 1) & (2 = 1))))) & ((t1_r2 = 1) => ((((((m1_t1 = 1) & (1 = 2)) | ((m2_t1 = 1) & (2 = 2))) | ((m3_t1 = 1) & (3 = 2))) | ((m4_t1 = 1) & (1 = 2))) | ((m5_t1 = 1) & (2 = 2))))) & ((t1_r3 = 1) => ((((((m1_t1 = 1) & (1 = 3)) | ((m2_t1 = 1) & (2 = 3))) | ((m3_t1 = 1) & (3 = 3))) | ((m4_t1 = 1) & (1 = 3))) | ((m5_t1 = 1) & (2 = 3)))))], R[exp]{"w_1_total"}>=1630102041/625000000 [C], P>=9/10 [F ((((status = 7) & ((t2_r1 = 1) => ((((((m1_t2 = 1) & (1 = 1)) | ((m2_t2 = 1) & (2 = 1))) | ((m3_t2 = 1) & (3 = 1))) | ((m4_t2 = 1) & (1 = 1))) | ((m5_t2 = 1) & (2 = 1))))) & ((t2_r2 = 1) => ((((((m1_t2 = 1) & (1 = 2)) | ((m2_t2 = 1) & (2 = 2))) | ((m3_t2 = 1) & (3 = 2))) | ((m4_t2 = 1) & (1 = 2))) | ((m5_t2 = 1) & (2 = 2))))) & ((t2_r3 = 1) => ((((((m1_t2 = 1) & (1 = 3)) | ((m2_t2 = 1) & (2 = 3))) | ((m3_t2 = 1) & (3 = 3))) | ((m4_t2 = 1) & (1 = 3))) | ((m5_t2 = 1) & (2 = 3)))))]) ...
Preprocessing done in 1.901s seconds.
 Result: 
---------------------------------------------------------------------------------------------------------------------------------------
                                                       Multi-objective Query                                              
---------------------------------------------------------------------------------------------------------------------------------------

Original Formula: 
--------------------------------------------------------------
	multi(P>=9/10 [F ((((status = 7) & ((t1_r1 = 1) => ((((((m1_t1 = 1) & (1 = 1)) | ((m2_t1 = 1) & (2 = 1))) | ((m3_t1 = 1) & (3 = 1))) | ((m4_t1 = 1) & (1 = 1))) | ((m5_t1 = 1) & (2 = 1))))) & ((t1_r2 = 1) => ((((((m1_t1 = 1) & (1 = 2)) | ((m2_t1 = 1) & (2 = 2))) | ((m3_t1 = 1) & (3 = 2))) | ((m4_t1 = 1) & (1 = 2))) | ((m5_t1 = 1) & (2 = 2))))) & ((t1_r3 = 1) => ((((((m1_t1 = 1) & (1 = 3)) | ((m2_t1 = 1) & (2 = 3))) | ((m3_t1 = 1) & (3 = 3))) | ((m4_t1 = 1) & (1 = 3))) | ((m5_t1 = 1) & (2 = 3)))))], R[exp]{"w_1_total"}>=1630102041/625000000 [C], P>=9/10 [F ((((status = 7) & ((t2_r1 = 1) => ((((((m1_t2 = 1) & (1 = 1)) | ((m2_t2 = 1) & (2 = 1))) | ((m3_t2 = 1) & (3 = 1))) | ((m4_t2 = 1) & (1 = 1))) | ((m5_t2 = 1) & (2 = 1))))) & ((t2_r2 = 1) => ((((((m1_t2 = 1) & (1 = 2)) | ((m2_t2 = 1) & (2 = 2))) | ((m3_t2 = 1) & (3 = 2))) | ((m4_t2 = 1) & (1 = 2))) | ((m5_t2 = 1) & (2 = 2))))) & ((t2_r3 = 1) => ((((((m1_t2 = 1) & (1 = 3)) | ((m2_t2 = 1) & (2 = 3))) | ((m3_t2 = 1) & (3 = 3))) | ((m4_t2 = 1) & (1 = 3))) | ((m5_t2 = 1) & (2 = 3)))))])

The query considers 3 objectives:
--------------------------------------------------------------
Original: P>=9/10 [F ((((status = 7) & ((t1_r1 = 1) => ((((((m1_t1 = 1) & (1 = 1)) | ((m2_t1 = 1) & (2 = 1))) | ((m3_t1 = 1) & (3 = 1))) | ((m4_t1 = 1) & (1 = 1))) | ((m5_t1 = 1) & (2 = 1))))) & ((t1_r2 = 1) => ((((((m1_t1 = 1) & (1 = 2)) | ((m2_t1 = 1) & (2 = 2))) | ((m3_t1 = 1) & (3 = 2))) | ((m4_t1 = 1) & (1 = 2))) | ((m5_t1 = 1) & (2 = 2))))) & ((t1_r3 = 1) => ((((((m1_t1 = 1) & (1 = 3)) | ((m2_t1 = 1) & (2 = 3))) | ((m3_t1 = 1) & (3 = 3))) | ((m4_t1 = 1) & (1 = 3))) | ((m5_t1 = 1) & (2 = 3)))))] 	Preprocessed: R[exp]{"obj1"}max>=9/10 [C] 	result bounds: [0, 1]
Original: R[exp]{"w_1_total"}>=1630102041/625000000 [C] 	Preprocessed: R[exp]{"w_1_total"}max>=1630102041/625000000 [C] 	result bounds: >=0
Original: P>=9/10 [F ((((status = 7) & ((t2_r1 = 1) => ((((((m1_t2 = 1) & (1 = 1)) | ((m2_t2 = 1) & (2 = 1))) | ((m3_t2 = 1) & (3 = 1))) | ((m4_t2 = 1) & (1 = 1))) | ((m5_t2 = 1) & (2 = 1))))) & ((t2_r2 = 1) => ((((((m1_t2 = 1) & (1 = 2)) | ((m2_t2 = 1) & (2 = 2))) | ((m3_t2 = 1) & (3 = 2))) | ((m4_t2 = 1) & (1 = 2))) | ((m5_t2 = 1) & (2 = 2))))) & ((t2_r3 = 1) => ((((((m1_t2 = 1) & (1 = 3)) | ((m2_t2 = 1) & (2 = 3))) | ((m3_t2 = 1) & (3 = 3))) | ((m4_t2 = 1) & (1 = 3))) | ((m5_t2 = 1) & (2 = 3)))))] 	Preprocessed: R[exp]{"obj3"}max>=9/10 [C] 	result bounds: [0, 1]
Number of Long-Run-Average Reward Objectives (after preprocessing): 0.
Number of Total Reward Objectives (after preprocessing): 3.
--------------------------------------------------------------

Original Model Information:
-------------------------------------------------------------- 
Model type: 	MDP (sparse)
States: 	907993
Transitions: 	1084752
Choices: 	1078873
Reward Models:  w_1_total
State Labels: 	4 labels
   * deadlock -> 0 item(s)
   * init -> 1 item(s)
   * ((((status = 7) & ((t2_r1 = 1) => ((((((m1_t2 = 1) & (1 = 1)) | ((m2_t2 = 1) & (2 = 1))) | ((m3_t2 = 1) & (3 = 1))) | ((m4_t2 = 1) & (1 = 1))) | ((m5_t2 = 1) & (2 = 1))))) & ((t2_r2 = 1) => ((((((m1_t2 = 1) & (1 = 2)) | ((m2_t2 = 1) & (2 = 2))) | ((m3_t2 = 1) & (3 = 2))) | ((m4_t2 = 1) & (1 = 2))) | ((m5_t2 = 1) & (2 = 2))))) & ((t2_r3 = 1) => ((((((m1_t2 = 1) & (1 = 3)) | ((m2_t2 = 1) & (2 = 3))) | ((m3_t2 = 1) & (3 = 3))) | ((m4_t2 = 1) & (1 = 3))) | ((m5_t2 = 1) & (2 = 3))))) -> 52200 item(s)
   * ((((status = 7) & ((t1_r1 = 1) => ((((((m1_t1 = 1) & (1 = 1)) | ((m2_t1 = 1) & (2 = 1))) | ((m3_t1 = 1) & (3 = 1))) | ((m4_t1 = 1) & (1 = 1))) | ((m5_t1 = 1) & (2 = 1))))) & ((t1_r2 = 1) => ((((((m1_t1 = 1) & (1 = 2)) | ((m2_t1 = 1) & (2 = 2))) | ((m3_t1 = 1) & (3 = 2))) | ((m4_t1 = 1) & (1 = 2))) | ((m5_t1 = 1) & (2 = 2))))) & ((t1_r3 = 1) => ((((((m1_t1 = 1) & (1 = 3)) | ((m2_t1 = 1) & (2 = 3))) | ((m3_t1 = 1) & (3 = 3))) | ((m4_t1 = 1) & (1 = 3))) | ((m5_t1 = 1) & (2 = 3))))) -> 52200 item(s)
Choice Labels: 	none
-------------------------------------------------------------- 

Preprocessed Model Information:
-------------------------------------------------------------- 
Model type: 	MDP (sparse)
States: 	666337
Transitions: 	810776
Choices: 	804897
Reward Models:  obj3, obj1, w_1_total
State Labels: 	5 labels
   * deadl -> 144440 item(s)
   * ((((status = 7) & ((t1_r1 = 1) => ((((((m1_t1 = 1) & (1 = 1)) | ((m2_t1 = 1) & (2 = 1))) | ((m3_t1 = 1) & (3 = 1))) | ((m4_t1 = 1) & (1 = 1))) | ((m5_t1 = 1) & (2 = 1))))) & ((t1_r2 = 1) => ((((((m1_t1 = 1) & (1 = 2)) | ((m2_t1 = 1) & (2 = 2))) | ((m3_t1 = 1) & (3 = 2))) | ((m4_t1 = 1) & (1 = 2))) | ((m5_t1 = 1) & (2 = 2))))) & ((t1_r3 = 1) => ((((((m1_t1 = 1) & (1 = 3)) | ((m2_t1 = 1) & (2 = 3))) | ((m3_t1 = 1) & (3 = 3))) | ((m4_t1 = 1) & (1 = 3))) | ((m5_t1 = 1) & (2 = 3))))) -> 52200 item(s)
   * ((((status = 7) & ((t2_r1 = 1) => ((((((m1_t2 = 1) & (1 = 1)) | ((m2_t2 = 1) & (2 = 1))) | ((m3_t2 = 1) & (3 = 1))) | ((m4_t2 = 1) & (1 = 1))) | ((m5_t2 = 1) & (2 = 1))))) & ((t2_r2 = 1) => ((((((m1_t2 = 1) & (1 = 2)) | ((m2_t2 = 1) & (2 = 2))) | ((m3_t2 = 1) & (3 = 2))) | ((m4_t2 = 1) & (1 = 2))) | ((m5_t2 = 1) & (2 = 2))))) & ((t2_r3 = 1) => ((((((m1_t2 = 1) & (1 = 3)) | ((m2_t2 = 1) & (2 = 3))) | ((m3_t2 = 1) & (3 = 3))) | ((m4_t2 = 1) & (1 = 3))) | ((m5_t2 = 1) & (2 = 3))))) -> 52200 item(s)
   * deadlock -> 0 item(s)
   * init -> 1 item(s)
Choice Labels: 	none
-------------------------------------------------------------- 

---------------------------------------------------------------------------------------------------------------------------------------

Weight Vector Checker Statistics:
Final preprocessed model has 521898 states.
Final preprocessed model has 660458 actions.

Pareto Curve Approximation Algorithm terminated after 3 refinement steps.
Solving multi-objective query took 10.827s seconds (consisting of 1.901s seconds for preprocessing and 8.919s seconds for analyzing the preprocessed model).
Result (for initial states): false

Time for model checking: 10.828s.

Performance statistics:
  * peak memory usage: 351MB
  * CPU time: 19.095s
  * wallclock time: 19.274s


############################## Notes ##############################
Storm. check achievability objectives using sound value iteration
