Command:	~/storm/build/bin/storm --prism /rwthfs/rz/cluster/home/tq429871/git/diss/benchmarking/models/srv/srv.prism --prop /rwthfs/rz/cluster/home/tq429871/git/diss/benchmarking/models/srv/srv-B000Unf0-RtRtachievability.props -const B=0,Unf=0 --timemem --statistics --sound --topological:minmax svi --native:method svi --topological:relevant-values --absolute
Wallclock time:	1.3166720867156982
Return code:	0
Output:
Storm 1.7.1 (dev)

Date: Sun Dec 18 06:13:28 2022
Command line arguments: --prism /rwthfs/rz/cluster/home/tq429871/git/diss/benchmarking/models/srv/srv.prism --prop /rwthfs/rz/cluster/home/tq429871/git/diss/benchmarking/models/srv/srv-B000Unf0-RtRtachievability.props -const 'B=0,Unf=0' --timemem --statistics --sound '--topological:minmax' svi '--native:method' svi '--topological:relevant-values' --absolute
Current working directory: /rwthfs/rz/cluster/home/tq429871/git/diss/benchmarking/scripts

Time for model input parsing: 0.006s.

Time for model construction: 0.357s.

-------------------------------------------------------------- 
Model type: 	MDP (sparse)
States: 	47296
Transitions: 	99424
Choices: 	90448
Reward Models:  time, interaction
State Labels: 	2 labels
   * deadlock -> 0 item(s)
   * init -> 1 item(s)
Choice Labels: 	none
-------------------------------------------------------------- 

Model checking property "RtRt": multi(R[exp]{"time"}<=6595600297/100000000 [C], R[exp]{"interaction"}>=18/5 [C]) ...
Preprocessing done in 0.060s seconds.
 Result: 
---------------------------------------------------------------------------------------------------------------------------------------
                                                       Multi-objective Query                                              
---------------------------------------------------------------------------------------------------------------------------------------

Original Formula: 
--------------------------------------------------------------
	multi(R[exp]{"time"}<=6595600297/100000000 [C], R[exp]{"interaction"}>=18/5 [C])

The query considers 2 objectives:
--------------------------------------------------------------
Original: R[exp]{"time"}<=6595600297/100000000 [C] 	Preprocessed: R[exp]{"time"}min<=6595600297/100000000 [C] 	result bounds: >=0
Original: R[exp]{"interaction"}>=18/5 [C] 	Preprocessed: R[exp]{"interaction"}max>=18/5 [C] 	result bounds: >=0
Number of Long-Run-Average Reward Objectives (after preprocessing): 0.
Number of Total Reward Objectives (after preprocessing): 2.
--------------------------------------------------------------

Original Model Information:
-------------------------------------------------------------- 
Model type: 	MDP (sparse)
States: 	47296
Transitions: 	99424
Choices: 	90448
Reward Models:  time, interaction
State Labels: 	2 labels
   * deadlock -> 0 item(s)
   * init -> 1 item(s)
Choice Labels: 	none
-------------------------------------------------------------- 

Preprocessed Model Information:
-------------------------------------------------------------- 
Model type: 	MDP (sparse)
States: 	47248
Transitions: 	99376
Choices: 	90400
Reward Models:  time, interaction
State Labels: 	3 labels
   * deadl -> 3048 item(s)
   * deadlock -> 0 item(s)
   * init -> 1 item(s)
Choice Labels: 	none
-------------------------------------------------------------- 

---------------------------------------------------------------------------------------------------------------------------------------

Weight Vector Checker Statistics:
Final preprocessed model has 44201 states.
Final preprocessed model has 87353 actions.

Pareto Curve Approximation Algorithm terminated after 3 refinement steps.
Solving multi-objective query took 0.870s seconds (consisting of 0.060s seconds for preprocessing and 0.809s seconds for analyzing the preprocessed model).
Result (for initial states): false

Time for model checking: 0.870s.

Performance statistics:
  * peak memory usage: 78MB
  * CPU time: 1.230s
  * wallclock time: 1.244s


############################## Notes ##############################
Storm. check achievability objectives using sound value iteration
