Command:	~/storm/build/bin/storm --prism /rwthfs/rz/cluster/home/tq429871/git/diss/benchmarking/models/rab/rab5.prism --prop /rwthfs/rz/cluster/home/tq429871/git/diss/benchmarking/models/rab/rab-N5-LrLrachievability.props --timemem --statistics --sound --topological:minmax svi --native:method svi --topological:relevant-values --absolute
Wallclock time:	1703.9060583114624
Return code:	0
Output:
Storm 1.7.1 (dev)

Date: Sat Dec 17 18:55:10 2022
Command line arguments: --prism /rwthfs/rz/cluster/home/tq429871/git/diss/benchmarking/models/rab/rab5.prism --prop /rwthfs/rz/cluster/home/tq429871/git/diss/benchmarking/models/rab/rab-N5-LrLrachievability.props --timemem --statistics --sound '--topological:minmax' svi '--native:method' svi '--topological:relevant-values' --absolute
Current working directory: /rwthfs/rz/cluster/home/tq429871/git/diss/benchmarking/scripts

Time for model input parsing: 0.005s.

Time for model construction: 107.618s.

-------------------------------------------------------------- 
Model type: 	MDP (sparse)
States: 	14348966
Transitions: 	82381930
Choices: 	26091220
Reward Models:  trying, critical
State Labels: 	2 labels
   * deadlock -> 0 item(s)
   * init -> 1 item(s)
Choice Labels: 	none
-------------------------------------------------------------- 

Model checking property "LrLr": multi(R[exp]{"trying"}>=10826136009/2500000000 [LRA], R[exp]{"critical"}>=8047834795800001/10000000000000000 [LRA]) ...
Preprocessing done in 24.627s seconds.
 Result: 
---------------------------------------------------------------------------------------------------------------------------------------
                                                       Multi-objective Query                                              
---------------------------------------------------------------------------------------------------------------------------------------

Original Formula: 
--------------------------------------------------------------
	multi(R[exp]{"trying"}>=10826136009/2500000000 [LRA], R[exp]{"critical"}>=8047834795800001/10000000000000000 [LRA])

The query considers 2 objectives:
--------------------------------------------------------------
Original: R[exp]{"trying"}>=10826136009/2500000000 [LRA] 	Preprocessed: R[exp]{"trying"}max>=10826136009/2500000000 [LRA] 	result bounds: >=0
Original: R[exp]{"critical"}>=8047834795800001/10000000000000000 [LRA] 	Preprocessed: R[exp]{"critical"}max>=8047834795800001/10000000000000000 [LRA] 	result bounds: >=0
Number of Long-Run-Average Reward Objectives (after preprocessing): 2.
Number of Total Reward Objectives (after preprocessing): 0.
--------------------------------------------------------------

Original Model Information:
-------------------------------------------------------------- 
Model type: 	MDP (sparse)
States: 	14348966
Transitions: 	82381930
Choices: 	26091220
Reward Models:  trying, critical
State Labels: 	2 labels
   * deadlock -> 0 item(s)
   * init -> 1 item(s)
Choice Labels: 	none
-------------------------------------------------------------- 

Preprocessed Model Information:
-------------------------------------------------------------- 
Model type: 	MDP (sparse)
States: 	14348966
Transitions: 	82381930
Choices: 	26091220
Reward Models:  critical, trying
State Labels: 	2 labels
   * init -> 1 item(s)
   * deadlock -> 0 item(s)
Choice Labels: 	none
-------------------------------------------------------------- 

---------------------------------------------------------------------------------------------------------------------------------------

Weight Vector Checker Statistics:
Final preprocessed model has 14348966 states.
Final preprocessed model has 26091220 actions.
Found 1 end components that are relevant for LRA-analysis.
14348966 states lie on such an end component.

Pareto Curve Approximation Algorithm terminated after 3 refinement steps.
Solving multi-objective query took 1596.049s seconds (consisting of 24.627s seconds for preprocessing and 1571.229s seconds for analyzing the preprocessed model).
Result (for initial states): false

Time for model checking: 1596.056s.

Performance statistics:
  * peak memory usage: 14678MB
  * CPU time: 1676.405s
  * wallclock time: 1703.792s


############################## Notes ##############################
Storm. check achievability objectives using sound value iteration
