Command:	~/storm/build/bin/storm --prism /rwthfs/rz/cluster/home/tq429871/git/diss/benchmarking/models/res/res.prism --prop /rwthfs/rz/cluster/home/tq429871/git/diss/benchmarking/models/res/res-B100CAP1M1Unf1-PfPfachievability.props -const B=100,CAP=1,M=1,Unf=1 --timemem --statistics --sound --topological:minmax svi --native:method svi --topological:relevant-values --absolute
Wallclock time:	4179.623403310776
Return code:	-9
Output:
Storm 1.7.1 (dev)

Date: Sat Dec 17 20:21:31 2022
Command line arguments: --prism /rwthfs/rz/cluster/home/tq429871/git/diss/benchmarking/models/res/res.prism --prop /rwthfs/rz/cluster/home/tq429871/git/diss/benchmarking/models/res/res-B100CAP1M1Unf1-PfPfachievability.props -const 'B=100,CAP=1,M=1,Unf=1' --timemem --statistics --sound '--topological:minmax' svi '--native:method' svi '--topological:relevant-values' --absolute
Current working directory: /rwthfs/rz/cluster/home/tq429871/git/diss/benchmarking/scripts

Time for model input parsing: 0.005s.

Time for model construction: 3985.145s.

-------------------------------------------------------------- 
Model type: 	MDP (sparse)
States: 	275069570
Transitions: 	954186282
Choices: 	883853610
Reward Models:  none
State Labels: 	4 labels
   * deadlock -> 0 item(s)
   * ((csteps >= 0) & (cgold = 0)) -> 924477 item(s)
   * init -> 1 item(s)
   * ((csteps >= 0) & (cgem = 0)) -> 3959927 item(s)
Choice Labels: 	none
-------------------------------------------------------------- 

Model checking property "PfPf": multi(P>=9/20 [F ((csteps >= 0) & (cgold = 0))], P>=9/20 [F ((csteps >= 0) & (cgem = 0))]) ...


############################## Notes ##############################
Storm. check achievability objectives using sound value iteration
