Command:	~/storm/build/bin/storm --prism /rwthfs/rz/cluster/home/tq429871/git/diss/benchmarking/models/rov/rov.prism --prop /rwthfs/rz/cluster/home/tq429871/git/diss/benchmarking/models/rov/rov-B0030Unf2-PfPfachievability.props -const B=30,Unf=2 --timemem --statistics --sound --topological:minmax svi --native:method svi --topological:relevant-values --absolute
Wallclock time:	258.0416188240051
Return code:	0
Output:
Storm 1.7.1 (dev)

Date: Sat Dec 17 22:27:53 2022
Command line arguments: --prism /rwthfs/rz/cluster/home/tq429871/git/diss/benchmarking/models/rov/rov.prism --prop /rwthfs/rz/cluster/home/tq429871/git/diss/benchmarking/models/rov/rov-B0030Unf2-PfPfachievability.props -const 'B=30,Unf=2' --timemem --statistics --sound '--topological:minmax' svi '--native:method' svi '--topological:relevant-values' --absolute
Current working directory: /rwthfs/rz/cluster/home/tq429871/git/diss/benchmarking/scripts

Time for model input parsing: 0.005s.

Time for model construction: 28.812s.

-------------------------------------------------------------- 
Model type: 	MDP (sparse)
States: 	4743010
Transitions: 	8893142
Choices: 	5928762
Reward Models:  none
State Labels: 	6 labels
   * init -> 1 item(s)
   * valueCollected -> 60370 item(s)
   * exceedTime -> 78578 item(s)
   * deadlock -> 0 item(s)
   * exceedEnergy -> 40610 item(s)
   * done -> 296439 item(s)
Choice Labels: 	none
-------------------------------------------------------------- 

Model checking property "PfPf": multi(P>=9/10 [F "valueCollected"], P>=9/10 [F (((!"exceedTime") & (!"exceedEnergy")) & (done))]) ...
Preprocessing done in 22.052s seconds.
 Result: 
---------------------------------------------------------------------------------------------------------------------------------------
                                                       Multi-objective Query                                              
---------------------------------------------------------------------------------------------------------------------------------------

Original Formula: 
--------------------------------------------------------------
	multi(P>=9/10 [F "valueCollected"], P>=9/10 [F (((!"exceedTime") & (!"exceedEnergy")) & (done))])

The query considers 2 objectives:
--------------------------------------------------------------
Original: P>=9/10 [F "valueCollected"] 	Preprocessed: R[exp]{"obj1"}max>=9/10 [C] 	result bounds: [0, 1]
Original: P>=9/10 [F (((!"exceedTime") & (!"exceedEnergy")) & (done))] 	Preprocessed: R[exp]{"obj2"}max>=9/10 [C] 	result bounds: [0, 1]
Number of Long-Run-Average Reward Objectives (after preprocessing): 0.
Number of Total Reward Objectives (after preprocessing): 2.
--------------------------------------------------------------

Original Model Information:
-------------------------------------------------------------- 
Model type: 	MDP (sparse)
States: 	4743010
Transitions: 	8893142
Choices: 	5928762
Reward Models:  none
State Labels: 	6 labels
   * init -> 1 item(s)
   * valueCollected -> 60370 item(s)
   * exceedTime -> 78578 item(s)
   * deadlock -> 0 item(s)
   * exceedEnergy -> 40610 item(s)
   * done -> 296439 item(s)
Choice Labels: 	none
-------------------------------------------------------------- 

Preprocessed Model Information:
-------------------------------------------------------------- 
Model type: 	MDP (sparse)
States: 	4741524
Transitions: 	8890270
Choices: 	5926880
Reward Models:  obj2, obj1
State Labels: 	7 labels
   * deadl -> 300029 item(s)
   * deadlock -> 0 item(s)
   * exceedEnergy -> 40114 item(s)
   * done -> 296339 item(s)
   * exceedTime -> 77587 item(s)
   * valueCollected -> 58884 item(s)
   * init -> 1 item(s)
Choice Labels: 	none
-------------------------------------------------------------- 

---------------------------------------------------------------------------------------------------------------------------------------

Weight Vector Checker Statistics:
Final preprocessed model has 4441496 states.
Final preprocessed model has 5626852 actions.

Pareto Curve Approximation Algorithm terminated after 4 refinement steps.
Solving multi-objective query took 229.096s seconds (consisting of 22.052s seconds for preprocessing and 206.998s seconds for analyzing the preprocessed model).
Result (for initial states): true

Time for model checking: 229.098s.

Performance statistics:
  * peak memory usage: 2564MB
  * CPU time: 250.861s
  * wallclock time: 257.927s


############################## Notes ##############################
Storm. check achievability objectives using sound value iteration
