Command:	~/storm/build/bin/storm --prism /rwthfs/rz/cluster/home/tq429871/git/diss/benchmarking/models/rov/rov.prism --prop /rwthfs/rz/cluster/home/tq429871/git/diss/benchmarking/models/rov/rov-B0100Unf1-RtRtachievability.props -const B=100,Unf=1 --timemem --statistics --sound --topological:minmax svi --native:method svi --topological:relevant-values --absolute
Wallclock time:	0.21524834632873535
Return code:	0
Output:
Storm 1.7.1 (dev)

Date: Sat Dec 17 23:35:33 2022
Command line arguments: --prism /rwthfs/rz/cluster/home/tq429871/git/diss/benchmarking/models/rov/rov.prism --prop /rwthfs/rz/cluster/home/tq429871/git/diss/benchmarking/models/rov/rov-B0100Unf1-RtRtachievability.props -const 'B=100,Unf=1' --timemem --statistics --sound '--topological:minmax' svi '--native:method' svi '--topological:relevant-values' --absolute
Current working directory: /rwthfs/rz/cluster/home/tq429871/git/diss/benchmarking/scripts

Time for model input parsing: 0.004s.

Time for model construction: 0.046s.

-------------------------------------------------------------- 
Model type: 	MDP (sparse)
States: 	3751
Transitions: 	7001
Choices: 	4501
Reward Models:  time, energy
State Labels: 	2 labels
   * deadlock -> 1 item(s)
   * init -> 1 item(s)
Choice Labels: 	none
-------------------------------------------------------------- 

Model checking property "RtRt": multi(R[exp]{"time"}<=4583333351300001/10000000000000 [C], R[exp]{"energy"}<=22000000000000003/50000000000000 [C]) ...
Preprocessing done in 0.003s seconds.
 Result: 
---------------------------------------------------------------------------------------------------------------------------------------
                                                       Multi-objective Query                                              
---------------------------------------------------------------------------------------------------------------------------------------

Original Formula: 
--------------------------------------------------------------
	multi(R[exp]{"time"}<=4583333351300001/10000000000000 [C], R[exp]{"energy"}<=22000000000000003/50000000000000 [C])

The query considers 2 objectives:
--------------------------------------------------------------
Original: R[exp]{"time"}<=4583333351300001/10000000000000 [C] 	Preprocessed: R[exp]{"time"}min<=4583333351300001/10000000000000 [C] 	result bounds: >=0
Original: R[exp]{"energy"}<=22000000000000003/50000000000000 [C] 	Preprocessed: R[exp]{"energy"}min<=22000000000000003/50000000000000 [C] 	result bounds: >=0
Number of Long-Run-Average Reward Objectives (after preprocessing): 0.
Number of Total Reward Objectives (after preprocessing): 2.
--------------------------------------------------------------

Original Model Information:
-------------------------------------------------------------- 
Model type: 	MDP (sparse)
States: 	3751
Transitions: 	7001
Choices: 	4501
Reward Models:  time, energy
State Labels: 	2 labels
   * deadlock -> 1 item(s)
   * init -> 1 item(s)
Choice Labels: 	none
-------------------------------------------------------------- 

Preprocessed Model Information:
-------------------------------------------------------------- 
Model type: 	MDP (sparse)
States: 	3751
Transitions: 	7001
Choices: 	4501
Reward Models:  time, energy
State Labels: 	3 labels
   * deadl -> 1 item(s)
   * deadlock -> 1 item(s)
   * init -> 1 item(s)
Choice Labels: 	none
-------------------------------------------------------------- 

---------------------------------------------------------------------------------------------------------------------------------------

Weight Vector Checker Statistics:
Final preprocessed model has 3751 states.
Final preprocessed model has 4501 actions.

Pareto Curve Approximation Algorithm terminated after 3 refinement steps.
Solving multi-objective query took 0.094s seconds (consisting of 0.003s seconds for preprocessing and 0.090s seconds for analyzing the preprocessed model).
Result (for initial states): false

Time for model checking: 0.094s.

Performance statistics:
  * peak memory usage: 51MB
  * CPU time: 0.167s
  * wallclock time: 0.152s


############################## Notes ##############################
Storm. check achievability objectives using sound value iteration
