Command:	~/storm/build/bin/storm --prism /rwthfs/rz/cluster/home/tq429871/git/diss/benchmarking/models/rov/rov.prism --prop /rwthfs/rz/cluster/home/tq429871/git/diss/benchmarking/models/rov/rov-B0010Unf1-RtRtachievability.props -const B=10,Unf=1 --timemem --statistics --sound --topological:minmax svi --native:method svi --topological:relevant-values --absolute
Wallclock time:	0.14858150482177734
Return code:	0
Output:
Storm 1.7.1 (dev)

Date: Sat Dec 17 21:31:08 2022
Command line arguments: --prism /rwthfs/rz/cluster/home/tq429871/git/diss/benchmarking/models/rov/rov.prism --prop /rwthfs/rz/cluster/home/tq429871/git/diss/benchmarking/models/rov/rov-B0010Unf1-RtRtachievability.props -const 'B=10,Unf=1' --timemem --statistics --sound '--topological:minmax' svi '--native:method' svi '--topological:relevant-values' --absolute
Current working directory: /rwthfs/rz/cluster/home/tq429871/git/diss/benchmarking/scripts

Time for model input parsing: 0.004s.

Time for model construction: 0.024s.

-------------------------------------------------------------- 
Model type: 	MDP (sparse)
States: 	376
Transitions: 	701
Choices: 	451
Reward Models:  time, energy
State Labels: 	2 labels
   * deadlock -> 1 item(s)
   * init -> 1 item(s)
Choice Labels: 	none
-------------------------------------------------------------- 

Model checking property "RtRt": multi(R[exp]{"time"}<=11458333381000001/250000000000000 [C], R[exp]{"energy"}<=4399999993400001/100000000000000 [C]) ...
Preprocessing done in 0.000s seconds.
 Result: 
---------------------------------------------------------------------------------------------------------------------------------------
                                                       Multi-objective Query                                              
---------------------------------------------------------------------------------------------------------------------------------------

Original Formula: 
--------------------------------------------------------------
	multi(R[exp]{"time"}<=11458333381000001/250000000000000 [C], R[exp]{"energy"}<=4399999993400001/100000000000000 [C])

The query considers 2 objectives:
--------------------------------------------------------------
Original: R[exp]{"time"}<=11458333381000001/250000000000000 [C] 	Preprocessed: R[exp]{"time"}min<=11458333381000001/250000000000000 [C] 	result bounds: >=0
Original: R[exp]{"energy"}<=4399999993400001/100000000000000 [C] 	Preprocessed: R[exp]{"energy"}min<=4399999993400001/100000000000000 [C] 	result bounds: >=0
Number of Long-Run-Average Reward Objectives (after preprocessing): 0.
Number of Total Reward Objectives (after preprocessing): 2.
--------------------------------------------------------------

Original Model Information:
-------------------------------------------------------------- 
Model type: 	MDP (sparse)
States: 	376
Transitions: 	701
Choices: 	451
Reward Models:  time, energy
State Labels: 	2 labels
   * deadlock -> 1 item(s)
   * init -> 1 item(s)
Choice Labels: 	none
-------------------------------------------------------------- 

Preprocessed Model Information:
-------------------------------------------------------------- 
Model type: 	MDP (sparse)
States: 	376
Transitions: 	701
Choices: 	451
Reward Models:  time, energy
State Labels: 	3 labels
   * deadl -> 1 item(s)
   * deadlock -> 1 item(s)
   * init -> 1 item(s)
Choice Labels: 	none
-------------------------------------------------------------- 

---------------------------------------------------------------------------------------------------------------------------------------

Weight Vector Checker Statistics:
Final preprocessed model has 376 states.
Final preprocessed model has 451 actions.

Pareto Curve Approximation Algorithm terminated after 3 refinement steps.
Solving multi-objective query took 0.053s seconds (consisting of 0.000s seconds for preprocessing and 0.053s seconds for analyzing the preprocessed model).
Result (for initial states): false

Time for model checking: 0.053s.

Performance statistics:
  * peak memory usage: 50MB
  * CPU time: 0.100s
  * wallclock time: 0.089s


############################## Notes ##############################
Storm. check achievability objectives using sound value iteration
