Command:	~/storm/build/bin/storm --prism /rwthfs/rz/cluster/home/tq429871/git/diss/benchmarking/models/sen/sen2.prism --prop /rwthfs/rz/cluster/home/tq429871/git/diss/benchmarking/models/sen/sen-N2-LrLrLrachievability.props --timemem --statistics --sound --topological:minmax svi --native:method svi --topological:relevant-values --absolute
Wallclock time:	0.565852165222168
Return code:	0
Output:
Storm 1.7.1 (dev)

Date: Sun Dec 18 05:32:38 2022
Command line arguments: --prism /rwthfs/rz/cluster/home/tq429871/git/diss/benchmarking/models/sen/sen2.prism --prop /rwthfs/rz/cluster/home/tq429871/git/diss/benchmarking/models/sen/sen-N2-LrLrLrachievability.props --timemem --statistics --sound '--topological:minmax' svi '--native:method' svi '--topological:relevant-values' --absolute
Current working directory: /rwthfs/rz/cluster/home/tq429871/git/diss/benchmarking/scripts

Time for model input parsing: 0.004s.

Time for model construction: 0.076s.

-------------------------------------------------------------- 
Model type: 	MDP (sparse)
States: 	7860
Transitions: 	26624
Choices: 	24584
Reward Models:  working, success, failure
State Labels: 	2 labels
   * deadlock -> 0 item(s)
   * init -> 1 item(s)
Choice Labels: 	none
-------------------------------------------------------------- 

Model checking property "LrLrLr": multi(R[exp]{"working"}>=14062499901/25000000000 [LRA], R[exp]{"success"}>=86400000837/100000000000 [LRA], R[exp]{"failure"}>=3744000963/100000000000 [LRA]) ...
Preprocessing done in 0.014s seconds.
 Result: 
---------------------------------------------------------------------------------------------------------------------------------------
                                                       Multi-objective Query                                              
---------------------------------------------------------------------------------------------------------------------------------------

Original Formula: 
--------------------------------------------------------------
	multi(R[exp]{"working"}>=14062499901/25000000000 [LRA], R[exp]{"success"}>=86400000837/100000000000 [LRA], R[exp]{"failure"}>=3744000963/100000000000 [LRA])

The query considers 3 objectives:
--------------------------------------------------------------
Original: R[exp]{"working"}>=14062499901/25000000000 [LRA] 	Preprocessed: R[exp]{"working"}max>=14062499901/25000000000 [LRA] 	result bounds: >=0
Original: R[exp]{"success"}>=86400000837/100000000000 [LRA] 	Preprocessed: R[exp]{"success"}max>=86400000837/100000000000 [LRA] 	result bounds: >=0
Original: R[exp]{"failure"}>=3744000963/100000000000 [LRA] 	Preprocessed: R[exp]{"failure"}max>=3744000963/100000000000 [LRA] 	result bounds: >=0
Number of Long-Run-Average Reward Objectives (after preprocessing): 3.
Number of Total Reward Objectives (after preprocessing): 0.
--------------------------------------------------------------

Original Model Information:
-------------------------------------------------------------- 
Model type: 	MDP (sparse)
States: 	7860
Transitions: 	26624
Choices: 	24584
Reward Models:  working, success, failure
State Labels: 	2 labels
   * deadlock -> 0 item(s)
   * init -> 1 item(s)
Choice Labels: 	none
-------------------------------------------------------------- 

Preprocessed Model Information:
-------------------------------------------------------------- 
Model type: 	MDP (sparse)
States: 	7860
Transitions: 	26618
Choices: 	24578
Reward Models:  working, success, failure
State Labels: 	3 labels
   * deadl -> 6 item(s)
   * deadlock -> 0 item(s)
   * init -> 1 item(s)
Choice Labels: 	none
-------------------------------------------------------------- 

---------------------------------------------------------------------------------------------------------------------------------------

Weight Vector Checker Statistics:
Final preprocessed model has 7855 states.
Final preprocessed model has 24573 actions.
Found 3996 end components that are relevant for LRA-analysis.
6105 states lie on such an end component.

Pareto Curve Approximation Algorithm terminated after 4 refinement steps.
Solving multi-objective query took 0.417s seconds (consisting of 0.014s seconds for preprocessing and 0.401s seconds for analyzing the preprocessed model).
Result (for initial states): false

Time for model checking: 0.417s.

Performance statistics:
  * peak memory usage: 56MB
  * CPU time: 0.500s
  * wallclock time: 0.506s


############################## Notes ##############################
Storm. check achievability objectives using sound value iteration
