Command:	~/storm/build/bin/storm --prism /rwthfs/rz/cluster/home/tq429871/git/diss/benchmarking/models/ejs/ejs3.prism --prop /rwthfs/rz/cluster/home/tq429871/git/diss/benchmarking/models/ejs/ejs-N3B005Unf1-RtRtachievability.props -const B=5,Unf=1 --timemem --statistics --sound --topological:minmax svi --native:method svi --topological:relevant-values --absolute
Wallclock time:	0.5021805763244629
Return code:	0
Output:
Storm 1.7.1 (dev)

Date: Sat Dec 17 03:41:44 2022
Command line arguments: --prism /rwthfs/rz/cluster/home/tq429871/git/diss/benchmarking/models/ejs/ejs3.prism --prop /rwthfs/rz/cluster/home/tq429871/git/diss/benchmarking/models/ejs/ejs-N3B005Unf1-RtRtachievability.props -const 'B=5,Unf=1' --timemem --statistics --sound '--topological:minmax' svi '--native:method' svi '--topological:relevant-values' --absolute
Current working directory: /rwthfs/rz/cluster/home/tq429871/git/diss/benchmarking/scripts

Time for model input parsing: 0.007s.

Time for model construction: 0.240s.

-------------------------------------------------------------- 
Model type: 	MDP (sparse)
States: 	20052
Transitions: 	44396
Choices: 	24187
Reward Models:  ticks, energyGlobal
State Labels: 	2 labels
   * deadlock -> 1440 item(s)
   * init -> 1 item(s)
Choice Labels: 	none
-------------------------------------------------------------- 

Model checking property "RtRt": multi(R[exp]{"energyGlobal"}<=7351632057/25000000 [C], R[exp]{"ticks"}<=15072788357/500000000 [C]) ...
Preprocessing done in 0.021s seconds.
 Result: 
---------------------------------------------------------------------------------------------------------------------------------------
                                                       Multi-objective Query                                              
---------------------------------------------------------------------------------------------------------------------------------------

Original Formula: 
--------------------------------------------------------------
	multi(R[exp]{"energyGlobal"}<=7351632057/25000000 [C], R[exp]{"ticks"}<=15072788357/500000000 [C])

The query considers 2 objectives:
--------------------------------------------------------------
Original: R[exp]{"energyGlobal"}<=7351632057/25000000 [C] 	Preprocessed: R[exp]{"energyGlobal"}min<=7351632057/25000000 [C] 	result bounds: >=0
Original: R[exp]{"ticks"}<=15072788357/500000000 [C] 	Preprocessed: R[exp]{"ticks"}min<=15072788357/500000000 [C] 	result bounds: >=0
Number of Long-Run-Average Reward Objectives (after preprocessing): 0.
Number of Total Reward Objectives (after preprocessing): 2.
--------------------------------------------------------------

Original Model Information:
-------------------------------------------------------------- 
Model type: 	MDP (sparse)
States: 	20052
Transitions: 	44396
Choices: 	24187
Reward Models:  ticks, energyGlobal
State Labels: 	2 labels
   * deadlock -> 1440 item(s)
   * init -> 1 item(s)
Choice Labels: 	none
-------------------------------------------------------------- 

Preprocessed Model Information:
-------------------------------------------------------------- 
Model type: 	MDP (sparse)
States: 	20052
Transitions: 	44396
Choices: 	24187
Reward Models:  ticks, energyGlobal
State Labels: 	3 labels
   * deadl -> 1440 item(s)
   * deadlock -> 1440 item(s)
   * init -> 1 item(s)
Choice Labels: 	none
-------------------------------------------------------------- 

---------------------------------------------------------------------------------------------------------------------------------------

Weight Vector Checker Statistics:
Final preprocessed model has 18613 states.
Final preprocessed model has 22748 actions.

Pareto Curve Approximation Algorithm terminated after 3 refinement steps.
Solving multi-objective query took 0.175s seconds (consisting of 0.021s seconds for preprocessing and 0.154s seconds for analyzing the preprocessed model).
Result (for initial states): true

Time for model checking: 0.175s.

Performance statistics:
  * peak memory usage: 58MB
  * CPU time: 0.437s
  * wallclock time: 0.431s


############################## Notes ##############################
Storm. check achievability objectives using sound value iteration
