Command:	~/storm/build/bin/storm --prism /rwthfs/rz/cluster/home/tq429871/git/diss/benchmarking/models/rab/rab3.prism --prop /rwthfs/rz/cluster/home/tq429871/git/diss/benchmarking/models/rab/rab-N3-LrLrachievability.props --timemem --statistics --sound --topological:minmax svi --native:method svi --topological:relevant-values --absolute
Wallclock time:	0.9349155426025391
Return code:	0
Output:
Storm 1.7.1 (dev)

Date: Sat Dec 17 18:45:01 2022
Command line arguments: --prism /rwthfs/rz/cluster/home/tq429871/git/diss/benchmarking/models/rab/rab3.prism --prop /rwthfs/rz/cluster/home/tq429871/git/diss/benchmarking/models/rab/rab-N3-LrLrachievability.props --timemem --statistics --sound '--topological:minmax' svi '--native:method' svi '--topological:relevant-values' --absolute
Current working directory: /rwthfs/rz/cluster/home/tq429871/git/diss/benchmarking/scripts

Time for model input parsing: 0.004s.

Time for model construction: 0.155s.

-------------------------------------------------------------- 
Model type: 	MDP (sparse)
States: 	27766
Transitions: 	137802
Choices: 	45636
Reward Models:  trying, critical
State Labels: 	2 labels
   * deadlock -> 0 item(s)
   * init -> 1 item(s)
Choice Labels: 	none
-------------------------------------------------------------- 

Model checking property "LrLr": multi(R[exp]{"trying"}>=12411030321/5000000000 [LRA], R[exp]{"critical"}>=19285714413/25000000000 [LRA]) ...
Preprocessing done in 0.026s seconds.
 Result: 
---------------------------------------------------------------------------------------------------------------------------------------
                                                       Multi-objective Query                                              
---------------------------------------------------------------------------------------------------------------------------------------

Original Formula: 
--------------------------------------------------------------
	multi(R[exp]{"trying"}>=12411030321/5000000000 [LRA], R[exp]{"critical"}>=19285714413/25000000000 [LRA])

The query considers 2 objectives:
--------------------------------------------------------------
Original: R[exp]{"trying"}>=12411030321/5000000000 [LRA] 	Preprocessed: R[exp]{"trying"}max>=12411030321/5000000000 [LRA] 	result bounds: >=0
Original: R[exp]{"critical"}>=19285714413/25000000000 [LRA] 	Preprocessed: R[exp]{"critical"}max>=19285714413/25000000000 [LRA] 	result bounds: >=0
Number of Long-Run-Average Reward Objectives (after preprocessing): 2.
Number of Total Reward Objectives (after preprocessing): 0.
--------------------------------------------------------------

Original Model Information:
-------------------------------------------------------------- 
Model type: 	MDP (sparse)
States: 	27766
Transitions: 	137802
Choices: 	45636
Reward Models:  trying, critical
State Labels: 	2 labels
   * deadlock -> 0 item(s)
   * init -> 1 item(s)
Choice Labels: 	none
-------------------------------------------------------------- 

Preprocessed Model Information:
-------------------------------------------------------------- 
Model type: 	MDP (sparse)
States: 	27766
Transitions: 	137802
Choices: 	45636
Reward Models:  critical, trying
State Labels: 	2 labels
   * init -> 1 item(s)
   * deadlock -> 0 item(s)
Choice Labels: 	none
-------------------------------------------------------------- 

---------------------------------------------------------------------------------------------------------------------------------------

Weight Vector Checker Statistics:
Final preprocessed model has 27766 states.
Final preprocessed model has 45636 actions.
Found 1 end components that are relevant for LRA-analysis.
27766 states lie on such an end component.

Pareto Curve Approximation Algorithm terminated after 3 refinement steps.
Solving multi-objective query took 0.707s seconds (consisting of 0.026s seconds for preprocessing and 0.680s seconds for analyzing the preprocessed model).
Result (for initial states): false

Time for model checking: 0.707s.

Performance statistics:
  * peak memory usage: 69MB
  * CPU time: 0.871s
  * wallclock time: 0.873s


############################## Notes ##############################
Storm. check achievability objectives using sound value iteration
