Command:	~/storm/build/bin/storm --prism /rwthfs/rz/cluster/home/tq429871/git/diss/benchmarking/models/tea/tea2.prism --prop /rwthfs/rz/cluster/home/tq429871/git/diss/benchmarking/models/tea/tea-N2-PfRtachievability.props --timemem --statistics --sound --topological:minmax svi --native:method svi --topological:relevant-values --absolute
Wallclock time:	0.14947509765625
Return code:	0
Output:
Storm 1.7.1 (dev)

Date: Sun Dec 18 08:31:43 2022
Command line arguments: --prism /rwthfs/rz/cluster/home/tq429871/git/diss/benchmarking/models/tea/tea2.prism --prop /rwthfs/rz/cluster/home/tq429871/git/diss/benchmarking/models/tea/tea-N2-PfRtachievability.props --timemem --statistics --sound '--topological:minmax' svi '--native:method' svi '--topological:relevant-values' --absolute
Current working directory: /rwthfs/rz/cluster/home/tq429871/git/diss/benchmarking/scripts

Time for model input parsing: 0.009s.

Time for model construction: 0.035s.

-------------------------------------------------------------- 
Model type: 	MDP (sparse)
States: 	1847
Transitions: 	2288
Choices: 	2191
Reward Models:  w_1_total
State Labels: 	3 labels
   * deadlock -> 0 item(s)
   * init -> 1 item(s)
   * ((((status = 4) & ((t1_r1 = 1) => (((m1_t1 = 1) & (1 = 1)) | ((m2_t1 = 1) & (2 = 1))))) & ((t1_r2 = 1) => (((m1_t1 = 1) & (1 = 2)) | ((m2_t1 = 1) & (2 = 2))))) & ((t1_r3 = 1) => (((m1_t1 = 1) & (1 = 3)) | ((m2_t1 = 1) & (2 = 3))))) -> 58 item(s)
Choice Labels: 	none
-------------------------------------------------------------- 

Model checking property "PfRt": multi(P>=7714285714800001/20000000000000000 [F ((((status = 4) & ((t1_r1 = 1) => (((m1_t1 = 1) & (1 = 1)) | ((m2_t1 = 1) & (2 = 1))))) & ((t1_r2 = 1) => (((m1_t1 = 1) & (1 = 2)) | ((m2_t1 = 1) & (2 = 2))))) & ((t1_r3 = 1) => (((m1_t1 = 1) & (1 = 3)) | ((m2_t1 = 1) & (2 = 3)))))], R[exp]{"w_1_total"}>=88163265303/100000000000 [C]) ...
Preprocessing done in 0.002s seconds.
 Result: 
---------------------------------------------------------------------------------------------------------------------------------------
                                                       Multi-objective Query                                              
---------------------------------------------------------------------------------------------------------------------------------------

Original Formula: 
--------------------------------------------------------------
	multi(P>=7714285714800001/20000000000000000 [F ((((status = 4) & ((t1_r1 = 1) => (((m1_t1 = 1) & (1 = 1)) | ((m2_t1 = 1) & (2 = 1))))) & ((t1_r2 = 1) => (((m1_t1 = 1) & (1 = 2)) | ((m2_t1 = 1) & (2 = 2))))) & ((t1_r3 = 1) => (((m1_t1 = 1) & (1 = 3)) | ((m2_t1 = 1) & (2 = 3)))))], R[exp]{"w_1_total"}>=88163265303/100000000000 [C])

The query considers 2 objectives:
--------------------------------------------------------------
Original: P>=7714285714800001/20000000000000000 [F ((((status = 4) & ((t1_r1 = 1) => (((m1_t1 = 1) & (1 = 1)) | ((m2_t1 = 1) & (2 = 1))))) & ((t1_r2 = 1) => (((m1_t1 = 1) & (1 = 2)) | ((m2_t1 = 1) & (2 = 2))))) & ((t1_r3 = 1) => (((m1_t1 = 1) & (1 = 3)) | ((m2_t1 = 1) & (2 = 3)))))] 	Preprocessed: R[exp]{"obj1"}max>=7714285714800001/20000000000000000 [C] 	result bounds: [0, 1]
Original: R[exp]{"w_1_total"}>=88163265303/100000000000 [C] 	Preprocessed: R[exp]{"w_1_total"}max>=88163265303/100000000000 [C] 	result bounds: >=0
Number of Long-Run-Average Reward Objectives (after preprocessing): 0.
Number of Total Reward Objectives (after preprocessing): 2.
--------------------------------------------------------------

Original Model Information:
-------------------------------------------------------------- 
Model type: 	MDP (sparse)
States: 	1847
Transitions: 	2288
Choices: 	2191
Reward Models:  w_1_total
State Labels: 	3 labels
   * deadlock -> 0 item(s)
   * init -> 1 item(s)
   * ((((status = 4) & ((t1_r1 = 1) => (((m1_t1 = 1) & (1 = 1)) | ((m2_t1 = 1) & (2 = 1))))) & ((t1_r2 = 1) => (((m1_t1 = 1) & (1 = 2)) | ((m2_t1 = 1) & (2 = 2))))) & ((t1_r3 = 1) => (((m1_t1 = 1) & (1 = 3)) | ((m2_t1 = 1) & (2 = 3))))) -> 58 item(s)
Choice Labels: 	none
-------------------------------------------------------------- 

Preprocessed Model Information:
-------------------------------------------------------------- 
Model type: 	MDP (sparse)
States: 	865
Transitions: 	1154
Choices: 	1057
Reward Models:  obj1, w_1_total
State Labels: 	4 labels
   * deadl -> 290 item(s)
   * ((((status = 4) & ((t1_r1 = 1) => (((m1_t1 = 1) & (1 = 1)) | ((m2_t1 = 1) & (2 = 1))))) & ((t1_r2 = 1) => (((m1_t1 = 1) & (1 = 2)) | ((m2_t1 = 1) & (2 = 2))))) & ((t1_r3 = 1) => (((m1_t1 = 1) & (1 = 3)) | ((m2_t1 = 1) & (2 = 3))))) -> 58 item(s)
   * deadlock -> 0 item(s)
   * init -> 1 item(s)
Choice Labels: 	none
-------------------------------------------------------------- 

---------------------------------------------------------------------------------------------------------------------------------------

Weight Vector Checker Statistics:
Final preprocessed model has 576 states.
Final preprocessed model has 768 actions.

Pareto Curve Approximation Algorithm terminated after 2 refinement steps.
Solving multi-objective query took 0.031s seconds (consisting of 0.002s seconds for preprocessing and 0.029s seconds for analyzing the preprocessed model).
Result (for initial states): true

Time for model checking: 0.031s.

Performance statistics:
  * peak memory usage: 50MB
  * CPU time: 0.106s
  * wallclock time: 0.085s


############################## Notes ##############################
Storm. check achievability objectives using sound value iteration
